ARM GAS  /tmp/ccbJLp6j.s 			page 1


   1              		.cpu cortex-m0
   2              		.eabi_attribute 20, 1
   3              		.eabi_attribute 21, 1
   4              		.eabi_attribute 23, 3
   5              		.eabi_attribute 24, 1
   6              		.eabi_attribute 25, 1
   7              		.eabi_attribute 26, 1
   8              		.eabi_attribute 30, 1
   9              		.eabi_attribute 34, 0
  10              		.eabi_attribute 18, 4
  11              		.file	"gpio.c"
  12              		.text
  13              	.Ltext0:
  14              		.cfi_sections	.debug_frame
  15              		.section	.text.MX_GPIO_Init,"ax",%progbits
  16              		.align	1
  17              		.global	MX_GPIO_Init
  18              		.arch armv6s-m
  19              		.syntax unified
  20              		.code	16
  21              		.thumb_func
  22              		.fpu softvfp
  24              	MX_GPIO_Init:
  25              	.LFB40:
  26              		.file 1 "Core/Src/gpio.c"
   1:Core/Src/gpio.c **** /* USER CODE BEGIN Header */
   2:Core/Src/gpio.c **** /**
   3:Core/Src/gpio.c ****   ******************************************************************************
   4:Core/Src/gpio.c ****   * @file    gpio.c
   5:Core/Src/gpio.c ****   * @brief   This file provides code for the configuration
   6:Core/Src/gpio.c ****   *          of all used GPIO pins.
   7:Core/Src/gpio.c ****   ******************************************************************************
   8:Core/Src/gpio.c ****   * @attention
   9:Core/Src/gpio.c ****   *
  10:Core/Src/gpio.c ****   * Copyright (c) 2024 STMicroelectronics.
  11:Core/Src/gpio.c ****   * All rights reserved.
  12:Core/Src/gpio.c ****   *
  13:Core/Src/gpio.c ****   * This software is licensed under terms that can be found in the LICENSE file
  14:Core/Src/gpio.c ****   * in the root directory of this software component.
  15:Core/Src/gpio.c ****   * If no LICENSE file comes with this software, it is provided AS-IS.
  16:Core/Src/gpio.c ****   *
  17:Core/Src/gpio.c ****   ******************************************************************************
  18:Core/Src/gpio.c ****   */
  19:Core/Src/gpio.c **** /* USER CODE END Header */
  20:Core/Src/gpio.c **** 
  21:Core/Src/gpio.c **** /* Includes ------------------------------------------------------------------*/
  22:Core/Src/gpio.c **** #include "gpio.h"
  23:Core/Src/gpio.c **** 
  24:Core/Src/gpio.c **** /* USER CODE BEGIN 0 */
  25:Core/Src/gpio.c **** 
  26:Core/Src/gpio.c **** /* USER CODE END 0 */
  27:Core/Src/gpio.c **** 
  28:Core/Src/gpio.c **** /*----------------------------------------------------------------------------*/
  29:Core/Src/gpio.c **** /* Configure GPIO                                                             */
  30:Core/Src/gpio.c **** /*----------------------------------------------------------------------------*/
  31:Core/Src/gpio.c **** /* USER CODE BEGIN 1 */
  32:Core/Src/gpio.c **** 
ARM GAS  /tmp/ccbJLp6j.s 			page 2


  33:Core/Src/gpio.c **** /* USER CODE END 1 */
  34:Core/Src/gpio.c **** 
  35:Core/Src/gpio.c **** /** Configure pins as
  36:Core/Src/gpio.c ****         * Analog
  37:Core/Src/gpio.c ****         * Input
  38:Core/Src/gpio.c ****         * Output
  39:Core/Src/gpio.c ****         * EVENT_OUT
  40:Core/Src/gpio.c ****         * EXTI
  41:Core/Src/gpio.c **** */
  42:Core/Src/gpio.c **** void MX_GPIO_Init(void)
  43:Core/Src/gpio.c **** {
  27              		.loc 1 43 1 view -0
  28              		.cfi_startproc
  29              		@ args = 0, pretend = 0, frame = 32
  30              		@ frame_needed = 0, uses_anonymous_args = 0
  31 0000 00B5     		push	{lr}
  32              	.LCFI0:
  33              		.cfi_def_cfa_offset 4
  34              		.cfi_offset 14, -4
  35 0002 89B0     		sub	sp, sp, #36
  36              	.LCFI1:
  37              		.cfi_def_cfa_offset 40
  44:Core/Src/gpio.c **** 
  45:Core/Src/gpio.c ****   GPIO_InitTypeDef GPIO_InitStruct = {0};
  38              		.loc 1 45 3 view .LVU1
  39              		.loc 1 45 20 is_stmt 0 view .LVU2
  40 0004 1422     		movs	r2, #20
  41 0006 0021     		movs	r1, #0
  42 0008 03A8     		add	r0, sp, #12
  43 000a FFF7FEFF 		bl	memset
  44              	.LVL0:
  46:Core/Src/gpio.c **** 
  47:Core/Src/gpio.c ****   /* GPIO Ports Clock Enable */
  48:Core/Src/gpio.c ****   __HAL_RCC_GPIOF_CLK_ENABLE();
  45              		.loc 1 48 3 is_stmt 1 view .LVU3
  46              	.LBB2:
  47              		.loc 1 48 3 view .LVU4
  48              		.loc 1 48 3 view .LVU5
  49 000e 124B     		ldr	r3, .L2
  50 0010 5969     		ldr	r1, [r3, #20]
  51 0012 8020     		movs	r0, #128
  52 0014 C003     		lsls	r0, r0, #15
  53 0016 0143     		orrs	r1, r0
  54 0018 5961     		str	r1, [r3, #20]
  55              		.loc 1 48 3 view .LVU6
  56 001a 5A69     		ldr	r2, [r3, #20]
  57 001c 0240     		ands	r2, r0
  58 001e 0092     		str	r2, [sp]
  59              		.loc 1 48 3 view .LVU7
  60 0020 009A     		ldr	r2, [sp]
  61              	.LBE2:
  62              		.loc 1 48 3 view .LVU8
  49:Core/Src/gpio.c ****   __HAL_RCC_GPIOA_CLK_ENABLE();
  63              		.loc 1 49 3 view .LVU9
  64              	.LBB3:
  65              		.loc 1 49 3 view .LVU10
  66              		.loc 1 49 3 view .LVU11
ARM GAS  /tmp/ccbJLp6j.s 			page 3


  67 0022 5969     		ldr	r1, [r3, #20]
  68 0024 8020     		movs	r0, #128
  69 0026 8002     		lsls	r0, r0, #10
  70 0028 0143     		orrs	r1, r0
  71 002a 5961     		str	r1, [r3, #20]
  72              		.loc 1 49 3 view .LVU12
  73 002c 5A69     		ldr	r2, [r3, #20]
  74 002e 0240     		ands	r2, r0
  75 0030 0192     		str	r2, [sp, #4]
  76              		.loc 1 49 3 view .LVU13
  77 0032 019A     		ldr	r2, [sp, #4]
  78              	.LBE3:
  79              		.loc 1 49 3 view .LVU14
  50:Core/Src/gpio.c ****   __HAL_RCC_GPIOB_CLK_ENABLE();
  80              		.loc 1 50 3 view .LVU15
  81              	.LBB4:
  82              		.loc 1 50 3 view .LVU16
  83              		.loc 1 50 3 view .LVU17
  84 0034 5A69     		ldr	r2, [r3, #20]
  85 0036 8021     		movs	r1, #128
  86 0038 C902     		lsls	r1, r1, #11
  87 003a 0A43     		orrs	r2, r1
  88 003c 5A61     		str	r2, [r3, #20]
  89              		.loc 1 50 3 view .LVU18
  90 003e 5B69     		ldr	r3, [r3, #20]
  91 0040 0B40     		ands	r3, r1
  92 0042 0293     		str	r3, [sp, #8]
  93              		.loc 1 50 3 view .LVU19
  94 0044 029B     		ldr	r3, [sp, #8]
  95              	.LBE4:
  96              		.loc 1 50 3 view .LVU20
  51:Core/Src/gpio.c **** 
  52:Core/Src/gpio.c ****   /*Configure GPIO pin : PB5 */
  53:Core/Src/gpio.c ****   GPIO_InitStruct.Pin = GPIO_PIN_5;
  97              		.loc 1 53 3 view .LVU21
  98              		.loc 1 53 23 is_stmt 0 view .LVU22
  99 0046 2023     		movs	r3, #32
 100 0048 0393     		str	r3, [sp, #12]
  54:Core/Src/gpio.c ****   GPIO_InitStruct.Mode = GPIO_MODE_INPUT;
 101              		.loc 1 54 3 is_stmt 1 view .LVU23
  55:Core/Src/gpio.c ****   GPIO_InitStruct.Pull = GPIO_NOPULL;
 102              		.loc 1 55 3 view .LVU24
  56:Core/Src/gpio.c ****   HAL_GPIO_Init(GPIOB, &GPIO_InitStruct);
 103              		.loc 1 56 3 view .LVU25
 104 004a 03A9     		add	r1, sp, #12
 105 004c 0348     		ldr	r0, .L2+4
 106 004e FFF7FEFF 		bl	HAL_GPIO_Init
 107              	.LVL1:
  57:Core/Src/gpio.c **** 
  58:Core/Src/gpio.c **** }
 108              		.loc 1 58 1 is_stmt 0 view .LVU26
 109 0052 09B0     		add	sp, sp, #36
 110              		@ sp needed
 111 0054 00BD     		pop	{pc}
 112              	.L3:
 113 0056 C046     		.align	2
 114              	.L2:
ARM GAS  /tmp/ccbJLp6j.s 			page 4


 115 0058 00100240 		.word	1073876992
 116 005c 00040048 		.word	1207960576
 117              		.cfi_endproc
 118              	.LFE40:
 120              		.text
 121              	.Letext0:
 122              		.file 2 "/usr/lib/gcc/arm-none-eabi/10.3.1/include/stdint.h"
 123              		.file 3 "Drivers/CMSIS/Device/ST/STM32F0xx/Include/stm32f051x8.h"
 124              		.file 4 "Drivers/STM32F0xx_HAL_Driver/Inc/stm32f0xx_hal_gpio.h"
 125              		.file 5 "<built-in>"
ARM GAS  /tmp/ccbJLp6j.s 			page 5


DEFINED SYMBOLS
                            *ABS*:0000000000000000 gpio.c
     /tmp/ccbJLp6j.s:16     .text.MX_GPIO_Init:0000000000000000 $t
     /tmp/ccbJLp6j.s:24     .text.MX_GPIO_Init:0000000000000000 MX_GPIO_Init
     /tmp/ccbJLp6j.s:115    .text.MX_GPIO_Init:0000000000000058 $d

UNDEFINED SYMBOLS
memset
HAL_GPIO_Init
