ARM GAS  /tmp/ccaUttmX.s 			page 1


   1              		.cpu cortex-m0
   2              		.eabi_attribute 20, 1
   3              		.eabi_attribute 21, 1
   4              		.eabi_attribute 23, 3
   5              		.eabi_attribute 24, 1
   6              		.eabi_attribute 25, 1
   7              		.eabi_attribute 26, 1
   8              		.eabi_attribute 30, 1
   9              		.eabi_attribute 34, 0
  10              		.eabi_attribute 18, 4
  11              		.file	"i2c.c"
  12              		.text
  13              	.Ltext0:
  14              		.cfi_sections	.debug_frame
  15              		.section	.text.MX_I2C1_Init,"ax",%progbits
  16              		.align	1
  17              		.global	MX_I2C1_Init
  18              		.arch armv6s-m
  19              		.syntax unified
  20              		.code	16
  21              		.thumb_func
  22              		.fpu softvfp
  24              	MX_I2C1_Init:
  25              	.LFB40:
  26              		.file 1 "Core/Src/i2c.c"
   1:Core/Src/i2c.c **** /* USER CODE BEGIN Header */
   2:Core/Src/i2c.c **** /**
   3:Core/Src/i2c.c ****   ******************************************************************************
   4:Core/Src/i2c.c ****   * @file    i2c.c
   5:Core/Src/i2c.c ****   * @brief   This file provides code for the configuration
   6:Core/Src/i2c.c ****   *          of the I2C instances.
   7:Core/Src/i2c.c ****   ******************************************************************************
   8:Core/Src/i2c.c ****   * @attention
   9:Core/Src/i2c.c ****   *
  10:Core/Src/i2c.c ****   * Copyright (c) 2024 STMicroelectronics.
  11:Core/Src/i2c.c ****   * All rights reserved.
  12:Core/Src/i2c.c ****   *
  13:Core/Src/i2c.c ****   * This software is licensed under terms that can be found in the LICENSE file
  14:Core/Src/i2c.c ****   * in the root directory of this software component.
  15:Core/Src/i2c.c ****   * If no LICENSE file comes with this software, it is provided AS-IS.
  16:Core/Src/i2c.c ****   *
  17:Core/Src/i2c.c ****   ******************************************************************************
  18:Core/Src/i2c.c ****   */
  19:Core/Src/i2c.c **** /* USER CODE END Header */
  20:Core/Src/i2c.c **** /* Includes ------------------------------------------------------------------*/
  21:Core/Src/i2c.c **** #include "i2c.h"
  22:Core/Src/i2c.c **** 
  23:Core/Src/i2c.c **** /* USER CODE BEGIN 0 */
  24:Core/Src/i2c.c **** 
  25:Core/Src/i2c.c **** /* USER CODE END 0 */
  26:Core/Src/i2c.c **** 
  27:Core/Src/i2c.c **** I2C_HandleTypeDef hi2c1;
  28:Core/Src/i2c.c **** 
  29:Core/Src/i2c.c **** /* I2C1 init function */
  30:Core/Src/i2c.c **** void MX_I2C1_Init(void)
  31:Core/Src/i2c.c **** {
  27              		.loc 1 31 1 view -0
ARM GAS  /tmp/ccaUttmX.s 			page 2


  28              		.cfi_startproc
  29              		@ args = 0, pretend = 0, frame = 0
  30              		@ frame_needed = 0, uses_anonymous_args = 0
  31 0000 10B5     		push	{r4, lr}
  32              	.LCFI0:
  33              		.cfi_def_cfa_offset 8
  34              		.cfi_offset 4, -8
  35              		.cfi_offset 14, -4
  32:Core/Src/i2c.c **** 
  33:Core/Src/i2c.c ****   /* USER CODE BEGIN I2C1_Init 0 */
  34:Core/Src/i2c.c **** 
  35:Core/Src/i2c.c ****   /* USER CODE END I2C1_Init 0 */
  36:Core/Src/i2c.c **** 
  37:Core/Src/i2c.c ****   /* USER CODE BEGIN I2C1_Init 1 */
  38:Core/Src/i2c.c **** 
  39:Core/Src/i2c.c ****   /* USER CODE END I2C1_Init 1 */
  40:Core/Src/i2c.c ****   hi2c1.Instance = I2C1;
  36              		.loc 1 40 3 view .LVU1
  37              		.loc 1 40 18 is_stmt 0 view .LVU2
  38 0002 1448     		ldr	r0, .L8
  39 0004 144B     		ldr	r3, .L8+4
  40 0006 0360     		str	r3, [r0]
  41:Core/Src/i2c.c ****   hi2c1.Init.Timing = 0x0000020B;
  41              		.loc 1 41 3 is_stmt 1 view .LVU3
  42              		.loc 1 41 21 is_stmt 0 view .LVU4
  43 0008 144B     		ldr	r3, .L8+8
  44 000a 4360     		str	r3, [r0, #4]
  42:Core/Src/i2c.c ****   hi2c1.Init.OwnAddress1 = 0;
  45              		.loc 1 42 3 is_stmt 1 view .LVU5
  46              		.loc 1 42 26 is_stmt 0 view .LVU6
  47 000c 0023     		movs	r3, #0
  48 000e 8360     		str	r3, [r0, #8]
  43:Core/Src/i2c.c ****   hi2c1.Init.AddressingMode = I2C_ADDRESSINGMODE_7BIT;
  49              		.loc 1 43 3 is_stmt 1 view .LVU7
  50              		.loc 1 43 29 is_stmt 0 view .LVU8
  51 0010 0122     		movs	r2, #1
  52 0012 C260     		str	r2, [r0, #12]
  44:Core/Src/i2c.c ****   hi2c1.Init.DualAddressMode = I2C_DUALADDRESS_DISABLE;
  53              		.loc 1 44 3 is_stmt 1 view .LVU9
  54              		.loc 1 44 30 is_stmt 0 view .LVU10
  55 0014 0361     		str	r3, [r0, #16]
  45:Core/Src/i2c.c ****   hi2c1.Init.OwnAddress2 = 0;
  56              		.loc 1 45 3 is_stmt 1 view .LVU11
  57              		.loc 1 45 26 is_stmt 0 view .LVU12
  58 0016 4361     		str	r3, [r0, #20]
  46:Core/Src/i2c.c ****   hi2c1.Init.OwnAddress2Masks = I2C_OA2_NOMASK;
  59              		.loc 1 46 3 is_stmt 1 view .LVU13
  60              		.loc 1 46 31 is_stmt 0 view .LVU14
  61 0018 8361     		str	r3, [r0, #24]
  47:Core/Src/i2c.c ****   hi2c1.Init.GeneralCallMode = I2C_GENERALCALL_DISABLE;
  62              		.loc 1 47 3 is_stmt 1 view .LVU15
  63              		.loc 1 47 30 is_stmt 0 view .LVU16
  64 001a C361     		str	r3, [r0, #28]
  48:Core/Src/i2c.c ****   hi2c1.Init.NoStretchMode = I2C_NOSTRETCH_DISABLE;
  65              		.loc 1 48 3 is_stmt 1 view .LVU17
  66              		.loc 1 48 28 is_stmt 0 view .LVU18
  67 001c 0362     		str	r3, [r0, #32]
ARM GAS  /tmp/ccaUttmX.s 			page 3


  49:Core/Src/i2c.c ****   if (HAL_I2C_Init(&hi2c1) != HAL_OK)
  68              		.loc 1 49 3 is_stmt 1 view .LVU19
  69              		.loc 1 49 7 is_stmt 0 view .LVU20
  70 001e FFF7FEFF 		bl	HAL_I2C_Init
  71              	.LVL0:
  72              		.loc 1 49 6 view .LVU21
  73 0022 0028     		cmp	r0, #0
  74 0024 0CD1     		bne	.L5
  75              	.L2:
  50:Core/Src/i2c.c ****   {
  51:Core/Src/i2c.c ****     Error_Handler();
  52:Core/Src/i2c.c ****   }
  53:Core/Src/i2c.c **** 
  54:Core/Src/i2c.c ****   /** Configure Analogue filter
  55:Core/Src/i2c.c ****   */
  56:Core/Src/i2c.c ****   if (HAL_I2CEx_ConfigAnalogFilter(&hi2c1, I2C_ANALOGFILTER_ENABLE) != HAL_OK)
  76              		.loc 1 56 3 is_stmt 1 view .LVU22
  77              		.loc 1 56 7 is_stmt 0 view .LVU23
  78 0026 0021     		movs	r1, #0
  79 0028 0A48     		ldr	r0, .L8
  80 002a FFF7FEFF 		bl	HAL_I2CEx_ConfigAnalogFilter
  81              	.LVL1:
  82              		.loc 1 56 6 view .LVU24
  83 002e 0028     		cmp	r0, #0
  84 0030 09D1     		bne	.L6
  85              	.L3:
  57:Core/Src/i2c.c ****   {
  58:Core/Src/i2c.c ****     Error_Handler();
  59:Core/Src/i2c.c ****   }
  60:Core/Src/i2c.c **** 
  61:Core/Src/i2c.c ****   /** Configure Digital filter
  62:Core/Src/i2c.c ****   */
  63:Core/Src/i2c.c ****   if (HAL_I2CEx_ConfigDigitalFilter(&hi2c1, 0) != HAL_OK)
  86              		.loc 1 63 3 is_stmt 1 view .LVU25
  87              		.loc 1 63 7 is_stmt 0 view .LVU26
  88 0032 0021     		movs	r1, #0
  89 0034 0748     		ldr	r0, .L8
  90 0036 FFF7FEFF 		bl	HAL_I2CEx_ConfigDigitalFilter
  91              	.LVL2:
  92              		.loc 1 63 6 view .LVU27
  93 003a 0028     		cmp	r0, #0
  94 003c 06D1     		bne	.L7
  95              	.L1:
  64:Core/Src/i2c.c ****   {
  65:Core/Src/i2c.c ****     Error_Handler();
  66:Core/Src/i2c.c ****   }
  67:Core/Src/i2c.c ****   /* USER CODE BEGIN I2C1_Init 2 */
  68:Core/Src/i2c.c **** 
  69:Core/Src/i2c.c ****   /* USER CODE END I2C1_Init 2 */
  70:Core/Src/i2c.c **** 
  71:Core/Src/i2c.c **** }
  96              		.loc 1 71 1 view .LVU28
  97              		@ sp needed
  98 003e 10BD     		pop	{r4, pc}
  99              	.L5:
  51:Core/Src/i2c.c ****   }
 100              		.loc 1 51 5 is_stmt 1 view .LVU29
ARM GAS  /tmp/ccaUttmX.s 			page 4


 101 0040 FFF7FEFF 		bl	Error_Handler
 102              	.LVL3:
 103 0044 EFE7     		b	.L2
 104              	.L6:
  58:Core/Src/i2c.c ****   }
 105              		.loc 1 58 5 view .LVU30
 106 0046 FFF7FEFF 		bl	Error_Handler
 107              	.LVL4:
 108 004a F2E7     		b	.L3
 109              	.L7:
  65:Core/Src/i2c.c ****   }
 110              		.loc 1 65 5 view .LVU31
 111 004c FFF7FEFF 		bl	Error_Handler
 112              	.LVL5:
 113              		.loc 1 71 1 is_stmt 0 view .LVU32
 114 0050 F5E7     		b	.L1
 115              	.L9:
 116 0052 C046     		.align	2
 117              	.L8:
 118 0054 00000000 		.word	.LANCHOR0
 119 0058 00540040 		.word	1073763328
 120 005c 0B020000 		.word	523
 121              		.cfi_endproc
 122              	.LFE40:
 124              		.section	.text.HAL_I2C_MspInit,"ax",%progbits
 125              		.align	1
 126              		.global	HAL_I2C_MspInit
 127              		.syntax unified
 128              		.code	16
 129              		.thumb_func
 130              		.fpu softvfp
 132              	HAL_I2C_MspInit:
 133              	.LVL6:
 134              	.LFB41:
  72:Core/Src/i2c.c **** 
  73:Core/Src/i2c.c **** void HAL_I2C_MspInit(I2C_HandleTypeDef* i2cHandle)
  74:Core/Src/i2c.c **** {
 135              		.loc 1 74 1 is_stmt 1 view -0
 136              		.cfi_startproc
 137              		@ args = 0, pretend = 0, frame = 32
 138              		@ frame_needed = 0, uses_anonymous_args = 0
 139              		.loc 1 74 1 is_stmt 0 view .LVU34
 140 0000 10B5     		push	{r4, lr}
 141              	.LCFI1:
 142              		.cfi_def_cfa_offset 8
 143              		.cfi_offset 4, -8
 144              		.cfi_offset 14, -4
 145 0002 88B0     		sub	sp, sp, #32
 146              	.LCFI2:
 147              		.cfi_def_cfa_offset 40
 148 0004 0400     		movs	r4, r0
  75:Core/Src/i2c.c **** 
  76:Core/Src/i2c.c ****   GPIO_InitTypeDef GPIO_InitStruct = {0};
 149              		.loc 1 76 3 is_stmt 1 view .LVU35
 150              		.loc 1 76 20 is_stmt 0 view .LVU36
 151 0006 1422     		movs	r2, #20
 152 0008 0021     		movs	r1, #0
ARM GAS  /tmp/ccaUttmX.s 			page 5


 153 000a 03A8     		add	r0, sp, #12
 154              	.LVL7:
 155              		.loc 1 76 20 view .LVU37
 156 000c FFF7FEFF 		bl	memset
 157              	.LVL8:
  77:Core/Src/i2c.c ****   if(i2cHandle->Instance==I2C1)
 158              		.loc 1 77 3 is_stmt 1 view .LVU38
 159              		.loc 1 77 15 is_stmt 0 view .LVU39
 160 0010 2268     		ldr	r2, [r4]
 161              		.loc 1 77 5 view .LVU40
 162 0012 164B     		ldr	r3, .L13
 163 0014 9A42     		cmp	r2, r3
 164 0016 01D0     		beq	.L12
 165              	.LVL9:
 166              	.L10:
  78:Core/Src/i2c.c ****   {
  79:Core/Src/i2c.c ****   /* USER CODE BEGIN I2C1_MspInit 0 */
  80:Core/Src/i2c.c **** 
  81:Core/Src/i2c.c ****   /* USER CODE END I2C1_MspInit 0 */
  82:Core/Src/i2c.c **** 
  83:Core/Src/i2c.c ****     __HAL_RCC_GPIOB_CLK_ENABLE();
  84:Core/Src/i2c.c ****     /**I2C1 GPIO Configuration
  85:Core/Src/i2c.c ****     PB6     ------> I2C1_SCL
  86:Core/Src/i2c.c ****     PB7     ------> I2C1_SDA
  87:Core/Src/i2c.c ****     */
  88:Core/Src/i2c.c ****     GPIO_InitStruct.Pin = GPIO_PIN_6|GPIO_PIN_7;
  89:Core/Src/i2c.c ****     GPIO_InitStruct.Mode = GPIO_MODE_AF_OD;
  90:Core/Src/i2c.c ****     GPIO_InitStruct.Pull = GPIO_NOPULL;
  91:Core/Src/i2c.c ****     GPIO_InitStruct.Speed = GPIO_SPEED_FREQ_HIGH;
  92:Core/Src/i2c.c ****     GPIO_InitStruct.Alternate = GPIO_AF1_I2C1;
  93:Core/Src/i2c.c ****     HAL_GPIO_Init(GPIOB, &GPIO_InitStruct);
  94:Core/Src/i2c.c **** 
  95:Core/Src/i2c.c ****     /* I2C1 clock enable */
  96:Core/Src/i2c.c ****     __HAL_RCC_I2C1_CLK_ENABLE();
  97:Core/Src/i2c.c **** 
  98:Core/Src/i2c.c ****     /* I2C1 interrupt Init */
  99:Core/Src/i2c.c ****     HAL_NVIC_SetPriority(I2C1_IRQn, 0, 0);
 100:Core/Src/i2c.c ****     HAL_NVIC_EnableIRQ(I2C1_IRQn);
 101:Core/Src/i2c.c ****   /* USER CODE BEGIN I2C1_MspInit 1 */
 102:Core/Src/i2c.c **** 
 103:Core/Src/i2c.c ****   /* USER CODE END I2C1_MspInit 1 */
 104:Core/Src/i2c.c ****   }
 105:Core/Src/i2c.c **** }
 167              		.loc 1 105 1 view .LVU41
 168 0018 08B0     		add	sp, sp, #32
 169              		@ sp needed
 170 001a 10BD     		pop	{r4, pc}
 171              	.LVL10:
 172              	.L12:
  83:Core/Src/i2c.c ****     /**I2C1 GPIO Configuration
 173              		.loc 1 83 5 is_stmt 1 view .LVU42
 174              	.LBB2:
  83:Core/Src/i2c.c ****     /**I2C1 GPIO Configuration
 175              		.loc 1 83 5 view .LVU43
  83:Core/Src/i2c.c ****     /**I2C1 GPIO Configuration
 176              		.loc 1 83 5 view .LVU44
 177 001c 144C     		ldr	r4, .L13+4
ARM GAS  /tmp/ccaUttmX.s 			page 6


 178              	.LVL11:
  83:Core/Src/i2c.c ****     /**I2C1 GPIO Configuration
 179              		.loc 1 83 5 is_stmt 0 view .LVU45
 180 001e 6269     		ldr	r2, [r4, #20]
 181 0020 8021     		movs	r1, #128
 182 0022 C902     		lsls	r1, r1, #11
 183 0024 0A43     		orrs	r2, r1
 184 0026 6261     		str	r2, [r4, #20]
  83:Core/Src/i2c.c ****     /**I2C1 GPIO Configuration
 185              		.loc 1 83 5 is_stmt 1 view .LVU46
 186 0028 6369     		ldr	r3, [r4, #20]
 187 002a 0B40     		ands	r3, r1
 188 002c 0193     		str	r3, [sp, #4]
  83:Core/Src/i2c.c ****     /**I2C1 GPIO Configuration
 189              		.loc 1 83 5 view .LVU47
 190 002e 019B     		ldr	r3, [sp, #4]
 191              	.LBE2:
  83:Core/Src/i2c.c ****     /**I2C1 GPIO Configuration
 192              		.loc 1 83 5 view .LVU48
  88:Core/Src/i2c.c ****     GPIO_InitStruct.Mode = GPIO_MODE_AF_OD;
 193              		.loc 1 88 5 view .LVU49
  88:Core/Src/i2c.c ****     GPIO_InitStruct.Mode = GPIO_MODE_AF_OD;
 194              		.loc 1 88 25 is_stmt 0 view .LVU50
 195 0030 C023     		movs	r3, #192
 196 0032 0393     		str	r3, [sp, #12]
  89:Core/Src/i2c.c ****     GPIO_InitStruct.Pull = GPIO_NOPULL;
 197              		.loc 1 89 5 is_stmt 1 view .LVU51
  89:Core/Src/i2c.c ****     GPIO_InitStruct.Pull = GPIO_NOPULL;
 198              		.loc 1 89 26 is_stmt 0 view .LVU52
 199 0034 AE3B     		subs	r3, r3, #174
 200 0036 0493     		str	r3, [sp, #16]
  90:Core/Src/i2c.c ****     GPIO_InitStruct.Speed = GPIO_SPEED_FREQ_HIGH;
 201              		.loc 1 90 5 is_stmt 1 view .LVU53
  91:Core/Src/i2c.c ****     GPIO_InitStruct.Alternate = GPIO_AF1_I2C1;
 202              		.loc 1 91 5 view .LVU54
  91:Core/Src/i2c.c ****     GPIO_InitStruct.Alternate = GPIO_AF1_I2C1;
 203              		.loc 1 91 27 is_stmt 0 view .LVU55
 204 0038 0F3B     		subs	r3, r3, #15
 205 003a 0693     		str	r3, [sp, #24]
  92:Core/Src/i2c.c ****     HAL_GPIO_Init(GPIOB, &GPIO_InitStruct);
 206              		.loc 1 92 5 is_stmt 1 view .LVU56
  92:Core/Src/i2c.c ****     HAL_GPIO_Init(GPIOB, &GPIO_InitStruct);
 207              		.loc 1 92 31 is_stmt 0 view .LVU57
 208 003c 023B     		subs	r3, r3, #2
 209 003e 0793     		str	r3, [sp, #28]
  93:Core/Src/i2c.c **** 
 210              		.loc 1 93 5 is_stmt 1 view .LVU58
 211 0040 03A9     		add	r1, sp, #12
 212 0042 0C48     		ldr	r0, .L13+8
 213 0044 FFF7FEFF 		bl	HAL_GPIO_Init
 214              	.LVL12:
  96:Core/Src/i2c.c **** 
 215              		.loc 1 96 5 view .LVU59
 216              	.LBB3:
  96:Core/Src/i2c.c **** 
 217              		.loc 1 96 5 view .LVU60
  96:Core/Src/i2c.c **** 
ARM GAS  /tmp/ccaUttmX.s 			page 7


 218              		.loc 1 96 5 view .LVU61
 219 0048 E269     		ldr	r2, [r4, #28]
 220 004a 8021     		movs	r1, #128
 221 004c 8903     		lsls	r1, r1, #14
 222 004e 0A43     		orrs	r2, r1
 223 0050 E261     		str	r2, [r4, #28]
  96:Core/Src/i2c.c **** 
 224              		.loc 1 96 5 view .LVU62
 225 0052 E369     		ldr	r3, [r4, #28]
 226 0054 0B40     		ands	r3, r1
 227 0056 0293     		str	r3, [sp, #8]
  96:Core/Src/i2c.c **** 
 228              		.loc 1 96 5 view .LVU63
 229 0058 029B     		ldr	r3, [sp, #8]
 230              	.LBE3:
  96:Core/Src/i2c.c **** 
 231              		.loc 1 96 5 view .LVU64
  99:Core/Src/i2c.c ****     HAL_NVIC_EnableIRQ(I2C1_IRQn);
 232              		.loc 1 99 5 view .LVU65
 233 005a 0022     		movs	r2, #0
 234 005c 0021     		movs	r1, #0
 235 005e 1720     		movs	r0, #23
 236 0060 FFF7FEFF 		bl	HAL_NVIC_SetPriority
 237              	.LVL13:
 100:Core/Src/i2c.c ****   /* USER CODE BEGIN I2C1_MspInit 1 */
 238              		.loc 1 100 5 view .LVU66
 239 0064 1720     		movs	r0, #23
 240 0066 FFF7FEFF 		bl	HAL_NVIC_EnableIRQ
 241              	.LVL14:
 242              		.loc 1 105 1 is_stmt 0 view .LVU67
 243 006a D5E7     		b	.L10
 244              	.L14:
 245              		.align	2
 246              	.L13:
 247 006c 00540040 		.word	1073763328
 248 0070 00100240 		.word	1073876992
 249 0074 00040048 		.word	1207960576
 250              		.cfi_endproc
 251              	.LFE41:
 253              		.section	.text.HAL_I2C_MspDeInit,"ax",%progbits
 254              		.align	1
 255              		.global	HAL_I2C_MspDeInit
 256              		.syntax unified
 257              		.code	16
 258              		.thumb_func
 259              		.fpu softvfp
 261              	HAL_I2C_MspDeInit:
 262              	.LVL15:
 263              	.LFB42:
 106:Core/Src/i2c.c **** 
 107:Core/Src/i2c.c **** void HAL_I2C_MspDeInit(I2C_HandleTypeDef* i2cHandle)
 108:Core/Src/i2c.c **** {
 264              		.loc 1 108 1 is_stmt 1 view -0
 265              		.cfi_startproc
 266              		@ args = 0, pretend = 0, frame = 0
 267              		@ frame_needed = 0, uses_anonymous_args = 0
 268              		.loc 1 108 1 is_stmt 0 view .LVU69
ARM GAS  /tmp/ccaUttmX.s 			page 8


 269 0000 10B5     		push	{r4, lr}
 270              	.LCFI3:
 271              		.cfi_def_cfa_offset 8
 272              		.cfi_offset 4, -8
 273              		.cfi_offset 14, -4
 109:Core/Src/i2c.c **** 
 110:Core/Src/i2c.c ****   if(i2cHandle->Instance==I2C1)
 274              		.loc 1 110 3 is_stmt 1 view .LVU70
 275              		.loc 1 110 15 is_stmt 0 view .LVU71
 276 0002 0268     		ldr	r2, [r0]
 277              		.loc 1 110 5 view .LVU72
 278 0004 0A4B     		ldr	r3, .L18
 279 0006 9A42     		cmp	r2, r3
 280 0008 00D0     		beq	.L17
 281              	.LVL16:
 282              	.L15:
 111:Core/Src/i2c.c ****   {
 112:Core/Src/i2c.c ****   /* USER CODE BEGIN I2C1_MspDeInit 0 */
 113:Core/Src/i2c.c **** 
 114:Core/Src/i2c.c ****   /* USER CODE END I2C1_MspDeInit 0 */
 115:Core/Src/i2c.c ****     /* Peripheral clock disable */
 116:Core/Src/i2c.c ****     __HAL_RCC_I2C1_CLK_DISABLE();
 117:Core/Src/i2c.c **** 
 118:Core/Src/i2c.c ****     /**I2C1 GPIO Configuration
 119:Core/Src/i2c.c ****     PB6     ------> I2C1_SCL
 120:Core/Src/i2c.c ****     PB7     ------> I2C1_SDA
 121:Core/Src/i2c.c ****     */
 122:Core/Src/i2c.c ****     HAL_GPIO_DeInit(GPIOB, GPIO_PIN_6);
 123:Core/Src/i2c.c **** 
 124:Core/Src/i2c.c ****     HAL_GPIO_DeInit(GPIOB, GPIO_PIN_7);
 125:Core/Src/i2c.c **** 
 126:Core/Src/i2c.c ****     /* I2C1 interrupt Deinit */
 127:Core/Src/i2c.c ****     HAL_NVIC_DisableIRQ(I2C1_IRQn);
 128:Core/Src/i2c.c ****   /* USER CODE BEGIN I2C1_MspDeInit 1 */
 129:Core/Src/i2c.c **** 
 130:Core/Src/i2c.c ****   /* USER CODE END I2C1_MspDeInit 1 */
 131:Core/Src/i2c.c ****   }
 132:Core/Src/i2c.c **** }
 283              		.loc 1 132 1 view .LVU73
 284              		@ sp needed
 285 000a 10BD     		pop	{r4, pc}
 286              	.LVL17:
 287              	.L17:
 116:Core/Src/i2c.c **** 
 288              		.loc 1 116 5 is_stmt 1 view .LVU74
 289 000c 094A     		ldr	r2, .L18+4
 290 000e D369     		ldr	r3, [r2, #28]
 291 0010 0949     		ldr	r1, .L18+8
 292 0012 0B40     		ands	r3, r1
 293 0014 D361     		str	r3, [r2, #28]
 122:Core/Src/i2c.c **** 
 294              		.loc 1 122 5 view .LVU75
 295 0016 094C     		ldr	r4, .L18+12
 296 0018 4021     		movs	r1, #64
 297 001a 2000     		movs	r0, r4
 298              	.LVL18:
 122:Core/Src/i2c.c **** 
ARM GAS  /tmp/ccaUttmX.s 			page 9


 299              		.loc 1 122 5 is_stmt 0 view .LVU76
 300 001c FFF7FEFF 		bl	HAL_GPIO_DeInit
 301              	.LVL19:
 124:Core/Src/i2c.c **** 
 302              		.loc 1 124 5 is_stmt 1 view .LVU77
 303 0020 8021     		movs	r1, #128
 304 0022 2000     		movs	r0, r4
 305 0024 FFF7FEFF 		bl	HAL_GPIO_DeInit
 306              	.LVL20:
 127:Core/Src/i2c.c ****   /* USER CODE BEGIN I2C1_MspDeInit 1 */
 307              		.loc 1 127 5 view .LVU78
 308 0028 1720     		movs	r0, #23
 309 002a FFF7FEFF 		bl	HAL_NVIC_DisableIRQ
 310              	.LVL21:
 311              		.loc 1 132 1 is_stmt 0 view .LVU79
 312 002e ECE7     		b	.L15
 313              	.L19:
 314              		.align	2
 315              	.L18:
 316 0030 00540040 		.word	1073763328
 317 0034 00100240 		.word	1073876992
 318 0038 FFFFDFFF 		.word	-2097153
 319 003c 00040048 		.word	1207960576
 320              		.cfi_endproc
 321              	.LFE42:
 323              		.global	hi2c1
 324              		.section	.bss.hi2c1,"aw",%nobits
 325              		.align	2
 326              		.set	.LANCHOR0,. + 0
 329              	hi2c1:
 330 0000 00000000 		.space	84
 330      00000000 
 330      00000000 
 330      00000000 
 330      00000000 
 331              		.text
 332              	.Letext0:
 333              		.file 2 "/usr/lib/gcc/arm-none-eabi/10.3.1/include/stdint.h"
 334              		.file 3 "Drivers/CMSIS/Device/ST/STM32F0xx/Include/stm32f051x8.h"
 335              		.file 4 "Drivers/STM32F0xx_HAL_Driver/Inc/stm32f0xx_hal_def.h"
 336              		.file 5 "Drivers/STM32F0xx_HAL_Driver/Inc/stm32f0xx_hal_gpio.h"
 337              		.file 6 "Drivers/STM32F0xx_HAL_Driver/Inc/stm32f0xx_hal_dma.h"
 338              		.file 7 "Drivers/STM32F0xx_HAL_Driver/Inc/stm32f0xx_hal_i2c.h"
 339              		.file 8 "Drivers/STM32F0xx_HAL_Driver/Inc/stm32f0xx_hal_cortex.h"
 340              		.file 9 "Drivers/STM32F0xx_HAL_Driver/Inc/stm32f0xx_hal_i2c_ex.h"
 341              		.file 10 "Core/Inc/main.h"
 342              		.file 11 "Core/Inc/i2c.h"
 343              		.file 12 "<built-in>"
ARM GAS  /tmp/ccaUttmX.s 			page 10


DEFINED SYMBOLS
                            *ABS*:0000000000000000 i2c.c
     /tmp/ccaUttmX.s:16     .text.MX_I2C1_Init:0000000000000000 $t
     /tmp/ccaUttmX.s:24     .text.MX_I2C1_Init:0000000000000000 MX_I2C1_Init
     /tmp/ccaUttmX.s:118    .text.MX_I2C1_Init:0000000000000054 $d
     /tmp/ccaUttmX.s:125    .text.HAL_I2C_MspInit:0000000000000000 $t
     /tmp/ccaUttmX.s:132    .text.HAL_I2C_MspInit:0000000000000000 HAL_I2C_MspInit
     /tmp/ccaUttmX.s:247    .text.HAL_I2C_MspInit:000000000000006c $d
     /tmp/ccaUttmX.s:254    .text.HAL_I2C_MspDeInit:0000000000000000 $t
     /tmp/ccaUttmX.s:261    .text.HAL_I2C_MspDeInit:0000000000000000 HAL_I2C_MspDeInit
     /tmp/ccaUttmX.s:316    .text.HAL_I2C_MspDeInit:0000000000000030 $d
     /tmp/ccaUttmX.s:329    .bss.hi2c1:0000000000000000 hi2c1
     /tmp/ccaUttmX.s:325    .bss.hi2c1:0000000000000000 $d

UNDEFINED SYMBOLS
HAL_I2C_Init
HAL_I2CEx_ConfigAnalogFilter
HAL_I2CEx_ConfigDigitalFilter
Error_Handler
memset
HAL_GPIO_Init
HAL_NVIC_SetPriority
HAL_NVIC_EnableIRQ
HAL_GPIO_DeInit
HAL_NVIC_DisableIRQ
