ARM GAS  /tmp/ccdeZ8JZ.s 			page 1


   1              		.cpu cortex-m0
   2              		.eabi_attribute 20, 1
   3              		.eabi_attribute 21, 1
   4              		.eabi_attribute 23, 3
   5              		.eabi_attribute 24, 1
   6              		.eabi_attribute 25, 1
   7              		.eabi_attribute 26, 1
   8              		.eabi_attribute 30, 1
   9              		.eabi_attribute 34, 0
  10              		.eabi_attribute 18, 4
  11              		.file	"stm32f0xx_hal_rcc_ex.c"
  12              		.text
  13              	.Ltext0:
  14              		.cfi_sections	.debug_frame
  15              		.section	.text.HAL_RCCEx_PeriphCLKConfig,"ax",%progbits
  16              		.align	1
  17              		.global	HAL_RCCEx_PeriphCLKConfig
  18              		.arch armv6s-m
  19              		.syntax unified
  20              		.code	16
  21              		.thumb_func
  22              		.fpu softvfp
  24              	HAL_RCCEx_PeriphCLKConfig:
  25              	.LVL0:
  26              	.LFB40:
  27              		.file 1 "Drivers/STM32F0xx_HAL_Driver/Src/stm32f0xx_hal_rcc_ex.c"
   1:Drivers/STM32F0xx_HAL_Driver/Src/stm32f0xx_hal_rcc_ex.c **** /**
   2:Drivers/STM32F0xx_HAL_Driver/Src/stm32f0xx_hal_rcc_ex.c ****   ******************************************************************************
   3:Drivers/STM32F0xx_HAL_Driver/Src/stm32f0xx_hal_rcc_ex.c ****   * @file    stm32f0xx_hal_rcc_ex.c
   4:Drivers/STM32F0xx_HAL_Driver/Src/stm32f0xx_hal_rcc_ex.c ****   * @author  MCD Application Team
   5:Drivers/STM32F0xx_HAL_Driver/Src/stm32f0xx_hal_rcc_ex.c ****   * @brief   Extended RCC HAL module driver.
   6:Drivers/STM32F0xx_HAL_Driver/Src/stm32f0xx_hal_rcc_ex.c ****   *          This file provides firmware functions to manage the following 
   7:Drivers/STM32F0xx_HAL_Driver/Src/stm32f0xx_hal_rcc_ex.c ****   *          functionalities RCC extension peripheral:
   8:Drivers/STM32F0xx_HAL_Driver/Src/stm32f0xx_hal_rcc_ex.c ****   *           + Extended Peripheral Control functions
   9:Drivers/STM32F0xx_HAL_Driver/Src/stm32f0xx_hal_rcc_ex.c ****   *           + Extended Clock Recovery System Control functions
  10:Drivers/STM32F0xx_HAL_Driver/Src/stm32f0xx_hal_rcc_ex.c ****   *
  11:Drivers/STM32F0xx_HAL_Driver/Src/stm32f0xx_hal_rcc_ex.c ****   ******************************************************************************
  12:Drivers/STM32F0xx_HAL_Driver/Src/stm32f0xx_hal_rcc_ex.c ****   * @attention
  13:Drivers/STM32F0xx_HAL_Driver/Src/stm32f0xx_hal_rcc_ex.c ****   *
  14:Drivers/STM32F0xx_HAL_Driver/Src/stm32f0xx_hal_rcc_ex.c ****   * Copyright (c) 2016 STMicroelectronics.
  15:Drivers/STM32F0xx_HAL_Driver/Src/stm32f0xx_hal_rcc_ex.c ****   * All rights reserved.
  16:Drivers/STM32F0xx_HAL_Driver/Src/stm32f0xx_hal_rcc_ex.c ****   *
  17:Drivers/STM32F0xx_HAL_Driver/Src/stm32f0xx_hal_rcc_ex.c ****   * This software is licensed under terms that can be found in the LICENSE file in
  18:Drivers/STM32F0xx_HAL_Driver/Src/stm32f0xx_hal_rcc_ex.c ****   * the root directory of this software component.
  19:Drivers/STM32F0xx_HAL_Driver/Src/stm32f0xx_hal_rcc_ex.c ****   * If no LICENSE file comes with this software, it is provided AS-IS.
  20:Drivers/STM32F0xx_HAL_Driver/Src/stm32f0xx_hal_rcc_ex.c ****   ******************************************************************************
  21:Drivers/STM32F0xx_HAL_Driver/Src/stm32f0xx_hal_rcc_ex.c ****   */
  22:Drivers/STM32F0xx_HAL_Driver/Src/stm32f0xx_hal_rcc_ex.c **** 
  23:Drivers/STM32F0xx_HAL_Driver/Src/stm32f0xx_hal_rcc_ex.c **** /* Includes ------------------------------------------------------------------*/
  24:Drivers/STM32F0xx_HAL_Driver/Src/stm32f0xx_hal_rcc_ex.c **** #include "stm32f0xx_hal.h"
  25:Drivers/STM32F0xx_HAL_Driver/Src/stm32f0xx_hal_rcc_ex.c **** 
  26:Drivers/STM32F0xx_HAL_Driver/Src/stm32f0xx_hal_rcc_ex.c **** /** @addtogroup STM32F0xx_HAL_Driver
  27:Drivers/STM32F0xx_HAL_Driver/Src/stm32f0xx_hal_rcc_ex.c ****   * @{
  28:Drivers/STM32F0xx_HAL_Driver/Src/stm32f0xx_hal_rcc_ex.c ****   */
  29:Drivers/STM32F0xx_HAL_Driver/Src/stm32f0xx_hal_rcc_ex.c **** 
  30:Drivers/STM32F0xx_HAL_Driver/Src/stm32f0xx_hal_rcc_ex.c **** #ifdef HAL_RCC_MODULE_ENABLED
  31:Drivers/STM32F0xx_HAL_Driver/Src/stm32f0xx_hal_rcc_ex.c **** 
ARM GAS  /tmp/ccdeZ8JZ.s 			page 2


  32:Drivers/STM32F0xx_HAL_Driver/Src/stm32f0xx_hal_rcc_ex.c **** /** @defgroup RCCEx RCCEx
  33:Drivers/STM32F0xx_HAL_Driver/Src/stm32f0xx_hal_rcc_ex.c ****   * @brief RCC Extension HAL module driver.
  34:Drivers/STM32F0xx_HAL_Driver/Src/stm32f0xx_hal_rcc_ex.c ****   * @{
  35:Drivers/STM32F0xx_HAL_Driver/Src/stm32f0xx_hal_rcc_ex.c ****   */
  36:Drivers/STM32F0xx_HAL_Driver/Src/stm32f0xx_hal_rcc_ex.c **** 
  37:Drivers/STM32F0xx_HAL_Driver/Src/stm32f0xx_hal_rcc_ex.c **** /* Private typedef -----------------------------------------------------------*/
  38:Drivers/STM32F0xx_HAL_Driver/Src/stm32f0xx_hal_rcc_ex.c **** /* Private define ------------------------------------------------------------*/
  39:Drivers/STM32F0xx_HAL_Driver/Src/stm32f0xx_hal_rcc_ex.c **** #if defined(CRS)
  40:Drivers/STM32F0xx_HAL_Driver/Src/stm32f0xx_hal_rcc_ex.c **** /** @defgroup RCCEx_Private_Constants RCCEx Private Constants
  41:Drivers/STM32F0xx_HAL_Driver/Src/stm32f0xx_hal_rcc_ex.c ****   * @{
  42:Drivers/STM32F0xx_HAL_Driver/Src/stm32f0xx_hal_rcc_ex.c ****   */
  43:Drivers/STM32F0xx_HAL_Driver/Src/stm32f0xx_hal_rcc_ex.c **** /* Bit position in register */
  44:Drivers/STM32F0xx_HAL_Driver/Src/stm32f0xx_hal_rcc_ex.c **** #define CRS_CFGR_FELIM_BITNUMBER    16
  45:Drivers/STM32F0xx_HAL_Driver/Src/stm32f0xx_hal_rcc_ex.c **** #define CRS_CR_TRIM_BITNUMBER       8
  46:Drivers/STM32F0xx_HAL_Driver/Src/stm32f0xx_hal_rcc_ex.c **** #define CRS_ISR_FECAP_BITNUMBER     16
  47:Drivers/STM32F0xx_HAL_Driver/Src/stm32f0xx_hal_rcc_ex.c **** /**
  48:Drivers/STM32F0xx_HAL_Driver/Src/stm32f0xx_hal_rcc_ex.c ****   * @}
  49:Drivers/STM32F0xx_HAL_Driver/Src/stm32f0xx_hal_rcc_ex.c ****   */
  50:Drivers/STM32F0xx_HAL_Driver/Src/stm32f0xx_hal_rcc_ex.c **** #endif /* CRS */
  51:Drivers/STM32F0xx_HAL_Driver/Src/stm32f0xx_hal_rcc_ex.c ****   
  52:Drivers/STM32F0xx_HAL_Driver/Src/stm32f0xx_hal_rcc_ex.c **** /* Private macro -------------------------------------------------------------*/
  53:Drivers/STM32F0xx_HAL_Driver/Src/stm32f0xx_hal_rcc_ex.c **** /** @defgroup RCCEx_Private_Macros RCCEx Private Macros
  54:Drivers/STM32F0xx_HAL_Driver/Src/stm32f0xx_hal_rcc_ex.c ****   * @{
  55:Drivers/STM32F0xx_HAL_Driver/Src/stm32f0xx_hal_rcc_ex.c ****   */
  56:Drivers/STM32F0xx_HAL_Driver/Src/stm32f0xx_hal_rcc_ex.c **** /**
  57:Drivers/STM32F0xx_HAL_Driver/Src/stm32f0xx_hal_rcc_ex.c ****   * @}
  58:Drivers/STM32F0xx_HAL_Driver/Src/stm32f0xx_hal_rcc_ex.c ****   */
  59:Drivers/STM32F0xx_HAL_Driver/Src/stm32f0xx_hal_rcc_ex.c **** 
  60:Drivers/STM32F0xx_HAL_Driver/Src/stm32f0xx_hal_rcc_ex.c **** /* Private variables ---------------------------------------------------------*/
  61:Drivers/STM32F0xx_HAL_Driver/Src/stm32f0xx_hal_rcc_ex.c **** /* Private function prototypes -----------------------------------------------*/
  62:Drivers/STM32F0xx_HAL_Driver/Src/stm32f0xx_hal_rcc_ex.c **** /* Private functions ---------------------------------------------------------*/
  63:Drivers/STM32F0xx_HAL_Driver/Src/stm32f0xx_hal_rcc_ex.c **** 
  64:Drivers/STM32F0xx_HAL_Driver/Src/stm32f0xx_hal_rcc_ex.c **** /** @defgroup RCCEx_Exported_Functions RCCEx Exported Functions
  65:Drivers/STM32F0xx_HAL_Driver/Src/stm32f0xx_hal_rcc_ex.c ****   * @{
  66:Drivers/STM32F0xx_HAL_Driver/Src/stm32f0xx_hal_rcc_ex.c ****   */
  67:Drivers/STM32F0xx_HAL_Driver/Src/stm32f0xx_hal_rcc_ex.c **** 
  68:Drivers/STM32F0xx_HAL_Driver/Src/stm32f0xx_hal_rcc_ex.c **** /** @defgroup RCCEx_Exported_Functions_Group1 Extended Peripheral Control functions 
  69:Drivers/STM32F0xx_HAL_Driver/Src/stm32f0xx_hal_rcc_ex.c ****   * @brief    Extended Peripheral Control functions
  70:Drivers/STM32F0xx_HAL_Driver/Src/stm32f0xx_hal_rcc_ex.c ****  *
  71:Drivers/STM32F0xx_HAL_Driver/Src/stm32f0xx_hal_rcc_ex.c **** @verbatim
  72:Drivers/STM32F0xx_HAL_Driver/Src/stm32f0xx_hal_rcc_ex.c ****  ===============================================================================
  73:Drivers/STM32F0xx_HAL_Driver/Src/stm32f0xx_hal_rcc_ex.c ****                 ##### Extended Peripheral Control functions  #####
  74:Drivers/STM32F0xx_HAL_Driver/Src/stm32f0xx_hal_rcc_ex.c ****  ===============================================================================  
  75:Drivers/STM32F0xx_HAL_Driver/Src/stm32f0xx_hal_rcc_ex.c ****     [..]
  76:Drivers/STM32F0xx_HAL_Driver/Src/stm32f0xx_hal_rcc_ex.c ****     This subsection provides a set of functions allowing to control the RCC Clocks 
  77:Drivers/STM32F0xx_HAL_Driver/Src/stm32f0xx_hal_rcc_ex.c ****     frequencies.
  78:Drivers/STM32F0xx_HAL_Driver/Src/stm32f0xx_hal_rcc_ex.c ****     [..] 
  79:Drivers/STM32F0xx_HAL_Driver/Src/stm32f0xx_hal_rcc_ex.c ****     (@) Important note: Care must be taken when HAL_RCCEx_PeriphCLKConfig() is used to
  80:Drivers/STM32F0xx_HAL_Driver/Src/stm32f0xx_hal_rcc_ex.c ****         select the RTC clock source; in this case the Backup domain will be reset in  
  81:Drivers/STM32F0xx_HAL_Driver/Src/stm32f0xx_hal_rcc_ex.c ****         order to modify the RTC Clock source, as consequence RTC registers (including 
  82:Drivers/STM32F0xx_HAL_Driver/Src/stm32f0xx_hal_rcc_ex.c ****         the backup registers) are set to their reset values.
  83:Drivers/STM32F0xx_HAL_Driver/Src/stm32f0xx_hal_rcc_ex.c ****       
  84:Drivers/STM32F0xx_HAL_Driver/Src/stm32f0xx_hal_rcc_ex.c **** @endverbatim
  85:Drivers/STM32F0xx_HAL_Driver/Src/stm32f0xx_hal_rcc_ex.c ****   * @{
  86:Drivers/STM32F0xx_HAL_Driver/Src/stm32f0xx_hal_rcc_ex.c ****   */
  87:Drivers/STM32F0xx_HAL_Driver/Src/stm32f0xx_hal_rcc_ex.c **** 
  88:Drivers/STM32F0xx_HAL_Driver/Src/stm32f0xx_hal_rcc_ex.c **** /**
ARM GAS  /tmp/ccdeZ8JZ.s 			page 3


  89:Drivers/STM32F0xx_HAL_Driver/Src/stm32f0xx_hal_rcc_ex.c ****   * @brief  Initializes the RCC extended peripherals clocks according to the specified
  90:Drivers/STM32F0xx_HAL_Driver/Src/stm32f0xx_hal_rcc_ex.c ****   *         parameters in the RCC_PeriphCLKInitTypeDef.
  91:Drivers/STM32F0xx_HAL_Driver/Src/stm32f0xx_hal_rcc_ex.c ****   * @param  PeriphClkInit pointer to an RCC_PeriphCLKInitTypeDef structure that
  92:Drivers/STM32F0xx_HAL_Driver/Src/stm32f0xx_hal_rcc_ex.c ****   *         contains the configuration information for the Extended Peripherals clocks
  93:Drivers/STM32F0xx_HAL_Driver/Src/stm32f0xx_hal_rcc_ex.c ****   *         (USART, RTC, I2C, CEC and USB).
  94:Drivers/STM32F0xx_HAL_Driver/Src/stm32f0xx_hal_rcc_ex.c ****   *
  95:Drivers/STM32F0xx_HAL_Driver/Src/stm32f0xx_hal_rcc_ex.c ****   * @note   Care must be taken when @ref HAL_RCCEx_PeriphCLKConfig() is used to select 
  96:Drivers/STM32F0xx_HAL_Driver/Src/stm32f0xx_hal_rcc_ex.c ****   *         the RTC clock source; in this case the Backup domain will be reset in  
  97:Drivers/STM32F0xx_HAL_Driver/Src/stm32f0xx_hal_rcc_ex.c ****   *         order to modify the RTC Clock source, as consequence RTC registers (including 
  98:Drivers/STM32F0xx_HAL_Driver/Src/stm32f0xx_hal_rcc_ex.c ****   *         the backup registers) and RCC_BDCR register are set to their reset values.
  99:Drivers/STM32F0xx_HAL_Driver/Src/stm32f0xx_hal_rcc_ex.c ****   *
 100:Drivers/STM32F0xx_HAL_Driver/Src/stm32f0xx_hal_rcc_ex.c ****   * @retval HAL status
 101:Drivers/STM32F0xx_HAL_Driver/Src/stm32f0xx_hal_rcc_ex.c ****   */
 102:Drivers/STM32F0xx_HAL_Driver/Src/stm32f0xx_hal_rcc_ex.c **** HAL_StatusTypeDef HAL_RCCEx_PeriphCLKConfig(RCC_PeriphCLKInitTypeDef  *PeriphClkInit)
 103:Drivers/STM32F0xx_HAL_Driver/Src/stm32f0xx_hal_rcc_ex.c **** {
  28              		.loc 1 103 1 view -0
  29              		.cfi_startproc
  30              		@ args = 0, pretend = 0, frame = 8
  31              		@ frame_needed = 0, uses_anonymous_args = 0
  32              		.loc 1 103 1 is_stmt 0 view .LVU1
  33 0000 70B5     		push	{r4, r5, r6, lr}
  34              	.LCFI0:
  35              		.cfi_def_cfa_offset 16
  36              		.cfi_offset 4, -16
  37              		.cfi_offset 5, -12
  38              		.cfi_offset 6, -8
  39              		.cfi_offset 14, -4
  40 0002 82B0     		sub	sp, sp, #8
  41              	.LCFI1:
  42              		.cfi_def_cfa_offset 24
  43 0004 0400     		movs	r4, r0
 104:Drivers/STM32F0xx_HAL_Driver/Src/stm32f0xx_hal_rcc_ex.c ****   uint32_t tickstart = 0U;
  44              		.loc 1 104 3 is_stmt 1 view .LVU2
  45              	.LVL1:
 105:Drivers/STM32F0xx_HAL_Driver/Src/stm32f0xx_hal_rcc_ex.c ****   uint32_t temp_reg = 0U;
  46              		.loc 1 105 3 view .LVU3
 106:Drivers/STM32F0xx_HAL_Driver/Src/stm32f0xx_hal_rcc_ex.c **** 
 107:Drivers/STM32F0xx_HAL_Driver/Src/stm32f0xx_hal_rcc_ex.c ****   /* Check the parameters */
 108:Drivers/STM32F0xx_HAL_Driver/Src/stm32f0xx_hal_rcc_ex.c ****   assert_param(IS_RCC_PERIPHCLOCK(PeriphClkInit->PeriphClockSelection));
  47              		.loc 1 108 3 view .LVU4
 109:Drivers/STM32F0xx_HAL_Driver/Src/stm32f0xx_hal_rcc_ex.c ****   
 110:Drivers/STM32F0xx_HAL_Driver/Src/stm32f0xx_hal_rcc_ex.c ****   /*---------------------------- RTC configuration -------------------------------*/
 111:Drivers/STM32F0xx_HAL_Driver/Src/stm32f0xx_hal_rcc_ex.c ****   if(((PeriphClkInit->PeriphClockSelection) & RCC_PERIPHCLK_RTC) == (RCC_PERIPHCLK_RTC))
  48              		.loc 1 111 3 view .LVU5
  49              		.loc 1 111 5 is_stmt 0 view .LVU6
  50 0006 0368     		ldr	r3, [r0]
  51 0008 DB03     		lsls	r3, r3, #15
  52 000a 37D5     		bpl	.L2
  53              	.LBB2:
 112:Drivers/STM32F0xx_HAL_Driver/Src/stm32f0xx_hal_rcc_ex.c ****   {
 113:Drivers/STM32F0xx_HAL_Driver/Src/stm32f0xx_hal_rcc_ex.c ****     /* check for RTC Parameters used to output RTCCLK */
 114:Drivers/STM32F0xx_HAL_Driver/Src/stm32f0xx_hal_rcc_ex.c ****     assert_param(IS_RCC_RTCCLKSOURCE(PeriphClkInit->RTCClockSelection));
  54              		.loc 1 114 5 is_stmt 1 view .LVU7
 115:Drivers/STM32F0xx_HAL_Driver/Src/stm32f0xx_hal_rcc_ex.c ****     
 116:Drivers/STM32F0xx_HAL_Driver/Src/stm32f0xx_hal_rcc_ex.c ****     FlagStatus       pwrclkchanged = RESET;
  55              		.loc 1 116 5 view .LVU8
  56              	.LVL2:
ARM GAS  /tmp/ccdeZ8JZ.s 			page 4


 117:Drivers/STM32F0xx_HAL_Driver/Src/stm32f0xx_hal_rcc_ex.c **** 
 118:Drivers/STM32F0xx_HAL_Driver/Src/stm32f0xx_hal_rcc_ex.c ****     /* As soon as function is called to change RTC clock source, activation of the 
 119:Drivers/STM32F0xx_HAL_Driver/Src/stm32f0xx_hal_rcc_ex.c ****        power domain is done. */
 120:Drivers/STM32F0xx_HAL_Driver/Src/stm32f0xx_hal_rcc_ex.c ****     /* Requires to enable write access to Backup Domain of necessary */
 121:Drivers/STM32F0xx_HAL_Driver/Src/stm32f0xx_hal_rcc_ex.c ****     if(__HAL_RCC_PWR_IS_CLK_DISABLED())
  57              		.loc 1 121 5 view .LVU9
  58              		.loc 1 121 8 is_stmt 0 view .LVU10
  59 000c 424B     		ldr	r3, .L20
  60 000e DB69     		ldr	r3, [r3, #28]
  61              		.loc 1 121 7 view .LVU11
  62 0010 DB00     		lsls	r3, r3, #3
  63 0012 53D4     		bmi	.L13
 122:Drivers/STM32F0xx_HAL_Driver/Src/stm32f0xx_hal_rcc_ex.c ****     {
 123:Drivers/STM32F0xx_HAL_Driver/Src/stm32f0xx_hal_rcc_ex.c ****     __HAL_RCC_PWR_CLK_ENABLE();
  64              		.loc 1 123 5 is_stmt 1 view .LVU12
  65              	.LBB3:
  66              		.loc 1 123 5 view .LVU13
  67              		.loc 1 123 5 view .LVU14
  68 0014 404A     		ldr	r2, .L20
  69 0016 D169     		ldr	r1, [r2, #28]
  70 0018 8020     		movs	r0, #128
  71              	.LVL3:
  72              		.loc 1 123 5 is_stmt 0 view .LVU15
  73 001a 4005     		lsls	r0, r0, #21
  74 001c 0143     		orrs	r1, r0
  75 001e D161     		str	r1, [r2, #28]
  76              		.loc 1 123 5 is_stmt 1 view .LVU16
  77 0020 D369     		ldr	r3, [r2, #28]
  78 0022 0340     		ands	r3, r0
  79 0024 0193     		str	r3, [sp, #4]
  80              		.loc 1 123 5 view .LVU17
  81 0026 019B     		ldr	r3, [sp, #4]
  82              	.LBE3:
  83              		.loc 1 123 5 view .LVU18
 124:Drivers/STM32F0xx_HAL_Driver/Src/stm32f0xx_hal_rcc_ex.c ****       pwrclkchanged = SET;
  84              		.loc 1 124 7 view .LVU19
  85              	.LVL4:
  86              		.loc 1 124 21 is_stmt 0 view .LVU20
  87 0028 0125     		movs	r5, #1
  88              	.LVL5:
  89              	.L3:
 125:Drivers/STM32F0xx_HAL_Driver/Src/stm32f0xx_hal_rcc_ex.c ****     }
 126:Drivers/STM32F0xx_HAL_Driver/Src/stm32f0xx_hal_rcc_ex.c ****     
 127:Drivers/STM32F0xx_HAL_Driver/Src/stm32f0xx_hal_rcc_ex.c ****     if(HAL_IS_BIT_CLR(PWR->CR, PWR_CR_DBP))
  90              		.loc 1 127 5 is_stmt 1 view .LVU21
  91              		.loc 1 127 8 is_stmt 0 view .LVU22
  92 002a 3C4B     		ldr	r3, .L20+4
  93 002c 1B68     		ldr	r3, [r3]
  94              		.loc 1 127 7 view .LVU23
  95 002e DB05     		lsls	r3, r3, #23
  96 0030 46D5     		bpl	.L17
  97              	.LVL6:
  98              	.L4:
 128:Drivers/STM32F0xx_HAL_Driver/Src/stm32f0xx_hal_rcc_ex.c ****     {
 129:Drivers/STM32F0xx_HAL_Driver/Src/stm32f0xx_hal_rcc_ex.c ****       /* Enable write access to Backup domain */
 130:Drivers/STM32F0xx_HAL_Driver/Src/stm32f0xx_hal_rcc_ex.c ****       SET_BIT(PWR->CR, PWR_CR_DBP);
 131:Drivers/STM32F0xx_HAL_Driver/Src/stm32f0xx_hal_rcc_ex.c ****       
ARM GAS  /tmp/ccdeZ8JZ.s 			page 5


 132:Drivers/STM32F0xx_HAL_Driver/Src/stm32f0xx_hal_rcc_ex.c ****       /* Wait for Backup domain Write protection disable */
 133:Drivers/STM32F0xx_HAL_Driver/Src/stm32f0xx_hal_rcc_ex.c ****       tickstart = HAL_GetTick();
 134:Drivers/STM32F0xx_HAL_Driver/Src/stm32f0xx_hal_rcc_ex.c ****       
 135:Drivers/STM32F0xx_HAL_Driver/Src/stm32f0xx_hal_rcc_ex.c ****       while(HAL_IS_BIT_CLR(PWR->CR, PWR_CR_DBP))
 136:Drivers/STM32F0xx_HAL_Driver/Src/stm32f0xx_hal_rcc_ex.c ****       {
 137:Drivers/STM32F0xx_HAL_Driver/Src/stm32f0xx_hal_rcc_ex.c ****         if((HAL_GetTick() - tickstart) > RCC_DBP_TIMEOUT_VALUE)
 138:Drivers/STM32F0xx_HAL_Driver/Src/stm32f0xx_hal_rcc_ex.c ****         {
 139:Drivers/STM32F0xx_HAL_Driver/Src/stm32f0xx_hal_rcc_ex.c ****           return HAL_TIMEOUT;
 140:Drivers/STM32F0xx_HAL_Driver/Src/stm32f0xx_hal_rcc_ex.c ****         }
 141:Drivers/STM32F0xx_HAL_Driver/Src/stm32f0xx_hal_rcc_ex.c ****       }
 142:Drivers/STM32F0xx_HAL_Driver/Src/stm32f0xx_hal_rcc_ex.c ****     }
 143:Drivers/STM32F0xx_HAL_Driver/Src/stm32f0xx_hal_rcc_ex.c ****     
 144:Drivers/STM32F0xx_HAL_Driver/Src/stm32f0xx_hal_rcc_ex.c ****     /* Reset the Backup domain only if the RTC Clock source selection is modified from reset value 
 145:Drivers/STM32F0xx_HAL_Driver/Src/stm32f0xx_hal_rcc_ex.c ****     temp_reg = (RCC->BDCR & RCC_BDCR_RTCSEL);
  99              		.loc 1 145 5 is_stmt 1 view .LVU24
 100              		.loc 1 145 20 is_stmt 0 view .LVU25
 101 0032 394B     		ldr	r3, .L20
 102 0034 1A6A     		ldr	r2, [r3, #32]
 103              		.loc 1 145 14 view .LVU26
 104 0036 C023     		movs	r3, #192
 105 0038 9B00     		lsls	r3, r3, #2
 106 003a 1100     		movs	r1, r2
 107 003c 1940     		ands	r1, r3
 108              	.LVL7:
 146:Drivers/STM32F0xx_HAL_Driver/Src/stm32f0xx_hal_rcc_ex.c ****     if((temp_reg != 0x00000000U) && (temp_reg != (PeriphClkInit->RTCClockSelection & RCC_BDCR_RTCSE
 109              		.loc 1 146 5 is_stmt 1 view .LVU27
 110              		.loc 1 146 7 is_stmt 0 view .LVU28
 111 003e 1A42     		tst	r2, r3
 112 0040 13D0     		beq	.L8
 113              		.loc 1 146 84 discriminator 1 view .LVU29
 114 0042 6268     		ldr	r2, [r4, #4]
 115 0044 1340     		ands	r3, r2
 116              		.loc 1 146 34 discriminator 1 view .LVU30
 117 0046 8B42     		cmp	r3, r1
 118 0048 0FD0     		beq	.L8
 147:Drivers/STM32F0xx_HAL_Driver/Src/stm32f0xx_hal_rcc_ex.c ****     {
 148:Drivers/STM32F0xx_HAL_Driver/Src/stm32f0xx_hal_rcc_ex.c ****       /* Store the content of BDCR register before the reset of Backup Domain */
 149:Drivers/STM32F0xx_HAL_Driver/Src/stm32f0xx_hal_rcc_ex.c ****       temp_reg = (RCC->BDCR & ~(RCC_BDCR_RTCSEL));
 119              		.loc 1 149 7 is_stmt 1 view .LVU31
 120              		.loc 1 149 22 is_stmt 0 view .LVU32
 121 004a 334B     		ldr	r3, .L20
 122 004c 186A     		ldr	r0, [r3, #32]
 123              		.loc 1 149 16 view .LVU33
 124 004e 344A     		ldr	r2, .L20+8
 125 0050 0240     		ands	r2, r0
 126              	.LVL8:
 150:Drivers/STM32F0xx_HAL_Driver/Src/stm32f0xx_hal_rcc_ex.c ****       /* RTC Clock selection can be changed only if the Backup Domain is reset */
 151:Drivers/STM32F0xx_HAL_Driver/Src/stm32f0xx_hal_rcc_ex.c ****       __HAL_RCC_BACKUPRESET_FORCE();
 127              		.loc 1 151 7 is_stmt 1 view .LVU34
 128 0052 1E6A     		ldr	r6, [r3, #32]
 129 0054 8021     		movs	r1, #128
 130 0056 4902     		lsls	r1, r1, #9
 131 0058 3143     		orrs	r1, r6
 132 005a 1962     		str	r1, [r3, #32]
 152:Drivers/STM32F0xx_HAL_Driver/Src/stm32f0xx_hal_rcc_ex.c ****       __HAL_RCC_BACKUPRESET_RELEASE();
 133              		.loc 1 152 7 view .LVU35
 134 005c 196A     		ldr	r1, [r3, #32]
ARM GAS  /tmp/ccdeZ8JZ.s 			page 6


 135 005e 314E     		ldr	r6, .L20+12
 136 0060 3140     		ands	r1, r6
 137 0062 1962     		str	r1, [r3, #32]
 153:Drivers/STM32F0xx_HAL_Driver/Src/stm32f0xx_hal_rcc_ex.c ****       /* Restore the Content of BDCR register */
 154:Drivers/STM32F0xx_HAL_Driver/Src/stm32f0xx_hal_rcc_ex.c ****       RCC->BDCR = temp_reg;
 138              		.loc 1 154 7 view .LVU36
 139              		.loc 1 154 17 is_stmt 0 view .LVU37
 140 0064 1A62     		str	r2, [r3, #32]
 155:Drivers/STM32F0xx_HAL_Driver/Src/stm32f0xx_hal_rcc_ex.c ****       
 156:Drivers/STM32F0xx_HAL_Driver/Src/stm32f0xx_hal_rcc_ex.c ****       /* Wait for LSERDY if LSE was enabled */
 157:Drivers/STM32F0xx_HAL_Driver/Src/stm32f0xx_hal_rcc_ex.c ****       if (HAL_IS_BIT_SET(temp_reg, RCC_BDCR_LSEON))
 141              		.loc 1 157 7 is_stmt 1 view .LVU38
 142              		.loc 1 157 10 is_stmt 0 view .LVU39
 143 0066 C307     		lsls	r3, r0, #31
 144 0068 3ED4     		bmi	.L18
 145              	.LVL9:
 146              	.L8:
 158:Drivers/STM32F0xx_HAL_Driver/Src/stm32f0xx_hal_rcc_ex.c ****       {
 159:Drivers/STM32F0xx_HAL_Driver/Src/stm32f0xx_hal_rcc_ex.c ****         /* Get Start Tick */
 160:Drivers/STM32F0xx_HAL_Driver/Src/stm32f0xx_hal_rcc_ex.c ****         tickstart = HAL_GetTick();
 161:Drivers/STM32F0xx_HAL_Driver/Src/stm32f0xx_hal_rcc_ex.c ****         
 162:Drivers/STM32F0xx_HAL_Driver/Src/stm32f0xx_hal_rcc_ex.c ****         /* Wait till LSE is ready */  
 163:Drivers/STM32F0xx_HAL_Driver/Src/stm32f0xx_hal_rcc_ex.c ****         while(__HAL_RCC_GET_FLAG(RCC_FLAG_LSERDY) == RESET)
 164:Drivers/STM32F0xx_HAL_Driver/Src/stm32f0xx_hal_rcc_ex.c ****         {
 165:Drivers/STM32F0xx_HAL_Driver/Src/stm32f0xx_hal_rcc_ex.c ****           if((HAL_GetTick() - tickstart) > RCC_LSE_TIMEOUT_VALUE)
 166:Drivers/STM32F0xx_HAL_Driver/Src/stm32f0xx_hal_rcc_ex.c ****           {
 167:Drivers/STM32F0xx_HAL_Driver/Src/stm32f0xx_hal_rcc_ex.c ****             return HAL_TIMEOUT;
 168:Drivers/STM32F0xx_HAL_Driver/Src/stm32f0xx_hal_rcc_ex.c ****           }
 169:Drivers/STM32F0xx_HAL_Driver/Src/stm32f0xx_hal_rcc_ex.c ****         }
 170:Drivers/STM32F0xx_HAL_Driver/Src/stm32f0xx_hal_rcc_ex.c ****       }
 171:Drivers/STM32F0xx_HAL_Driver/Src/stm32f0xx_hal_rcc_ex.c ****     }
 172:Drivers/STM32F0xx_HAL_Driver/Src/stm32f0xx_hal_rcc_ex.c ****     __HAL_RCC_RTC_CONFIG(PeriphClkInit->RTCClockSelection);
 147              		.loc 1 172 5 is_stmt 1 view .LVU40
 148 006a 2B4A     		ldr	r2, .L20
 149 006c 136A     		ldr	r3, [r2, #32]
 150 006e 2C49     		ldr	r1, .L20+8
 151 0070 0B40     		ands	r3, r1
 152 0072 6168     		ldr	r1, [r4, #4]
 153 0074 0B43     		orrs	r3, r1
 154 0076 1362     		str	r3, [r2, #32]
 173:Drivers/STM32F0xx_HAL_Driver/Src/stm32f0xx_hal_rcc_ex.c **** 
 174:Drivers/STM32F0xx_HAL_Driver/Src/stm32f0xx_hal_rcc_ex.c ****     /* Require to disable power clock if necessary */
 175:Drivers/STM32F0xx_HAL_Driver/Src/stm32f0xx_hal_rcc_ex.c ****     if(pwrclkchanged == SET)
 155              		.loc 1 175 5 view .LVU41
 156              		.loc 1 175 7 is_stmt 0 view .LVU42
 157 0078 012D     		cmp	r5, #1
 158 007a 44D0     		beq	.L19
 159              	.LVL10:
 160              	.L2:
 161              		.loc 1 175 7 view .LVU43
 162              	.LBE2:
 176:Drivers/STM32F0xx_HAL_Driver/Src/stm32f0xx_hal_rcc_ex.c ****     {
 177:Drivers/STM32F0xx_HAL_Driver/Src/stm32f0xx_hal_rcc_ex.c ****       __HAL_RCC_PWR_CLK_DISABLE();
 178:Drivers/STM32F0xx_HAL_Driver/Src/stm32f0xx_hal_rcc_ex.c ****     }
 179:Drivers/STM32F0xx_HAL_Driver/Src/stm32f0xx_hal_rcc_ex.c ****   }
 180:Drivers/STM32F0xx_HAL_Driver/Src/stm32f0xx_hal_rcc_ex.c **** 
 181:Drivers/STM32F0xx_HAL_Driver/Src/stm32f0xx_hal_rcc_ex.c ****   /*------------------------------- USART1 Configuration ------------------------*/ 
ARM GAS  /tmp/ccdeZ8JZ.s 			page 7


 182:Drivers/STM32F0xx_HAL_Driver/Src/stm32f0xx_hal_rcc_ex.c ****   if(((PeriphClkInit->PeriphClockSelection) & RCC_PERIPHCLK_USART1) == RCC_PERIPHCLK_USART1)
 163              		.loc 1 182 3 is_stmt 1 view .LVU44
 164              		.loc 1 182 5 is_stmt 0 view .LVU45
 165 007c 2368     		ldr	r3, [r4]
 166 007e DB07     		lsls	r3, r3, #31
 167 0080 06D5     		bpl	.L11
 183:Drivers/STM32F0xx_HAL_Driver/Src/stm32f0xx_hal_rcc_ex.c ****   {
 184:Drivers/STM32F0xx_HAL_Driver/Src/stm32f0xx_hal_rcc_ex.c ****     /* Check the parameters */
 185:Drivers/STM32F0xx_HAL_Driver/Src/stm32f0xx_hal_rcc_ex.c ****     assert_param(IS_RCC_USART1CLKSOURCE(PeriphClkInit->Usart1ClockSelection));
 168              		.loc 1 185 5 is_stmt 1 view .LVU46
 186:Drivers/STM32F0xx_HAL_Driver/Src/stm32f0xx_hal_rcc_ex.c ****     
 187:Drivers/STM32F0xx_HAL_Driver/Src/stm32f0xx_hal_rcc_ex.c ****     /* Configure the USART1 clock source */
 188:Drivers/STM32F0xx_HAL_Driver/Src/stm32f0xx_hal_rcc_ex.c ****     __HAL_RCC_USART1_CONFIG(PeriphClkInit->Usart1ClockSelection);
 169              		.loc 1 188 5 view .LVU47
 170 0082 254A     		ldr	r2, .L20
 171 0084 136B     		ldr	r3, [r2, #48]
 172 0086 0321     		movs	r1, #3
 173 0088 8B43     		bics	r3, r1
 174 008a A168     		ldr	r1, [r4, #8]
 175 008c 0B43     		orrs	r3, r1
 176 008e 1363     		str	r3, [r2, #48]
 177              	.L11:
 189:Drivers/STM32F0xx_HAL_Driver/Src/stm32f0xx_hal_rcc_ex.c ****   }
 190:Drivers/STM32F0xx_HAL_Driver/Src/stm32f0xx_hal_rcc_ex.c ****   
 191:Drivers/STM32F0xx_HAL_Driver/Src/stm32f0xx_hal_rcc_ex.c **** #if defined(STM32F071xB) || defined(STM32F072xB) || defined(STM32F078xx)\
 192:Drivers/STM32F0xx_HAL_Driver/Src/stm32f0xx_hal_rcc_ex.c ****  || defined(STM32F091xC) || defined(STM32F098xx)
 193:Drivers/STM32F0xx_HAL_Driver/Src/stm32f0xx_hal_rcc_ex.c ****   /*----------------------------- USART2 Configuration --------------------------*/ 
 194:Drivers/STM32F0xx_HAL_Driver/Src/stm32f0xx_hal_rcc_ex.c ****   if(((PeriphClkInit->PeriphClockSelection) & RCC_PERIPHCLK_USART2) == RCC_PERIPHCLK_USART2)
 195:Drivers/STM32F0xx_HAL_Driver/Src/stm32f0xx_hal_rcc_ex.c ****   {
 196:Drivers/STM32F0xx_HAL_Driver/Src/stm32f0xx_hal_rcc_ex.c ****     /* Check the parameters */
 197:Drivers/STM32F0xx_HAL_Driver/Src/stm32f0xx_hal_rcc_ex.c ****     assert_param(IS_RCC_USART2CLKSOURCE(PeriphClkInit->Usart2ClockSelection));
 198:Drivers/STM32F0xx_HAL_Driver/Src/stm32f0xx_hal_rcc_ex.c ****     
 199:Drivers/STM32F0xx_HAL_Driver/Src/stm32f0xx_hal_rcc_ex.c ****     /* Configure the USART2 clock source */
 200:Drivers/STM32F0xx_HAL_Driver/Src/stm32f0xx_hal_rcc_ex.c ****     __HAL_RCC_USART2_CONFIG(PeriphClkInit->Usart2ClockSelection);
 201:Drivers/STM32F0xx_HAL_Driver/Src/stm32f0xx_hal_rcc_ex.c ****   }
 202:Drivers/STM32F0xx_HAL_Driver/Src/stm32f0xx_hal_rcc_ex.c **** #endif /* STM32F071xB || STM32F072xB || STM32F078xx || */
 203:Drivers/STM32F0xx_HAL_Driver/Src/stm32f0xx_hal_rcc_ex.c ****        /* STM32F091xC || STM32F098xx */
 204:Drivers/STM32F0xx_HAL_Driver/Src/stm32f0xx_hal_rcc_ex.c **** 
 205:Drivers/STM32F0xx_HAL_Driver/Src/stm32f0xx_hal_rcc_ex.c **** #if defined(STM32F091xC) || defined(STM32F098xx)
 206:Drivers/STM32F0xx_HAL_Driver/Src/stm32f0xx_hal_rcc_ex.c ****   /*----------------------------- USART3 Configuration --------------------------*/ 
 207:Drivers/STM32F0xx_HAL_Driver/Src/stm32f0xx_hal_rcc_ex.c ****   if(((PeriphClkInit->PeriphClockSelection) & RCC_PERIPHCLK_USART3) == RCC_PERIPHCLK_USART3)
 208:Drivers/STM32F0xx_HAL_Driver/Src/stm32f0xx_hal_rcc_ex.c ****   {
 209:Drivers/STM32F0xx_HAL_Driver/Src/stm32f0xx_hal_rcc_ex.c ****     /* Check the parameters */
 210:Drivers/STM32F0xx_HAL_Driver/Src/stm32f0xx_hal_rcc_ex.c ****     assert_param(IS_RCC_USART3CLKSOURCE(PeriphClkInit->Usart3ClockSelection));
 211:Drivers/STM32F0xx_HAL_Driver/Src/stm32f0xx_hal_rcc_ex.c ****     
 212:Drivers/STM32F0xx_HAL_Driver/Src/stm32f0xx_hal_rcc_ex.c ****     /* Configure the USART3 clock source */
 213:Drivers/STM32F0xx_HAL_Driver/Src/stm32f0xx_hal_rcc_ex.c ****     __HAL_RCC_USART3_CONFIG(PeriphClkInit->Usart3ClockSelection);
 214:Drivers/STM32F0xx_HAL_Driver/Src/stm32f0xx_hal_rcc_ex.c ****   }
 215:Drivers/STM32F0xx_HAL_Driver/Src/stm32f0xx_hal_rcc_ex.c **** #endif /* STM32F091xC || STM32F098xx */  
 216:Drivers/STM32F0xx_HAL_Driver/Src/stm32f0xx_hal_rcc_ex.c **** 
 217:Drivers/STM32F0xx_HAL_Driver/Src/stm32f0xx_hal_rcc_ex.c ****   /*------------------------------ I2C1 Configuration ------------------------*/ 
 218:Drivers/STM32F0xx_HAL_Driver/Src/stm32f0xx_hal_rcc_ex.c ****   if(((PeriphClkInit->PeriphClockSelection) & RCC_PERIPHCLK_I2C1) == RCC_PERIPHCLK_I2C1)
 178              		.loc 1 218 3 view .LVU48
 179              		.loc 1 218 5 is_stmt 0 view .LVU49
 180 0090 2368     		ldr	r3, [r4]
 181 0092 9B06     		lsls	r3, r3, #26
 182 0094 06D5     		bpl	.L12
ARM GAS  /tmp/ccdeZ8JZ.s 			page 8


 219:Drivers/STM32F0xx_HAL_Driver/Src/stm32f0xx_hal_rcc_ex.c ****   {
 220:Drivers/STM32F0xx_HAL_Driver/Src/stm32f0xx_hal_rcc_ex.c ****     /* Check the parameters */
 221:Drivers/STM32F0xx_HAL_Driver/Src/stm32f0xx_hal_rcc_ex.c ****     assert_param(IS_RCC_I2C1CLKSOURCE(PeriphClkInit->I2c1ClockSelection));
 183              		.loc 1 221 5 is_stmt 1 view .LVU50
 222:Drivers/STM32F0xx_HAL_Driver/Src/stm32f0xx_hal_rcc_ex.c ****     
 223:Drivers/STM32F0xx_HAL_Driver/Src/stm32f0xx_hal_rcc_ex.c ****     /* Configure the I2C1 clock source */
 224:Drivers/STM32F0xx_HAL_Driver/Src/stm32f0xx_hal_rcc_ex.c ****     __HAL_RCC_I2C1_CONFIG(PeriphClkInit->I2c1ClockSelection);
 184              		.loc 1 224 5 view .LVU51
 185 0096 204A     		ldr	r2, .L20
 186 0098 136B     		ldr	r3, [r2, #48]
 187 009a 1021     		movs	r1, #16
 188 009c 8B43     		bics	r3, r1
 189 009e E168     		ldr	r1, [r4, #12]
 190 00a0 0B43     		orrs	r3, r1
 191 00a2 1363     		str	r3, [r2, #48]
 192              	.L12:
 225:Drivers/STM32F0xx_HAL_Driver/Src/stm32f0xx_hal_rcc_ex.c ****   }
 226:Drivers/STM32F0xx_HAL_Driver/Src/stm32f0xx_hal_rcc_ex.c **** 
 227:Drivers/STM32F0xx_HAL_Driver/Src/stm32f0xx_hal_rcc_ex.c **** #if defined(STM32F042x6) || defined(STM32F048xx) || defined(STM32F072xB) || defined(STM32F078xx) ||
 228:Drivers/STM32F0xx_HAL_Driver/Src/stm32f0xx_hal_rcc_ex.c ****   /*------------------------------ USB Configuration ------------------------*/ 
 229:Drivers/STM32F0xx_HAL_Driver/Src/stm32f0xx_hal_rcc_ex.c ****   if(((PeriphClkInit->PeriphClockSelection) & RCC_PERIPHCLK_USB) == RCC_PERIPHCLK_USB)
 230:Drivers/STM32F0xx_HAL_Driver/Src/stm32f0xx_hal_rcc_ex.c ****   {
 231:Drivers/STM32F0xx_HAL_Driver/Src/stm32f0xx_hal_rcc_ex.c ****     /* Check the parameters */
 232:Drivers/STM32F0xx_HAL_Driver/Src/stm32f0xx_hal_rcc_ex.c ****     assert_param(IS_RCC_USBCLKSOURCE(PeriphClkInit->UsbClockSelection));
 233:Drivers/STM32F0xx_HAL_Driver/Src/stm32f0xx_hal_rcc_ex.c ****     
 234:Drivers/STM32F0xx_HAL_Driver/Src/stm32f0xx_hal_rcc_ex.c ****     /* Configure the USB clock source */
 235:Drivers/STM32F0xx_HAL_Driver/Src/stm32f0xx_hal_rcc_ex.c ****     __HAL_RCC_USB_CONFIG(PeriphClkInit->UsbClockSelection);
 236:Drivers/STM32F0xx_HAL_Driver/Src/stm32f0xx_hal_rcc_ex.c ****   }
 237:Drivers/STM32F0xx_HAL_Driver/Src/stm32f0xx_hal_rcc_ex.c **** #endif /* STM32F042x6 || STM32F048xx || STM32F072xB || STM32F078xx || STM32F070xB || STM32F070x6 */
 238:Drivers/STM32F0xx_HAL_Driver/Src/stm32f0xx_hal_rcc_ex.c **** 
 239:Drivers/STM32F0xx_HAL_Driver/Src/stm32f0xx_hal_rcc_ex.c **** #if defined(STM32F042x6) || defined(STM32F048xx)\
 240:Drivers/STM32F0xx_HAL_Driver/Src/stm32f0xx_hal_rcc_ex.c ****  || defined(STM32F051x8) || defined(STM32F058xx)\
 241:Drivers/STM32F0xx_HAL_Driver/Src/stm32f0xx_hal_rcc_ex.c ****  || defined(STM32F071xB) || defined(STM32F072xB) || defined(STM32F078xx)\
 242:Drivers/STM32F0xx_HAL_Driver/Src/stm32f0xx_hal_rcc_ex.c ****  || defined(STM32F091xC) || defined(STM32F098xx)
 243:Drivers/STM32F0xx_HAL_Driver/Src/stm32f0xx_hal_rcc_ex.c ****   /*------------------------------ CEC clock Configuration -------------------*/ 
 244:Drivers/STM32F0xx_HAL_Driver/Src/stm32f0xx_hal_rcc_ex.c ****   if(((PeriphClkInit->PeriphClockSelection) & RCC_PERIPHCLK_CEC) == RCC_PERIPHCLK_CEC)
 193              		.loc 1 244 3 view .LVU52
 194              		.loc 1 244 5 is_stmt 0 view .LVU53
 195 00a4 2368     		ldr	r3, [r4]
 196 00a6 5B05     		lsls	r3, r3, #21
 197 00a8 32D5     		bpl	.L16
 245:Drivers/STM32F0xx_HAL_Driver/Src/stm32f0xx_hal_rcc_ex.c ****   {
 246:Drivers/STM32F0xx_HAL_Driver/Src/stm32f0xx_hal_rcc_ex.c ****     /* Check the parameters */
 247:Drivers/STM32F0xx_HAL_Driver/Src/stm32f0xx_hal_rcc_ex.c ****     assert_param(IS_RCC_CECCLKSOURCE(PeriphClkInit->CecClockSelection));
 198              		.loc 1 247 5 is_stmt 1 view .LVU54
 248:Drivers/STM32F0xx_HAL_Driver/Src/stm32f0xx_hal_rcc_ex.c ****     
 249:Drivers/STM32F0xx_HAL_Driver/Src/stm32f0xx_hal_rcc_ex.c ****     /* Configure the CEC clock source */
 250:Drivers/STM32F0xx_HAL_Driver/Src/stm32f0xx_hal_rcc_ex.c ****     __HAL_RCC_CEC_CONFIG(PeriphClkInit->CecClockSelection);
 199              		.loc 1 250 5 view .LVU55
 200 00aa 1B4A     		ldr	r2, .L20
 201 00ac 136B     		ldr	r3, [r2, #48]
 202 00ae 4021     		movs	r1, #64
 203 00b0 8B43     		bics	r3, r1
 204 00b2 2169     		ldr	r1, [r4, #16]
 205 00b4 0B43     		orrs	r3, r1
 206 00b6 1363     		str	r3, [r2, #48]
 251:Drivers/STM32F0xx_HAL_Driver/Src/stm32f0xx_hal_rcc_ex.c ****   }
ARM GAS  /tmp/ccdeZ8JZ.s 			page 9


 252:Drivers/STM32F0xx_HAL_Driver/Src/stm32f0xx_hal_rcc_ex.c **** #endif /* STM32F042x6 || STM32F048xx ||                */
 253:Drivers/STM32F0xx_HAL_Driver/Src/stm32f0xx_hal_rcc_ex.c ****        /* STM32F051x8 || STM32F058xx ||                */
 254:Drivers/STM32F0xx_HAL_Driver/Src/stm32f0xx_hal_rcc_ex.c ****        /* STM32F071xB || STM32F072xB || STM32F078xx || */
 255:Drivers/STM32F0xx_HAL_Driver/Src/stm32f0xx_hal_rcc_ex.c ****        /* STM32F091xC || STM32F098xx */
 256:Drivers/STM32F0xx_HAL_Driver/Src/stm32f0xx_hal_rcc_ex.c ****   
 257:Drivers/STM32F0xx_HAL_Driver/Src/stm32f0xx_hal_rcc_ex.c ****   return HAL_OK;
 207              		.loc 1 257 10 is_stmt 0 view .LVU56
 208 00b8 0020     		movs	r0, #0
 209 00ba 2AE0     		b	.L6
 210              	.LVL11:
 211              	.L13:
 212              	.LBB4:
 116:Drivers/STM32F0xx_HAL_Driver/Src/stm32f0xx_hal_rcc_ex.c **** 
 213              		.loc 1 116 22 view .LVU57
 214 00bc 0025     		movs	r5, #0
 215 00be B4E7     		b	.L3
 216              	.LVL12:
 217              	.L17:
 130:Drivers/STM32F0xx_HAL_Driver/Src/stm32f0xx_hal_rcc_ex.c ****       
 218              		.loc 1 130 7 is_stmt 1 view .LVU58
 219 00c0 164A     		ldr	r2, .L20+4
 220 00c2 1168     		ldr	r1, [r2]
 221 00c4 8023     		movs	r3, #128
 222 00c6 5B00     		lsls	r3, r3, #1
 223 00c8 0B43     		orrs	r3, r1
 224 00ca 1360     		str	r3, [r2]
 133:Drivers/STM32F0xx_HAL_Driver/Src/stm32f0xx_hal_rcc_ex.c ****       
 225              		.loc 1 133 7 view .LVU59
 133:Drivers/STM32F0xx_HAL_Driver/Src/stm32f0xx_hal_rcc_ex.c ****       
 226              		.loc 1 133 19 is_stmt 0 view .LVU60
 227 00cc FFF7FEFF 		bl	HAL_GetTick
 228              	.LVL13:
 229 00d0 0600     		movs	r6, r0
 230              	.LVL14:
 135:Drivers/STM32F0xx_HAL_Driver/Src/stm32f0xx_hal_rcc_ex.c ****       {
 231              		.loc 1 135 7 is_stmt 1 view .LVU61
 232              	.L5:
 135:Drivers/STM32F0xx_HAL_Driver/Src/stm32f0xx_hal_rcc_ex.c ****       {
 233              		.loc 1 135 12 view .LVU62
 135:Drivers/STM32F0xx_HAL_Driver/Src/stm32f0xx_hal_rcc_ex.c ****       {
 234              		.loc 1 135 13 is_stmt 0 view .LVU63
 235 00d2 124B     		ldr	r3, .L20+4
 236 00d4 1B68     		ldr	r3, [r3]
 135:Drivers/STM32F0xx_HAL_Driver/Src/stm32f0xx_hal_rcc_ex.c ****       {
 237              		.loc 1 135 12 view .LVU64
 238 00d6 DB05     		lsls	r3, r3, #23
 239 00d8 ABD4     		bmi	.L4
 137:Drivers/STM32F0xx_HAL_Driver/Src/stm32f0xx_hal_rcc_ex.c ****         {
 240              		.loc 1 137 9 is_stmt 1 view .LVU65
 137:Drivers/STM32F0xx_HAL_Driver/Src/stm32f0xx_hal_rcc_ex.c ****         {
 241              		.loc 1 137 13 is_stmt 0 view .LVU66
 242 00da FFF7FEFF 		bl	HAL_GetTick
 243              	.LVL15:
 137:Drivers/STM32F0xx_HAL_Driver/Src/stm32f0xx_hal_rcc_ex.c ****         {
 244              		.loc 1 137 27 view .LVU67
 245 00de 801B     		subs	r0, r0, r6
 137:Drivers/STM32F0xx_HAL_Driver/Src/stm32f0xx_hal_rcc_ex.c ****         {
ARM GAS  /tmp/ccdeZ8JZ.s 			page 10


 246              		.loc 1 137 11 view .LVU68
 247 00e0 6428     		cmp	r0, #100
 248 00e2 F6D9     		bls	.L5
 139:Drivers/STM32F0xx_HAL_Driver/Src/stm32f0xx_hal_rcc_ex.c ****         }
 249              		.loc 1 139 18 view .LVU69
 250 00e4 0320     		movs	r0, #3
 251 00e6 14E0     		b	.L6
 252              	.LVL16:
 253              	.L18:
 160:Drivers/STM32F0xx_HAL_Driver/Src/stm32f0xx_hal_rcc_ex.c ****         
 254              		.loc 1 160 9 is_stmt 1 view .LVU70
 160:Drivers/STM32F0xx_HAL_Driver/Src/stm32f0xx_hal_rcc_ex.c ****         
 255              		.loc 1 160 21 is_stmt 0 view .LVU71
 256 00e8 FFF7FEFF 		bl	HAL_GetTick
 257              	.LVL17:
 160:Drivers/STM32F0xx_HAL_Driver/Src/stm32f0xx_hal_rcc_ex.c ****         
 258              		.loc 1 160 21 view .LVU72
 259 00ec 0600     		movs	r6, r0
 260              	.LVL18:
 163:Drivers/STM32F0xx_HAL_Driver/Src/stm32f0xx_hal_rcc_ex.c ****         {
 261              		.loc 1 163 9 is_stmt 1 view .LVU73
 262              	.L9:
 163:Drivers/STM32F0xx_HAL_Driver/Src/stm32f0xx_hal_rcc_ex.c ****         {
 263              		.loc 1 163 14 view .LVU74
 163:Drivers/STM32F0xx_HAL_Driver/Src/stm32f0xx_hal_rcc_ex.c ****         {
 264              		.loc 1 163 15 is_stmt 0 view .LVU75
 265 00ee 0A4B     		ldr	r3, .L20
 266 00f0 1B6A     		ldr	r3, [r3, #32]
 163:Drivers/STM32F0xx_HAL_Driver/Src/stm32f0xx_hal_rcc_ex.c ****         {
 267              		.loc 1 163 14 view .LVU76
 268 00f2 9B07     		lsls	r3, r3, #30
 269 00f4 B9D4     		bmi	.L8
 165:Drivers/STM32F0xx_HAL_Driver/Src/stm32f0xx_hal_rcc_ex.c ****           {
 270              		.loc 1 165 11 is_stmt 1 view .LVU77
 165:Drivers/STM32F0xx_HAL_Driver/Src/stm32f0xx_hal_rcc_ex.c ****           {
 271              		.loc 1 165 15 is_stmt 0 view .LVU78
 272 00f6 FFF7FEFF 		bl	HAL_GetTick
 273              	.LVL19:
 165:Drivers/STM32F0xx_HAL_Driver/Src/stm32f0xx_hal_rcc_ex.c ****           {
 274              		.loc 1 165 29 view .LVU79
 275 00fa 801B     		subs	r0, r0, r6
 165:Drivers/STM32F0xx_HAL_Driver/Src/stm32f0xx_hal_rcc_ex.c ****           {
 276              		.loc 1 165 13 view .LVU80
 277 00fc 0A4B     		ldr	r3, .L20+16
 278 00fe 9842     		cmp	r0, r3
 279 0100 F5D9     		bls	.L9
 167:Drivers/STM32F0xx_HAL_Driver/Src/stm32f0xx_hal_rcc_ex.c ****           }
 280              		.loc 1 167 20 view .LVU81
 281 0102 0320     		movs	r0, #3
 282 0104 05E0     		b	.L6
 283              	.LVL20:
 284              	.L19:
 177:Drivers/STM32F0xx_HAL_Driver/Src/stm32f0xx_hal_rcc_ex.c ****     }
 285              		.loc 1 177 7 is_stmt 1 view .LVU82
 286 0106 D369     		ldr	r3, [r2, #28]
 287 0108 0849     		ldr	r1, .L20+20
 288 010a 0B40     		ands	r3, r1
ARM GAS  /tmp/ccdeZ8JZ.s 			page 11


 289 010c D361     		str	r3, [r2, #28]
 290 010e B5E7     		b	.L2
 291              	.LVL21:
 292              	.L16:
 177:Drivers/STM32F0xx_HAL_Driver/Src/stm32f0xx_hal_rcc_ex.c ****     }
 293              		.loc 1 177 7 is_stmt 0 view .LVU83
 294              	.LBE4:
 295              		.loc 1 257 10 view .LVU84
 296 0110 0020     		movs	r0, #0
 297              	.L6:
 258:Drivers/STM32F0xx_HAL_Driver/Src/stm32f0xx_hal_rcc_ex.c **** }
 298              		.loc 1 258 1 view .LVU85
 299 0112 02B0     		add	sp, sp, #8
 300              		@ sp needed
 301              	.LVL22:
 302              		.loc 1 258 1 view .LVU86
 303 0114 70BD     		pop	{r4, r5, r6, pc}
 304              	.L21:
 305 0116 C046     		.align	2
 306              	.L20:
 307 0118 00100240 		.word	1073876992
 308 011c 00700040 		.word	1073770496
 309 0120 FFFCFFFF 		.word	-769
 310 0124 FFFFFEFF 		.word	-65537
 311 0128 88130000 		.word	5000
 312 012c FFFFFFEF 		.word	-268435457
 313              		.cfi_endproc
 314              	.LFE40:
 316              		.section	.text.HAL_RCCEx_GetPeriphCLKConfig,"ax",%progbits
 317              		.align	1
 318              		.global	HAL_RCCEx_GetPeriphCLKConfig
 319              		.syntax unified
 320              		.code	16
 321              		.thumb_func
 322              		.fpu softvfp
 324              	HAL_RCCEx_GetPeriphCLKConfig:
 325              	.LVL23:
 326              	.LFB41:
 259:Drivers/STM32F0xx_HAL_Driver/Src/stm32f0xx_hal_rcc_ex.c **** 
 260:Drivers/STM32F0xx_HAL_Driver/Src/stm32f0xx_hal_rcc_ex.c **** /**
 261:Drivers/STM32F0xx_HAL_Driver/Src/stm32f0xx_hal_rcc_ex.c ****   * @brief  Get the RCC_ClkInitStruct according to the internal
 262:Drivers/STM32F0xx_HAL_Driver/Src/stm32f0xx_hal_rcc_ex.c ****   * RCC configuration registers.
 263:Drivers/STM32F0xx_HAL_Driver/Src/stm32f0xx_hal_rcc_ex.c ****   * @param  PeriphClkInit pointer to an RCC_PeriphCLKInitTypeDef structure that
 264:Drivers/STM32F0xx_HAL_Driver/Src/stm32f0xx_hal_rcc_ex.c ****   *         returns the configuration information for the Extended Peripherals clocks
 265:Drivers/STM32F0xx_HAL_Driver/Src/stm32f0xx_hal_rcc_ex.c ****   *         (USART, RTC, I2C, CEC and USB).
 266:Drivers/STM32F0xx_HAL_Driver/Src/stm32f0xx_hal_rcc_ex.c ****   * @retval None
 267:Drivers/STM32F0xx_HAL_Driver/Src/stm32f0xx_hal_rcc_ex.c ****   */
 268:Drivers/STM32F0xx_HAL_Driver/Src/stm32f0xx_hal_rcc_ex.c **** void HAL_RCCEx_GetPeriphCLKConfig(RCC_PeriphCLKInitTypeDef  *PeriphClkInit)
 269:Drivers/STM32F0xx_HAL_Driver/Src/stm32f0xx_hal_rcc_ex.c **** {
 327              		.loc 1 269 1 is_stmt 1 view -0
 328              		.cfi_startproc
 329              		@ args = 0, pretend = 0, frame = 0
 330              		@ frame_needed = 0, uses_anonymous_args = 0
 331              		@ link register save eliminated.
 270:Drivers/STM32F0xx_HAL_Driver/Src/stm32f0xx_hal_rcc_ex.c ****   /* Set all possible values for the extended clock type parameter------------*/
 271:Drivers/STM32F0xx_HAL_Driver/Src/stm32f0xx_hal_rcc_ex.c ****   /* Common part first */
 272:Drivers/STM32F0xx_HAL_Driver/Src/stm32f0xx_hal_rcc_ex.c ****   PeriphClkInit->PeriphClockSelection = RCC_PERIPHCLK_USART1 | RCC_PERIPHCLK_I2C1   | RCC_PERIPHCLK
ARM GAS  /tmp/ccdeZ8JZ.s 			page 12


 332              		.loc 1 272 3 view .LVU88
 333              		.loc 1 272 39 is_stmt 0 view .LVU89
 334 0000 0B4B     		ldr	r3, .L23
 335 0002 0360     		str	r3, [r0]
 273:Drivers/STM32F0xx_HAL_Driver/Src/stm32f0xx_hal_rcc_ex.c ****   /* Get the RTC configuration --------------------------------------------*/
 274:Drivers/STM32F0xx_HAL_Driver/Src/stm32f0xx_hal_rcc_ex.c ****   PeriphClkInit->RTCClockSelection = __HAL_RCC_GET_RTC_SOURCE();
 336              		.loc 1 274 3 is_stmt 1 view .LVU90
 337              		.loc 1 274 38 is_stmt 0 view .LVU91
 338 0004 0B4B     		ldr	r3, .L23+4
 339 0006 1A6A     		ldr	r2, [r3, #32]
 340 0008 C021     		movs	r1, #192
 341 000a 8900     		lsls	r1, r1, #2
 342 000c 0A40     		ands	r2, r1
 343              		.loc 1 274 36 view .LVU92
 344 000e 4260     		str	r2, [r0, #4]
 275:Drivers/STM32F0xx_HAL_Driver/Src/stm32f0xx_hal_rcc_ex.c ****   /* Get the USART1 clock configuration --------------------------------------------*/
 276:Drivers/STM32F0xx_HAL_Driver/Src/stm32f0xx_hal_rcc_ex.c ****   PeriphClkInit->Usart1ClockSelection = __HAL_RCC_GET_USART1_SOURCE();
 345              		.loc 1 276 3 is_stmt 1 view .LVU93
 346              		.loc 1 276 41 is_stmt 0 view .LVU94
 347 0010 196B     		ldr	r1, [r3, #48]
 348 0012 0322     		movs	r2, #3
 349 0014 0A40     		ands	r2, r1
 350              		.loc 1 276 39 view .LVU95
 351 0016 8260     		str	r2, [r0, #8]
 277:Drivers/STM32F0xx_HAL_Driver/Src/stm32f0xx_hal_rcc_ex.c ****   /* Get the I2C1 clock source -----------------------------------------------*/
 278:Drivers/STM32F0xx_HAL_Driver/Src/stm32f0xx_hal_rcc_ex.c ****   PeriphClkInit->I2c1ClockSelection = __HAL_RCC_GET_I2C1_SOURCE();
 352              		.loc 1 278 3 is_stmt 1 view .LVU96
 353              		.loc 1 278 39 is_stmt 0 view .LVU97
 354 0018 196B     		ldr	r1, [r3, #48]
 355 001a 1022     		movs	r2, #16
 356 001c 0A40     		ands	r2, r1
 357              		.loc 1 278 37 view .LVU98
 358 001e C260     		str	r2, [r0, #12]
 279:Drivers/STM32F0xx_HAL_Driver/Src/stm32f0xx_hal_rcc_ex.c **** 
 280:Drivers/STM32F0xx_HAL_Driver/Src/stm32f0xx_hal_rcc_ex.c **** #if defined(STM32F071xB) || defined(STM32F072xB) || defined(STM32F078xx)\
 281:Drivers/STM32F0xx_HAL_Driver/Src/stm32f0xx_hal_rcc_ex.c ****  || defined(STM32F091xC) || defined(STM32F098xx)
 282:Drivers/STM32F0xx_HAL_Driver/Src/stm32f0xx_hal_rcc_ex.c ****   PeriphClkInit->PeriphClockSelection |= RCC_PERIPHCLK_USART2;
 283:Drivers/STM32F0xx_HAL_Driver/Src/stm32f0xx_hal_rcc_ex.c ****   /* Get the USART2 clock source ---------------------------------------------*/
 284:Drivers/STM32F0xx_HAL_Driver/Src/stm32f0xx_hal_rcc_ex.c ****   PeriphClkInit->Usart2ClockSelection = __HAL_RCC_GET_USART2_SOURCE();
 285:Drivers/STM32F0xx_HAL_Driver/Src/stm32f0xx_hal_rcc_ex.c **** #endif /* STM32F071xB || STM32F072xB || STM32F078xx || */
 286:Drivers/STM32F0xx_HAL_Driver/Src/stm32f0xx_hal_rcc_ex.c ****        /* STM32F091xC || STM32F098xx */
 287:Drivers/STM32F0xx_HAL_Driver/Src/stm32f0xx_hal_rcc_ex.c **** 
 288:Drivers/STM32F0xx_HAL_Driver/Src/stm32f0xx_hal_rcc_ex.c **** #if defined(STM32F091xC) || defined(STM32F098xx)
 289:Drivers/STM32F0xx_HAL_Driver/Src/stm32f0xx_hal_rcc_ex.c ****   PeriphClkInit->PeriphClockSelection |= RCC_PERIPHCLK_USART3;
 290:Drivers/STM32F0xx_HAL_Driver/Src/stm32f0xx_hal_rcc_ex.c ****   /* Get the USART3 clock source ---------------------------------------------*/
 291:Drivers/STM32F0xx_HAL_Driver/Src/stm32f0xx_hal_rcc_ex.c ****   PeriphClkInit->Usart3ClockSelection = __HAL_RCC_GET_USART3_SOURCE();
 292:Drivers/STM32F0xx_HAL_Driver/Src/stm32f0xx_hal_rcc_ex.c **** #endif /* STM32F091xC || STM32F098xx */
 293:Drivers/STM32F0xx_HAL_Driver/Src/stm32f0xx_hal_rcc_ex.c **** 
 294:Drivers/STM32F0xx_HAL_Driver/Src/stm32f0xx_hal_rcc_ex.c **** #if defined(STM32F042x6) || defined(STM32F048xx) || defined(STM32F072xB) || defined(STM32F078xx) ||
 295:Drivers/STM32F0xx_HAL_Driver/Src/stm32f0xx_hal_rcc_ex.c ****   PeriphClkInit->PeriphClockSelection |= RCC_PERIPHCLK_USB;
 296:Drivers/STM32F0xx_HAL_Driver/Src/stm32f0xx_hal_rcc_ex.c ****   /* Get the USB clock source ---------------------------------------------*/
 297:Drivers/STM32F0xx_HAL_Driver/Src/stm32f0xx_hal_rcc_ex.c ****   PeriphClkInit->UsbClockSelection = __HAL_RCC_GET_USB_SOURCE();
 298:Drivers/STM32F0xx_HAL_Driver/Src/stm32f0xx_hal_rcc_ex.c **** #endif /* STM32F042x6 || STM32F048xx || STM32F072xB || STM32F078xx || STM32F070xB || STM32F070x6 */
 299:Drivers/STM32F0xx_HAL_Driver/Src/stm32f0xx_hal_rcc_ex.c **** 
 300:Drivers/STM32F0xx_HAL_Driver/Src/stm32f0xx_hal_rcc_ex.c **** #if defined(STM32F042x6) || defined(STM32F048xx)\
 301:Drivers/STM32F0xx_HAL_Driver/Src/stm32f0xx_hal_rcc_ex.c ****  || defined(STM32F051x8) || defined(STM32F058xx)\
 302:Drivers/STM32F0xx_HAL_Driver/Src/stm32f0xx_hal_rcc_ex.c ****  || defined(STM32F071xB) || defined(STM32F072xB) || defined(STM32F078xx)\
ARM GAS  /tmp/ccdeZ8JZ.s 			page 13


 303:Drivers/STM32F0xx_HAL_Driver/Src/stm32f0xx_hal_rcc_ex.c ****  || defined(STM32F091xC) || defined(STM32F098xx)
 304:Drivers/STM32F0xx_HAL_Driver/Src/stm32f0xx_hal_rcc_ex.c ****   PeriphClkInit->PeriphClockSelection |= RCC_PERIPHCLK_CEC;
 359              		.loc 1 304 3 is_stmt 1 view .LVU99
 360              		.loc 1 304 39 is_stmt 0 view .LVU100
 361 0020 054A     		ldr	r2, .L23+8
 362 0022 0260     		str	r2, [r0]
 305:Drivers/STM32F0xx_HAL_Driver/Src/stm32f0xx_hal_rcc_ex.c ****   /* Get the CEC clock source ------------------------------------------------*/
 306:Drivers/STM32F0xx_HAL_Driver/Src/stm32f0xx_hal_rcc_ex.c ****   PeriphClkInit->CecClockSelection = __HAL_RCC_GET_CEC_SOURCE();
 363              		.loc 1 306 3 is_stmt 1 view .LVU101
 364              		.loc 1 306 38 is_stmt 0 view .LVU102
 365 0024 1A6B     		ldr	r2, [r3, #48]
 366 0026 4023     		movs	r3, #64
 367 0028 1340     		ands	r3, r2
 368              		.loc 1 306 36 view .LVU103
 369 002a 0361     		str	r3, [r0, #16]
 307:Drivers/STM32F0xx_HAL_Driver/Src/stm32f0xx_hal_rcc_ex.c **** #endif /* STM32F042x6 || STM32F048xx ||                */
 308:Drivers/STM32F0xx_HAL_Driver/Src/stm32f0xx_hal_rcc_ex.c ****        /* STM32F051x8 || STM32F058xx ||                */
 309:Drivers/STM32F0xx_HAL_Driver/Src/stm32f0xx_hal_rcc_ex.c ****        /* STM32F071xB || STM32F072xB || STM32F078xx || */
 310:Drivers/STM32F0xx_HAL_Driver/Src/stm32f0xx_hal_rcc_ex.c ****        /* STM32F091xC || STM32F098xx */
 311:Drivers/STM32F0xx_HAL_Driver/Src/stm32f0xx_hal_rcc_ex.c **** 
 312:Drivers/STM32F0xx_HAL_Driver/Src/stm32f0xx_hal_rcc_ex.c **** }
 370              		.loc 1 312 1 view .LVU104
 371              		@ sp needed
 372 002c 7047     		bx	lr
 373              	.L24:
 374 002e C046     		.align	2
 375              	.L23:
 376 0030 21000100 		.word	65569
 377 0034 00100240 		.word	1073876992
 378 0038 21040100 		.word	66593
 379              		.cfi_endproc
 380              	.LFE41:
 382              		.section	.text.HAL_RCCEx_GetPeriphCLKFreq,"ax",%progbits
 383              		.align	1
 384              		.global	HAL_RCCEx_GetPeriphCLKFreq
 385              		.syntax unified
 386              		.code	16
 387              		.thumb_func
 388              		.fpu softvfp
 390              	HAL_RCCEx_GetPeriphCLKFreq:
 391              	.LVL24:
 392              	.LFB42:
 313:Drivers/STM32F0xx_HAL_Driver/Src/stm32f0xx_hal_rcc_ex.c **** 
 314:Drivers/STM32F0xx_HAL_Driver/Src/stm32f0xx_hal_rcc_ex.c **** /**
 315:Drivers/STM32F0xx_HAL_Driver/Src/stm32f0xx_hal_rcc_ex.c ****   * @brief  Returns the peripheral clock frequency
 316:Drivers/STM32F0xx_HAL_Driver/Src/stm32f0xx_hal_rcc_ex.c ****   * @note   Returns 0 if peripheral clock is unknown
 317:Drivers/STM32F0xx_HAL_Driver/Src/stm32f0xx_hal_rcc_ex.c ****   * @param  PeriphClk Peripheral clock identifier
 318:Drivers/STM32F0xx_HAL_Driver/Src/stm32f0xx_hal_rcc_ex.c ****   *         This parameter can be one of the following values:
 319:Drivers/STM32F0xx_HAL_Driver/Src/stm32f0xx_hal_rcc_ex.c ****   *            @arg @ref RCC_PERIPHCLK_RTC     RTC peripheral clock
 320:Drivers/STM32F0xx_HAL_Driver/Src/stm32f0xx_hal_rcc_ex.c ****   *            @arg @ref RCC_PERIPHCLK_USART1  USART1 peripheral clock
 321:Drivers/STM32F0xx_HAL_Driver/Src/stm32f0xx_hal_rcc_ex.c ****   *            @arg @ref RCC_PERIPHCLK_I2C1    I2C1 peripheral clock
 322:Drivers/STM32F0xx_HAL_Driver/Src/stm32f0xx_hal_rcc_ex.c ****   @if STM32F042x6
 323:Drivers/STM32F0xx_HAL_Driver/Src/stm32f0xx_hal_rcc_ex.c ****   *            @arg @ref RCC_PERIPHCLK_USB     USB peripheral clock
 324:Drivers/STM32F0xx_HAL_Driver/Src/stm32f0xx_hal_rcc_ex.c ****   *            @arg @ref RCC_PERIPHCLK_CEC     CEC peripheral clock
 325:Drivers/STM32F0xx_HAL_Driver/Src/stm32f0xx_hal_rcc_ex.c ****   @endif
 326:Drivers/STM32F0xx_HAL_Driver/Src/stm32f0xx_hal_rcc_ex.c ****   @if STM32F048xx
 327:Drivers/STM32F0xx_HAL_Driver/Src/stm32f0xx_hal_rcc_ex.c ****   *            @arg @ref RCC_PERIPHCLK_USB     USB peripheral clock
ARM GAS  /tmp/ccdeZ8JZ.s 			page 14


 328:Drivers/STM32F0xx_HAL_Driver/Src/stm32f0xx_hal_rcc_ex.c ****   *            @arg @ref RCC_PERIPHCLK_CEC     CEC peripheral clock
 329:Drivers/STM32F0xx_HAL_Driver/Src/stm32f0xx_hal_rcc_ex.c ****   @endif
 330:Drivers/STM32F0xx_HAL_Driver/Src/stm32f0xx_hal_rcc_ex.c ****   @if STM32F051x8
 331:Drivers/STM32F0xx_HAL_Driver/Src/stm32f0xx_hal_rcc_ex.c ****   *            @arg @ref RCC_PERIPHCLK_CEC     CEC peripheral clock
 332:Drivers/STM32F0xx_HAL_Driver/Src/stm32f0xx_hal_rcc_ex.c ****   @endif
 333:Drivers/STM32F0xx_HAL_Driver/Src/stm32f0xx_hal_rcc_ex.c ****   @if STM32F058xx
 334:Drivers/STM32F0xx_HAL_Driver/Src/stm32f0xx_hal_rcc_ex.c ****   *            @arg @ref RCC_PERIPHCLK_CEC     CEC peripheral clock
 335:Drivers/STM32F0xx_HAL_Driver/Src/stm32f0xx_hal_rcc_ex.c ****   @endif
 336:Drivers/STM32F0xx_HAL_Driver/Src/stm32f0xx_hal_rcc_ex.c ****   @if STM32F070x6
 337:Drivers/STM32F0xx_HAL_Driver/Src/stm32f0xx_hal_rcc_ex.c ****   *            @arg @ref RCC_PERIPHCLK_USB     USB peripheral clock
 338:Drivers/STM32F0xx_HAL_Driver/Src/stm32f0xx_hal_rcc_ex.c ****   @endif
 339:Drivers/STM32F0xx_HAL_Driver/Src/stm32f0xx_hal_rcc_ex.c ****   @if STM32F070xB
 340:Drivers/STM32F0xx_HAL_Driver/Src/stm32f0xx_hal_rcc_ex.c ****   *            @arg @ref RCC_PERIPHCLK_USB     USB peripheral clock
 341:Drivers/STM32F0xx_HAL_Driver/Src/stm32f0xx_hal_rcc_ex.c ****   @endif
 342:Drivers/STM32F0xx_HAL_Driver/Src/stm32f0xx_hal_rcc_ex.c ****   @if STM32F071xB
 343:Drivers/STM32F0xx_HAL_Driver/Src/stm32f0xx_hal_rcc_ex.c ****   *            @arg @ref RCC_PERIPHCLK_USART2  USART2 peripheral clock
 344:Drivers/STM32F0xx_HAL_Driver/Src/stm32f0xx_hal_rcc_ex.c ****   *            @arg @ref RCC_PERIPHCLK_CEC     CEC peripheral clock
 345:Drivers/STM32F0xx_HAL_Driver/Src/stm32f0xx_hal_rcc_ex.c ****   @endif
 346:Drivers/STM32F0xx_HAL_Driver/Src/stm32f0xx_hal_rcc_ex.c ****   @if STM32F072xB
 347:Drivers/STM32F0xx_HAL_Driver/Src/stm32f0xx_hal_rcc_ex.c ****   *            @arg @ref RCC_PERIPHCLK_USART2  USART2 peripheral clock
 348:Drivers/STM32F0xx_HAL_Driver/Src/stm32f0xx_hal_rcc_ex.c ****   *            @arg @ref RCC_PERIPHCLK_USB     USB peripheral clock
 349:Drivers/STM32F0xx_HAL_Driver/Src/stm32f0xx_hal_rcc_ex.c ****   *            @arg @ref RCC_PERIPHCLK_CEC     CEC peripheral clock
 350:Drivers/STM32F0xx_HAL_Driver/Src/stm32f0xx_hal_rcc_ex.c ****   @endif
 351:Drivers/STM32F0xx_HAL_Driver/Src/stm32f0xx_hal_rcc_ex.c ****   @if STM32F078xx
 352:Drivers/STM32F0xx_HAL_Driver/Src/stm32f0xx_hal_rcc_ex.c ****   *            @arg @ref RCC_PERIPHCLK_USART2  USART2 peripheral clock
 353:Drivers/STM32F0xx_HAL_Driver/Src/stm32f0xx_hal_rcc_ex.c ****   *            @arg @ref RCC_PERIPHCLK_USB     USB peripheral clock
 354:Drivers/STM32F0xx_HAL_Driver/Src/stm32f0xx_hal_rcc_ex.c ****   *            @arg @ref RCC_PERIPHCLK_CEC     CEC peripheral clock
 355:Drivers/STM32F0xx_HAL_Driver/Src/stm32f0xx_hal_rcc_ex.c ****   @endif
 356:Drivers/STM32F0xx_HAL_Driver/Src/stm32f0xx_hal_rcc_ex.c ****   @if STM32F091xC
 357:Drivers/STM32F0xx_HAL_Driver/Src/stm32f0xx_hal_rcc_ex.c ****   *            @arg @ref RCC_PERIPHCLK_USART2  USART2 peripheral clock
 358:Drivers/STM32F0xx_HAL_Driver/Src/stm32f0xx_hal_rcc_ex.c ****   *            @arg @ref RCC_PERIPHCLK_USART3  USART2 peripheral clock
 359:Drivers/STM32F0xx_HAL_Driver/Src/stm32f0xx_hal_rcc_ex.c ****   *            @arg @ref RCC_PERIPHCLK_CEC     CEC peripheral clock
 360:Drivers/STM32F0xx_HAL_Driver/Src/stm32f0xx_hal_rcc_ex.c ****   @endif
 361:Drivers/STM32F0xx_HAL_Driver/Src/stm32f0xx_hal_rcc_ex.c ****   @if STM32F098xx
 362:Drivers/STM32F0xx_HAL_Driver/Src/stm32f0xx_hal_rcc_ex.c ****   *            @arg @ref RCC_PERIPHCLK_USART2  USART2 peripheral clock
 363:Drivers/STM32F0xx_HAL_Driver/Src/stm32f0xx_hal_rcc_ex.c ****   *            @arg @ref RCC_PERIPHCLK_USART3  USART2 peripheral clock
 364:Drivers/STM32F0xx_HAL_Driver/Src/stm32f0xx_hal_rcc_ex.c ****   *            @arg @ref RCC_PERIPHCLK_CEC     CEC peripheral clock
 365:Drivers/STM32F0xx_HAL_Driver/Src/stm32f0xx_hal_rcc_ex.c ****   @endif
 366:Drivers/STM32F0xx_HAL_Driver/Src/stm32f0xx_hal_rcc_ex.c ****   * @retval Frequency in Hz (0: means that no available frequency for the peripheral)
 367:Drivers/STM32F0xx_HAL_Driver/Src/stm32f0xx_hal_rcc_ex.c ****   */
 368:Drivers/STM32F0xx_HAL_Driver/Src/stm32f0xx_hal_rcc_ex.c **** uint32_t HAL_RCCEx_GetPeriphCLKFreq(uint32_t PeriphClk)
 369:Drivers/STM32F0xx_HAL_Driver/Src/stm32f0xx_hal_rcc_ex.c **** {
 393              		.loc 1 369 1 is_stmt 1 view -0
 394              		.cfi_startproc
 395              		@ args = 0, pretend = 0, frame = 0
 396              		@ frame_needed = 0, uses_anonymous_args = 0
 397              		.loc 1 369 1 is_stmt 0 view .LVU106
 398 0000 10B5     		push	{r4, lr}
 399              	.LCFI2:
 400              		.cfi_def_cfa_offset 8
 401              		.cfi_offset 4, -8
 402              		.cfi_offset 14, -4
 370:Drivers/STM32F0xx_HAL_Driver/Src/stm32f0xx_hal_rcc_ex.c ****   /* frequency == 0 : means that no available frequency for the peripheral */
 371:Drivers/STM32F0xx_HAL_Driver/Src/stm32f0xx_hal_rcc_ex.c ****   uint32_t frequency = 0U;
 403              		.loc 1 371 3 is_stmt 1 view .LVU107
 404              	.LVL25:
 372:Drivers/STM32F0xx_HAL_Driver/Src/stm32f0xx_hal_rcc_ex.c ****   
ARM GAS  /tmp/ccdeZ8JZ.s 			page 15


 373:Drivers/STM32F0xx_HAL_Driver/Src/stm32f0xx_hal_rcc_ex.c ****   uint32_t srcclk = 0U;
 405              		.loc 1 373 3 view .LVU108
 374:Drivers/STM32F0xx_HAL_Driver/Src/stm32f0xx_hal_rcc_ex.c **** #if defined(USB)
 375:Drivers/STM32F0xx_HAL_Driver/Src/stm32f0xx_hal_rcc_ex.c ****   uint32_t pllmull = 0U, pllsource = 0U, predivfactor = 0U;
 376:Drivers/STM32F0xx_HAL_Driver/Src/stm32f0xx_hal_rcc_ex.c **** #endif /* USB */
 377:Drivers/STM32F0xx_HAL_Driver/Src/stm32f0xx_hal_rcc_ex.c **** 
 378:Drivers/STM32F0xx_HAL_Driver/Src/stm32f0xx_hal_rcc_ex.c ****   /* Check the parameters */
 379:Drivers/STM32F0xx_HAL_Driver/Src/stm32f0xx_hal_rcc_ex.c ****   assert_param(IS_RCC_PERIPHCLOCK(PeriphClk));
 406              		.loc 1 379 3 view .LVU109
 380:Drivers/STM32F0xx_HAL_Driver/Src/stm32f0xx_hal_rcc_ex.c ****   
 381:Drivers/STM32F0xx_HAL_Driver/Src/stm32f0xx_hal_rcc_ex.c ****   switch (PeriphClk)
 407              		.loc 1 381 3 view .LVU110
 408 0002 8023     		movs	r3, #128
 409 0004 DB00     		lsls	r3, r3, #3
 410 0006 9842     		cmp	r0, r3
 411 0008 6AD0     		beq	.L26
 412 000a 16D8     		bhi	.L27
 413 000c 0128     		cmp	r0, #1
 414 000e 42D0     		beq	.L28
 415 0010 2028     		cmp	r0, #32
 416 0012 10D1     		bne	.L49
 382:Drivers/STM32F0xx_HAL_Driver/Src/stm32f0xx_hal_rcc_ex.c ****   {
 383:Drivers/STM32F0xx_HAL_Driver/Src/stm32f0xx_hal_rcc_ex.c ****   case RCC_PERIPHCLK_RTC:
 384:Drivers/STM32F0xx_HAL_Driver/Src/stm32f0xx_hal_rcc_ex.c ****     {
 385:Drivers/STM32F0xx_HAL_Driver/Src/stm32f0xx_hal_rcc_ex.c ****       /* Get the current RTC source */
 386:Drivers/STM32F0xx_HAL_Driver/Src/stm32f0xx_hal_rcc_ex.c ****       srcclk = __HAL_RCC_GET_RTC_SOURCE();
 387:Drivers/STM32F0xx_HAL_Driver/Src/stm32f0xx_hal_rcc_ex.c **** 
 388:Drivers/STM32F0xx_HAL_Driver/Src/stm32f0xx_hal_rcc_ex.c ****       /* Check if LSE is ready and if RTC clock selection is LSE */
 389:Drivers/STM32F0xx_HAL_Driver/Src/stm32f0xx_hal_rcc_ex.c ****       if ((srcclk == RCC_RTCCLKSOURCE_LSE) && (HAL_IS_BIT_SET(RCC->BDCR, RCC_BDCR_LSERDY)))
 390:Drivers/STM32F0xx_HAL_Driver/Src/stm32f0xx_hal_rcc_ex.c ****       {
 391:Drivers/STM32F0xx_HAL_Driver/Src/stm32f0xx_hal_rcc_ex.c ****         frequency = LSE_VALUE;
 392:Drivers/STM32F0xx_HAL_Driver/Src/stm32f0xx_hal_rcc_ex.c ****       }
 393:Drivers/STM32F0xx_HAL_Driver/Src/stm32f0xx_hal_rcc_ex.c ****       /* Check if LSI is ready and if RTC clock selection is LSI */
 394:Drivers/STM32F0xx_HAL_Driver/Src/stm32f0xx_hal_rcc_ex.c ****       else if ((srcclk == RCC_RTCCLKSOURCE_LSI) && (HAL_IS_BIT_SET(RCC->CSR, RCC_CSR_LSIRDY)))
 395:Drivers/STM32F0xx_HAL_Driver/Src/stm32f0xx_hal_rcc_ex.c ****       {
 396:Drivers/STM32F0xx_HAL_Driver/Src/stm32f0xx_hal_rcc_ex.c ****         frequency = LSI_VALUE;
 397:Drivers/STM32F0xx_HAL_Driver/Src/stm32f0xx_hal_rcc_ex.c ****       }
 398:Drivers/STM32F0xx_HAL_Driver/Src/stm32f0xx_hal_rcc_ex.c ****       /* Check if HSE is ready  and if RTC clock selection is HSI_DIV32*/
 399:Drivers/STM32F0xx_HAL_Driver/Src/stm32f0xx_hal_rcc_ex.c ****       else if ((srcclk == RCC_RTCCLKSOURCE_HSE_DIV32) && (HAL_IS_BIT_SET(RCC->CR, RCC_CR_HSERDY)))
 400:Drivers/STM32F0xx_HAL_Driver/Src/stm32f0xx_hal_rcc_ex.c ****       {
 401:Drivers/STM32F0xx_HAL_Driver/Src/stm32f0xx_hal_rcc_ex.c ****         frequency = HSE_VALUE / 32U;
 402:Drivers/STM32F0xx_HAL_Driver/Src/stm32f0xx_hal_rcc_ex.c ****       }
 403:Drivers/STM32F0xx_HAL_Driver/Src/stm32f0xx_hal_rcc_ex.c ****       break;
 404:Drivers/STM32F0xx_HAL_Driver/Src/stm32f0xx_hal_rcc_ex.c ****     }
 405:Drivers/STM32F0xx_HAL_Driver/Src/stm32f0xx_hal_rcc_ex.c ****   case RCC_PERIPHCLK_USART1:
 406:Drivers/STM32F0xx_HAL_Driver/Src/stm32f0xx_hal_rcc_ex.c ****     {
 407:Drivers/STM32F0xx_HAL_Driver/Src/stm32f0xx_hal_rcc_ex.c ****       /* Get the current USART1 source */
 408:Drivers/STM32F0xx_HAL_Driver/Src/stm32f0xx_hal_rcc_ex.c ****       srcclk = __HAL_RCC_GET_USART1_SOURCE();
 409:Drivers/STM32F0xx_HAL_Driver/Src/stm32f0xx_hal_rcc_ex.c **** 
 410:Drivers/STM32F0xx_HAL_Driver/Src/stm32f0xx_hal_rcc_ex.c ****       /* Check if USART1 clock selection is PCLK1 */
 411:Drivers/STM32F0xx_HAL_Driver/Src/stm32f0xx_hal_rcc_ex.c ****       if (srcclk == RCC_USART1CLKSOURCE_PCLK1)
 412:Drivers/STM32F0xx_HAL_Driver/Src/stm32f0xx_hal_rcc_ex.c ****       {
 413:Drivers/STM32F0xx_HAL_Driver/Src/stm32f0xx_hal_rcc_ex.c ****         frequency = HAL_RCC_GetPCLK1Freq();
 414:Drivers/STM32F0xx_HAL_Driver/Src/stm32f0xx_hal_rcc_ex.c ****       }
 415:Drivers/STM32F0xx_HAL_Driver/Src/stm32f0xx_hal_rcc_ex.c ****       /* Check if HSI is ready and if USART1 clock selection is HSI */
 416:Drivers/STM32F0xx_HAL_Driver/Src/stm32f0xx_hal_rcc_ex.c ****       else if ((srcclk == RCC_USART1CLKSOURCE_HSI) && (HAL_IS_BIT_SET(RCC->CR, RCC_CR_HSIRDY)))
 417:Drivers/STM32F0xx_HAL_Driver/Src/stm32f0xx_hal_rcc_ex.c ****       {
ARM GAS  /tmp/ccdeZ8JZ.s 			page 16


 418:Drivers/STM32F0xx_HAL_Driver/Src/stm32f0xx_hal_rcc_ex.c ****         frequency = HSI_VALUE;
 419:Drivers/STM32F0xx_HAL_Driver/Src/stm32f0xx_hal_rcc_ex.c ****       }
 420:Drivers/STM32F0xx_HAL_Driver/Src/stm32f0xx_hal_rcc_ex.c ****       /* Check if USART1 clock selection is SYSCLK */
 421:Drivers/STM32F0xx_HAL_Driver/Src/stm32f0xx_hal_rcc_ex.c ****       else if (srcclk == RCC_USART1CLKSOURCE_SYSCLK)
 422:Drivers/STM32F0xx_HAL_Driver/Src/stm32f0xx_hal_rcc_ex.c ****       {
 423:Drivers/STM32F0xx_HAL_Driver/Src/stm32f0xx_hal_rcc_ex.c ****         frequency = HAL_RCC_GetSysClockFreq();
 424:Drivers/STM32F0xx_HAL_Driver/Src/stm32f0xx_hal_rcc_ex.c ****       }
 425:Drivers/STM32F0xx_HAL_Driver/Src/stm32f0xx_hal_rcc_ex.c ****       /* Check if LSE is ready  and if USART1 clock selection is LSE */
 426:Drivers/STM32F0xx_HAL_Driver/Src/stm32f0xx_hal_rcc_ex.c ****       else if ((srcclk == RCC_USART1CLKSOURCE_LSE) && (HAL_IS_BIT_SET(RCC->BDCR, RCC_BDCR_LSERDY)))
 427:Drivers/STM32F0xx_HAL_Driver/Src/stm32f0xx_hal_rcc_ex.c ****       {
 428:Drivers/STM32F0xx_HAL_Driver/Src/stm32f0xx_hal_rcc_ex.c ****         frequency = LSE_VALUE;
 429:Drivers/STM32F0xx_HAL_Driver/Src/stm32f0xx_hal_rcc_ex.c ****       }
 430:Drivers/STM32F0xx_HAL_Driver/Src/stm32f0xx_hal_rcc_ex.c ****       break;
 431:Drivers/STM32F0xx_HAL_Driver/Src/stm32f0xx_hal_rcc_ex.c ****     }
 432:Drivers/STM32F0xx_HAL_Driver/Src/stm32f0xx_hal_rcc_ex.c **** #if defined(RCC_CFGR3_USART2SW)
 433:Drivers/STM32F0xx_HAL_Driver/Src/stm32f0xx_hal_rcc_ex.c ****   case RCC_PERIPHCLK_USART2:
 434:Drivers/STM32F0xx_HAL_Driver/Src/stm32f0xx_hal_rcc_ex.c ****     {
 435:Drivers/STM32F0xx_HAL_Driver/Src/stm32f0xx_hal_rcc_ex.c ****       /* Get the current USART2 source */
 436:Drivers/STM32F0xx_HAL_Driver/Src/stm32f0xx_hal_rcc_ex.c ****       srcclk = __HAL_RCC_GET_USART2_SOURCE();
 437:Drivers/STM32F0xx_HAL_Driver/Src/stm32f0xx_hal_rcc_ex.c **** 
 438:Drivers/STM32F0xx_HAL_Driver/Src/stm32f0xx_hal_rcc_ex.c ****       /* Check if USART2 clock selection is PCLK1 */
 439:Drivers/STM32F0xx_HAL_Driver/Src/stm32f0xx_hal_rcc_ex.c ****       if (srcclk == RCC_USART2CLKSOURCE_PCLK1)
 440:Drivers/STM32F0xx_HAL_Driver/Src/stm32f0xx_hal_rcc_ex.c ****       {
 441:Drivers/STM32F0xx_HAL_Driver/Src/stm32f0xx_hal_rcc_ex.c ****         frequency = HAL_RCC_GetPCLK1Freq();
 442:Drivers/STM32F0xx_HAL_Driver/Src/stm32f0xx_hal_rcc_ex.c ****       }
 443:Drivers/STM32F0xx_HAL_Driver/Src/stm32f0xx_hal_rcc_ex.c ****       /* Check if HSI is ready and if USART2 clock selection is HSI */
 444:Drivers/STM32F0xx_HAL_Driver/Src/stm32f0xx_hal_rcc_ex.c ****       else if ((srcclk == RCC_USART2CLKSOURCE_HSI) && (HAL_IS_BIT_SET(RCC->CR, RCC_CR_HSIRDY)))
 445:Drivers/STM32F0xx_HAL_Driver/Src/stm32f0xx_hal_rcc_ex.c ****       {
 446:Drivers/STM32F0xx_HAL_Driver/Src/stm32f0xx_hal_rcc_ex.c ****         frequency = HSI_VALUE;
 447:Drivers/STM32F0xx_HAL_Driver/Src/stm32f0xx_hal_rcc_ex.c ****       }
 448:Drivers/STM32F0xx_HAL_Driver/Src/stm32f0xx_hal_rcc_ex.c ****       /* Check if USART2 clock selection is SYSCLK */
 449:Drivers/STM32F0xx_HAL_Driver/Src/stm32f0xx_hal_rcc_ex.c ****       else if (srcclk == RCC_USART2CLKSOURCE_SYSCLK)
 450:Drivers/STM32F0xx_HAL_Driver/Src/stm32f0xx_hal_rcc_ex.c ****       {
 451:Drivers/STM32F0xx_HAL_Driver/Src/stm32f0xx_hal_rcc_ex.c ****         frequency = HAL_RCC_GetSysClockFreq();
 452:Drivers/STM32F0xx_HAL_Driver/Src/stm32f0xx_hal_rcc_ex.c ****       }
 453:Drivers/STM32F0xx_HAL_Driver/Src/stm32f0xx_hal_rcc_ex.c ****       /* Check if LSE is ready  and if USART2 clock selection is LSE */
 454:Drivers/STM32F0xx_HAL_Driver/Src/stm32f0xx_hal_rcc_ex.c ****       else if ((srcclk == RCC_USART2CLKSOURCE_LSE) && (HAL_IS_BIT_SET(RCC->BDCR, RCC_BDCR_LSERDY)))
 455:Drivers/STM32F0xx_HAL_Driver/Src/stm32f0xx_hal_rcc_ex.c ****       {
 456:Drivers/STM32F0xx_HAL_Driver/Src/stm32f0xx_hal_rcc_ex.c ****         frequency = LSE_VALUE;
 457:Drivers/STM32F0xx_HAL_Driver/Src/stm32f0xx_hal_rcc_ex.c ****       }
 458:Drivers/STM32F0xx_HAL_Driver/Src/stm32f0xx_hal_rcc_ex.c ****       break;
 459:Drivers/STM32F0xx_HAL_Driver/Src/stm32f0xx_hal_rcc_ex.c ****     }
 460:Drivers/STM32F0xx_HAL_Driver/Src/stm32f0xx_hal_rcc_ex.c **** #endif /* RCC_CFGR3_USART2SW */
 461:Drivers/STM32F0xx_HAL_Driver/Src/stm32f0xx_hal_rcc_ex.c **** #if defined(RCC_CFGR3_USART3SW)
 462:Drivers/STM32F0xx_HAL_Driver/Src/stm32f0xx_hal_rcc_ex.c ****   case RCC_PERIPHCLK_USART3:
 463:Drivers/STM32F0xx_HAL_Driver/Src/stm32f0xx_hal_rcc_ex.c ****     {
 464:Drivers/STM32F0xx_HAL_Driver/Src/stm32f0xx_hal_rcc_ex.c ****       /* Get the current USART3 source */
 465:Drivers/STM32F0xx_HAL_Driver/Src/stm32f0xx_hal_rcc_ex.c ****       srcclk = __HAL_RCC_GET_USART3_SOURCE();
 466:Drivers/STM32F0xx_HAL_Driver/Src/stm32f0xx_hal_rcc_ex.c **** 
 467:Drivers/STM32F0xx_HAL_Driver/Src/stm32f0xx_hal_rcc_ex.c ****       /* Check if USART3 clock selection is PCLK1 */
 468:Drivers/STM32F0xx_HAL_Driver/Src/stm32f0xx_hal_rcc_ex.c ****       if (srcclk == RCC_USART3CLKSOURCE_PCLK1)
 469:Drivers/STM32F0xx_HAL_Driver/Src/stm32f0xx_hal_rcc_ex.c ****       {
 470:Drivers/STM32F0xx_HAL_Driver/Src/stm32f0xx_hal_rcc_ex.c ****         frequency = HAL_RCC_GetPCLK1Freq();
 471:Drivers/STM32F0xx_HAL_Driver/Src/stm32f0xx_hal_rcc_ex.c ****       }
 472:Drivers/STM32F0xx_HAL_Driver/Src/stm32f0xx_hal_rcc_ex.c ****       /* Check if HSI is ready and if USART3 clock selection is HSI */
 473:Drivers/STM32F0xx_HAL_Driver/Src/stm32f0xx_hal_rcc_ex.c ****       else if ((srcclk == RCC_USART3CLKSOURCE_HSI) && (HAL_IS_BIT_SET(RCC->CR, RCC_CR_HSIRDY)))
 474:Drivers/STM32F0xx_HAL_Driver/Src/stm32f0xx_hal_rcc_ex.c ****       {
ARM GAS  /tmp/ccdeZ8JZ.s 			page 17


 475:Drivers/STM32F0xx_HAL_Driver/Src/stm32f0xx_hal_rcc_ex.c ****         frequency = HSI_VALUE;
 476:Drivers/STM32F0xx_HAL_Driver/Src/stm32f0xx_hal_rcc_ex.c ****       }
 477:Drivers/STM32F0xx_HAL_Driver/Src/stm32f0xx_hal_rcc_ex.c ****       /* Check if USART3 clock selection is SYSCLK */
 478:Drivers/STM32F0xx_HAL_Driver/Src/stm32f0xx_hal_rcc_ex.c ****       else if (srcclk == RCC_USART3CLKSOURCE_SYSCLK)
 479:Drivers/STM32F0xx_HAL_Driver/Src/stm32f0xx_hal_rcc_ex.c ****       {
 480:Drivers/STM32F0xx_HAL_Driver/Src/stm32f0xx_hal_rcc_ex.c ****         frequency = HAL_RCC_GetSysClockFreq();
 481:Drivers/STM32F0xx_HAL_Driver/Src/stm32f0xx_hal_rcc_ex.c ****       }
 482:Drivers/STM32F0xx_HAL_Driver/Src/stm32f0xx_hal_rcc_ex.c ****       /* Check if LSE is ready  and if USART3 clock selection is LSE */
 483:Drivers/STM32F0xx_HAL_Driver/Src/stm32f0xx_hal_rcc_ex.c ****       else if ((srcclk == RCC_USART3CLKSOURCE_LSE) && (HAL_IS_BIT_SET(RCC->BDCR, RCC_BDCR_LSERDY)))
 484:Drivers/STM32F0xx_HAL_Driver/Src/stm32f0xx_hal_rcc_ex.c ****       {
 485:Drivers/STM32F0xx_HAL_Driver/Src/stm32f0xx_hal_rcc_ex.c ****         frequency = LSE_VALUE;
 486:Drivers/STM32F0xx_HAL_Driver/Src/stm32f0xx_hal_rcc_ex.c ****       }
 487:Drivers/STM32F0xx_HAL_Driver/Src/stm32f0xx_hal_rcc_ex.c ****       break;
 488:Drivers/STM32F0xx_HAL_Driver/Src/stm32f0xx_hal_rcc_ex.c ****     }
 489:Drivers/STM32F0xx_HAL_Driver/Src/stm32f0xx_hal_rcc_ex.c **** #endif /* RCC_CFGR3_USART3SW */
 490:Drivers/STM32F0xx_HAL_Driver/Src/stm32f0xx_hal_rcc_ex.c ****   case RCC_PERIPHCLK_I2C1:
 491:Drivers/STM32F0xx_HAL_Driver/Src/stm32f0xx_hal_rcc_ex.c ****     {
 492:Drivers/STM32F0xx_HAL_Driver/Src/stm32f0xx_hal_rcc_ex.c ****       /* Get the current I2C1 source */
 493:Drivers/STM32F0xx_HAL_Driver/Src/stm32f0xx_hal_rcc_ex.c ****       srcclk = __HAL_RCC_GET_I2C1_SOURCE();
 417              		.loc 1 493 7 view .LVU111
 418              		.loc 1 493 16 is_stmt 0 view .LVU112
 419 0014 414B     		ldr	r3, .L57
 420 0016 1B6B     		ldr	r3, [r3, #48]
 421              		.loc 1 493 14 view .LVU113
 422 0018 1022     		movs	r2, #16
 423 001a 1000     		movs	r0, r2
 424              	.LVL26:
 425              		.loc 1 493 14 view .LVU114
 426 001c 1840     		ands	r0, r3
 427              	.LVL27:
 494:Drivers/STM32F0xx_HAL_Driver/Src/stm32f0xx_hal_rcc_ex.c **** 
 495:Drivers/STM32F0xx_HAL_Driver/Src/stm32f0xx_hal_rcc_ex.c ****       /* Check if HSI is ready and if I2C1 clock selection is HSI */
 496:Drivers/STM32F0xx_HAL_Driver/Src/stm32f0xx_hal_rcc_ex.c ****       if ((srcclk == RCC_I2C1CLKSOURCE_HSI) && (HAL_IS_BIT_SET(RCC->CR, RCC_CR_HSIRDY)))
 428              		.loc 1 496 7 is_stmt 1 view .LVU115
 429              		.loc 1 496 10 is_stmt 0 view .LVU116
 430 001e 1A42     		tst	r2, r3
 431 0020 04D1     		bne	.L36
 432              		.loc 1 496 49 discriminator 1 view .LVU117
 433 0022 3E4B     		ldr	r3, .L57
 434 0024 1B68     		ldr	r3, [r3]
 435              		.loc 1 496 45 discriminator 1 view .LVU118
 436 0026 9B07     		lsls	r3, r3, #30
 437 0028 00D5     		bpl	.LCB399
 438 002a 72E0     		b	.L46	@long jump
 439              	.LCB399:
 440              	.L36:
 497:Drivers/STM32F0xx_HAL_Driver/Src/stm32f0xx_hal_rcc_ex.c ****       {
 498:Drivers/STM32F0xx_HAL_Driver/Src/stm32f0xx_hal_rcc_ex.c ****         frequency = HSI_VALUE;
 499:Drivers/STM32F0xx_HAL_Driver/Src/stm32f0xx_hal_rcc_ex.c ****       }
 500:Drivers/STM32F0xx_HAL_Driver/Src/stm32f0xx_hal_rcc_ex.c ****       /* Check if I2C1 clock selection is SYSCLK */
 501:Drivers/STM32F0xx_HAL_Driver/Src/stm32f0xx_hal_rcc_ex.c ****       else if (srcclk == RCC_I2C1CLKSOURCE_SYSCLK)
 441              		.loc 1 501 12 is_stmt 1 view .LVU119
 442              		.loc 1 501 15 is_stmt 0 view .LVU120
 443 002c 0028     		cmp	r0, #0
 444 002e 6FD0     		beq	.L25
 502:Drivers/STM32F0xx_HAL_Driver/Src/stm32f0xx_hal_rcc_ex.c ****       {
 503:Drivers/STM32F0xx_HAL_Driver/Src/stm32f0xx_hal_rcc_ex.c ****         frequency = HAL_RCC_GetSysClockFreq();
ARM GAS  /tmp/ccdeZ8JZ.s 			page 18


 445              		.loc 1 503 9 is_stmt 1 view .LVU121
 446              		.loc 1 503 21 is_stmt 0 view .LVU122
 447 0030 FFF7FEFF 		bl	HAL_RCC_GetSysClockFreq
 448              	.LVL28:
 449              		.loc 1 503 21 view .LVU123
 450 0034 6CE0     		b	.L25
 451              	.LVL29:
 452              	.L49:
 381:Drivers/STM32F0xx_HAL_Driver/Src/stm32f0xx_hal_rcc_ex.c ****   {
 453              		.loc 1 381 3 view .LVU124
 454 0036 0020     		movs	r0, #0
 455              	.LVL30:
 381:Drivers/STM32F0xx_HAL_Driver/Src/stm32f0xx_hal_rcc_ex.c ****   {
 456              		.loc 1 381 3 view .LVU125
 457 0038 6AE0     		b	.L25
 458              	.LVL31:
 459              	.L27:
 381:Drivers/STM32F0xx_HAL_Driver/Src/stm32f0xx_hal_rcc_ex.c ****   {
 460              		.loc 1 381 3 view .LVU126
 461 003a 8023     		movs	r3, #128
 462 003c 5B02     		lsls	r3, r3, #9
 463 003e 9842     		cmp	r0, r3
 464 0040 65D1     		bne	.L38
 386:Drivers/STM32F0xx_HAL_Driver/Src/stm32f0xx_hal_rcc_ex.c **** 
 465              		.loc 1 386 7 is_stmt 1 view .LVU127
 386:Drivers/STM32F0xx_HAL_Driver/Src/stm32f0xx_hal_rcc_ex.c **** 
 466              		.loc 1 386 16 is_stmt 0 view .LVU128
 467 0042 364B     		ldr	r3, .L57
 468 0044 1B6A     		ldr	r3, [r3, #32]
 386:Drivers/STM32F0xx_HAL_Driver/Src/stm32f0xx_hal_rcc_ex.c **** 
 469              		.loc 1 386 14 view .LVU129
 470 0046 C022     		movs	r2, #192
 471 0048 9200     		lsls	r2, r2, #2
 472 004a 1340     		ands	r3, r2
 473              	.LVL32:
 389:Drivers/STM32F0xx_HAL_Driver/Src/stm32f0xx_hal_rcc_ex.c ****       {
 474              		.loc 1 389 7 is_stmt 1 view .LVU130
 389:Drivers/STM32F0xx_HAL_Driver/Src/stm32f0xx_hal_rcc_ex.c ****       {
 475              		.loc 1 389 10 is_stmt 0 view .LVU131
 476 004c 8022     		movs	r2, #128
 477 004e 5200     		lsls	r2, r2, #1
 478 0050 9342     		cmp	r3, r2
 479 0052 09D0     		beq	.L50
 480              	.L31:
 394:Drivers/STM32F0xx_HAL_Driver/Src/stm32f0xx_hal_rcc_ex.c ****       {
 481              		.loc 1 394 12 is_stmt 1 view .LVU132
 394:Drivers/STM32F0xx_HAL_Driver/Src/stm32f0xx_hal_rcc_ex.c ****       {
 482              		.loc 1 394 15 is_stmt 0 view .LVU133
 483 0054 8022     		movs	r2, #128
 484 0056 9200     		lsls	r2, r2, #2
 485 0058 9342     		cmp	r3, r2
 486 005a 0CD0     		beq	.L51
 487              	.L32:
 399:Drivers/STM32F0xx_HAL_Driver/Src/stm32f0xx_hal_rcc_ex.c ****       {
 488              		.loc 1 399 12 is_stmt 1 view .LVU134
 399:Drivers/STM32F0xx_HAL_Driver/Src/stm32f0xx_hal_rcc_ex.c ****       {
 489              		.loc 1 399 15 is_stmt 0 view .LVU135
ARM GAS  /tmp/ccdeZ8JZ.s 			page 19


 490 005c C022     		movs	r2, #192
 491 005e 9200     		lsls	r2, r2, #2
 492 0060 9342     		cmp	r3, r2
 493 0062 0ED0     		beq	.L52
 371:Drivers/STM32F0xx_HAL_Driver/Src/stm32f0xx_hal_rcc_ex.c ****   
 494              		.loc 1 371 12 view .LVU136
 495 0064 0020     		movs	r0, #0
 496              	.LVL33:
 371:Drivers/STM32F0xx_HAL_Driver/Src/stm32f0xx_hal_rcc_ex.c ****   
 497              		.loc 1 371 12 view .LVU137
 498 0066 53E0     		b	.L25
 499              	.LVL34:
 500              	.L50:
 389:Drivers/STM32F0xx_HAL_Driver/Src/stm32f0xx_hal_rcc_ex.c ****       {
 501              		.loc 1 389 48 discriminator 1 view .LVU138
 502 0068 2C4A     		ldr	r2, .L57
 503 006a 126A     		ldr	r2, [r2, #32]
 389:Drivers/STM32F0xx_HAL_Driver/Src/stm32f0xx_hal_rcc_ex.c ****       {
 504              		.loc 1 389 44 discriminator 1 view .LVU139
 505 006c 9207     		lsls	r2, r2, #30
 506 006e F1D5     		bpl	.L31
 391:Drivers/STM32F0xx_HAL_Driver/Src/stm32f0xx_hal_rcc_ex.c ****       }
 507              		.loc 1 391 19 view .LVU140
 508 0070 8020     		movs	r0, #128
 509              	.LVL35:
 391:Drivers/STM32F0xx_HAL_Driver/Src/stm32f0xx_hal_rcc_ex.c ****       }
 510              		.loc 1 391 19 view .LVU141
 511 0072 0002     		lsls	r0, r0, #8
 512 0074 4CE0     		b	.L25
 513              	.LVL36:
 514              	.L51:
 394:Drivers/STM32F0xx_HAL_Driver/Src/stm32f0xx_hal_rcc_ex.c ****       {
 515              		.loc 1 394 53 discriminator 1 view .LVU142
 516 0076 294A     		ldr	r2, .L57
 517 0078 526A     		ldr	r2, [r2, #36]
 394:Drivers/STM32F0xx_HAL_Driver/Src/stm32f0xx_hal_rcc_ex.c ****       {
 518              		.loc 1 394 49 discriminator 1 view .LVU143
 519 007a 9207     		lsls	r2, r2, #30
 520 007c EED5     		bpl	.L32
 396:Drivers/STM32F0xx_HAL_Driver/Src/stm32f0xx_hal_rcc_ex.c ****       }
 521              		.loc 1 396 19 view .LVU144
 522 007e 2848     		ldr	r0, .L57+4
 523              	.LVL37:
 396:Drivers/STM32F0xx_HAL_Driver/Src/stm32f0xx_hal_rcc_ex.c ****       }
 524              		.loc 1 396 19 view .LVU145
 525 0080 46E0     		b	.L25
 526              	.LVL38:
 527              	.L52:
 399:Drivers/STM32F0xx_HAL_Driver/Src/stm32f0xx_hal_rcc_ex.c ****       {
 528              		.loc 1 399 59 discriminator 1 view .LVU146
 529 0082 264B     		ldr	r3, .L57
 530              	.LVL39:
 399:Drivers/STM32F0xx_HAL_Driver/Src/stm32f0xx_hal_rcc_ex.c ****       {
 531              		.loc 1 399 59 discriminator 1 view .LVU147
 532 0084 1A68     		ldr	r2, [r3]
 533 0086 8023     		movs	r3, #128
 534 0088 9B02     		lsls	r3, r3, #10
ARM GAS  /tmp/ccdeZ8JZ.s 			page 20


 535 008a 1000     		movs	r0, r2
 536              	.LVL40:
 399:Drivers/STM32F0xx_HAL_Driver/Src/stm32f0xx_hal_rcc_ex.c ****       {
 537              		.loc 1 399 59 discriminator 1 view .LVU148
 538 008c 1840     		ands	r0, r3
 399:Drivers/STM32F0xx_HAL_Driver/Src/stm32f0xx_hal_rcc_ex.c ****       {
 539              		.loc 1 399 55 discriminator 1 view .LVU149
 540 008e 1A42     		tst	r2, r3
 541 0090 3ED0     		beq	.L25
 401:Drivers/STM32F0xx_HAL_Driver/Src/stm32f0xx_hal_rcc_ex.c ****       }
 542              		.loc 1 401 19 view .LVU150
 543 0092 2448     		ldr	r0, .L57+8
 544 0094 3CE0     		b	.L25
 545              	.LVL41:
 546              	.L28:
 408:Drivers/STM32F0xx_HAL_Driver/Src/stm32f0xx_hal_rcc_ex.c **** 
 547              		.loc 1 408 7 is_stmt 1 view .LVU151
 408:Drivers/STM32F0xx_HAL_Driver/Src/stm32f0xx_hal_rcc_ex.c **** 
 548              		.loc 1 408 16 is_stmt 0 view .LVU152
 549 0096 214B     		ldr	r3, .L57
 550 0098 1B6B     		ldr	r3, [r3, #48]
 408:Drivers/STM32F0xx_HAL_Driver/Src/stm32f0xx_hal_rcc_ex.c **** 
 551              		.loc 1 408 14 view .LVU153
 552 009a 0322     		movs	r2, #3
 553 009c 1100     		movs	r1, r2
 554 009e 1940     		ands	r1, r3
 555              	.LVL42:
 411:Drivers/STM32F0xx_HAL_Driver/Src/stm32f0xx_hal_rcc_ex.c ****       {
 556              		.loc 1 411 7 is_stmt 1 view .LVU154
 411:Drivers/STM32F0xx_HAL_Driver/Src/stm32f0xx_hal_rcc_ex.c ****       {
 557              		.loc 1 411 10 is_stmt 0 view .LVU155
 558 00a0 1A42     		tst	r2, r3
 559 00a2 07D0     		beq	.L53
 416:Drivers/STM32F0xx_HAL_Driver/Src/stm32f0xx_hal_rcc_ex.c ****       {
 560              		.loc 1 416 12 is_stmt 1 view .LVU156
 416:Drivers/STM32F0xx_HAL_Driver/Src/stm32f0xx_hal_rcc_ex.c ****       {
 561              		.loc 1 416 15 is_stmt 0 view .LVU157
 562 00a4 0329     		cmp	r1, #3
 563 00a6 08D0     		beq	.L54
 564              	.L34:
 421:Drivers/STM32F0xx_HAL_Driver/Src/stm32f0xx_hal_rcc_ex.c ****       {
 565              		.loc 1 421 12 is_stmt 1 view .LVU158
 421:Drivers/STM32F0xx_HAL_Driver/Src/stm32f0xx_hal_rcc_ex.c ****       {
 566              		.loc 1 421 15 is_stmt 0 view .LVU159
 567 00a8 0129     		cmp	r1, #1
 568 00aa 0CD0     		beq	.L55
 426:Drivers/STM32F0xx_HAL_Driver/Src/stm32f0xx_hal_rcc_ex.c ****       {
 569              		.loc 1 426 12 is_stmt 1 view .LVU160
 426:Drivers/STM32F0xx_HAL_Driver/Src/stm32f0xx_hal_rcc_ex.c ****       {
 570              		.loc 1 426 15 is_stmt 0 view .LVU161
 571 00ac 0229     		cmp	r1, #2
 572 00ae 0DD0     		beq	.L56
 371:Drivers/STM32F0xx_HAL_Driver/Src/stm32f0xx_hal_rcc_ex.c ****   
 573              		.loc 1 371 12 view .LVU162
 574 00b0 0020     		movs	r0, #0
 575              	.LVL43:
 371:Drivers/STM32F0xx_HAL_Driver/Src/stm32f0xx_hal_rcc_ex.c ****   
ARM GAS  /tmp/ccdeZ8JZ.s 			page 21


 576              		.loc 1 371 12 view .LVU163
 577 00b2 2DE0     		b	.L25
 578              	.LVL44:
 579              	.L53:
 413:Drivers/STM32F0xx_HAL_Driver/Src/stm32f0xx_hal_rcc_ex.c ****       }
 580              		.loc 1 413 9 is_stmt 1 view .LVU164
 413:Drivers/STM32F0xx_HAL_Driver/Src/stm32f0xx_hal_rcc_ex.c ****       }
 581              		.loc 1 413 21 is_stmt 0 view .LVU165
 582 00b4 FFF7FEFF 		bl	HAL_RCC_GetPCLK1Freq
 583              	.LVL45:
 413:Drivers/STM32F0xx_HAL_Driver/Src/stm32f0xx_hal_rcc_ex.c ****       }
 584              		.loc 1 413 21 view .LVU166
 585 00b8 2AE0     		b	.L25
 586              	.LVL46:
 587              	.L54:
 416:Drivers/STM32F0xx_HAL_Driver/Src/stm32f0xx_hal_rcc_ex.c ****       {
 588              		.loc 1 416 56 discriminator 1 view .LVU167
 589 00ba 184B     		ldr	r3, .L57
 590 00bc 1B68     		ldr	r3, [r3]
 416:Drivers/STM32F0xx_HAL_Driver/Src/stm32f0xx_hal_rcc_ex.c ****       {
 591              		.loc 1 416 52 discriminator 1 view .LVU168
 592 00be 9B07     		lsls	r3, r3, #30
 593 00c0 F2D5     		bpl	.L34
 418:Drivers/STM32F0xx_HAL_Driver/Src/stm32f0xx_hal_rcc_ex.c ****       }
 594              		.loc 1 418 19 view .LVU169
 595 00c2 1948     		ldr	r0, .L57+12
 596              	.LVL47:
 418:Drivers/STM32F0xx_HAL_Driver/Src/stm32f0xx_hal_rcc_ex.c ****       }
 597              		.loc 1 418 19 view .LVU170
 598 00c4 24E0     		b	.L25
 599              	.LVL48:
 600              	.L55:
 423:Drivers/STM32F0xx_HAL_Driver/Src/stm32f0xx_hal_rcc_ex.c ****       }
 601              		.loc 1 423 9 is_stmt 1 view .LVU171
 423:Drivers/STM32F0xx_HAL_Driver/Src/stm32f0xx_hal_rcc_ex.c ****       }
 602              		.loc 1 423 21 is_stmt 0 view .LVU172
 603 00c6 FFF7FEFF 		bl	HAL_RCC_GetSysClockFreq
 604              	.LVL49:
 423:Drivers/STM32F0xx_HAL_Driver/Src/stm32f0xx_hal_rcc_ex.c ****       }
 605              		.loc 1 423 21 view .LVU173
 606 00ca 21E0     		b	.L25
 607              	.LVL50:
 608              	.L56:
 426:Drivers/STM32F0xx_HAL_Driver/Src/stm32f0xx_hal_rcc_ex.c ****       {
 609              		.loc 1 426 56 discriminator 1 view .LVU174
 610 00cc 134B     		ldr	r3, .L57
 611 00ce 1B6A     		ldr	r3, [r3, #32]
 612 00d0 0222     		movs	r2, #2
 613 00d2 1000     		movs	r0, r2
 614              	.LVL51:
 426:Drivers/STM32F0xx_HAL_Driver/Src/stm32f0xx_hal_rcc_ex.c ****       {
 615              		.loc 1 426 56 discriminator 1 view .LVU175
 616 00d4 1840     		ands	r0, r3
 426:Drivers/STM32F0xx_HAL_Driver/Src/stm32f0xx_hal_rcc_ex.c ****       {
 617              		.loc 1 426 52 discriminator 1 view .LVU176
 618 00d6 1A42     		tst	r2, r3
 619 00d8 1AD0     		beq	.L25
ARM GAS  /tmp/ccdeZ8JZ.s 			page 22


 428:Drivers/STM32F0xx_HAL_Driver/Src/stm32f0xx_hal_rcc_ex.c ****       }
 620              		.loc 1 428 19 view .LVU177
 621 00da 8020     		movs	r0, #128
 622 00dc 0002     		lsls	r0, r0, #8
 623 00de 17E0     		b	.L25
 624              	.LVL52:
 625              	.L26:
 504:Drivers/STM32F0xx_HAL_Driver/Src/stm32f0xx_hal_rcc_ex.c ****       }
 505:Drivers/STM32F0xx_HAL_Driver/Src/stm32f0xx_hal_rcc_ex.c ****       break;
 506:Drivers/STM32F0xx_HAL_Driver/Src/stm32f0xx_hal_rcc_ex.c ****     }
 507:Drivers/STM32F0xx_HAL_Driver/Src/stm32f0xx_hal_rcc_ex.c **** #if defined(USB)
 508:Drivers/STM32F0xx_HAL_Driver/Src/stm32f0xx_hal_rcc_ex.c ****   case RCC_PERIPHCLK_USB:
 509:Drivers/STM32F0xx_HAL_Driver/Src/stm32f0xx_hal_rcc_ex.c ****     {
 510:Drivers/STM32F0xx_HAL_Driver/Src/stm32f0xx_hal_rcc_ex.c ****       /* Get the current USB source */
 511:Drivers/STM32F0xx_HAL_Driver/Src/stm32f0xx_hal_rcc_ex.c ****       srcclk = __HAL_RCC_GET_USB_SOURCE();
 512:Drivers/STM32F0xx_HAL_Driver/Src/stm32f0xx_hal_rcc_ex.c **** 
 513:Drivers/STM32F0xx_HAL_Driver/Src/stm32f0xx_hal_rcc_ex.c ****       /* Check if PLL is ready and if USB clock selection is PLL */
 514:Drivers/STM32F0xx_HAL_Driver/Src/stm32f0xx_hal_rcc_ex.c ****       if ((srcclk == RCC_USBCLKSOURCE_PLL) && (HAL_IS_BIT_SET(RCC->CR, RCC_CR_PLLRDY)))
 515:Drivers/STM32F0xx_HAL_Driver/Src/stm32f0xx_hal_rcc_ex.c ****       {
 516:Drivers/STM32F0xx_HAL_Driver/Src/stm32f0xx_hal_rcc_ex.c ****         /* Get PLL clock source and multiplication factor ----------------------*/
 517:Drivers/STM32F0xx_HAL_Driver/Src/stm32f0xx_hal_rcc_ex.c ****         pllmull      = RCC->CFGR & RCC_CFGR_PLLMUL;
 518:Drivers/STM32F0xx_HAL_Driver/Src/stm32f0xx_hal_rcc_ex.c ****         pllsource    = RCC->CFGR & RCC_CFGR_PLLSRC;
 519:Drivers/STM32F0xx_HAL_Driver/Src/stm32f0xx_hal_rcc_ex.c ****         pllmull      = (pllmull >> RCC_CFGR_PLLMUL_BITNUMBER) + 2U;
 520:Drivers/STM32F0xx_HAL_Driver/Src/stm32f0xx_hal_rcc_ex.c ****         predivfactor = (RCC->CFGR2 & RCC_CFGR2_PREDIV) + 1U;
 521:Drivers/STM32F0xx_HAL_Driver/Src/stm32f0xx_hal_rcc_ex.c **** 
 522:Drivers/STM32F0xx_HAL_Driver/Src/stm32f0xx_hal_rcc_ex.c ****         if (pllsource == RCC_CFGR_PLLSRC_HSE_PREDIV)
 523:Drivers/STM32F0xx_HAL_Driver/Src/stm32f0xx_hal_rcc_ex.c ****         {
 524:Drivers/STM32F0xx_HAL_Driver/Src/stm32f0xx_hal_rcc_ex.c ****           /* HSE used as PLL clock source : frequency = HSE/PREDIV * PLLMUL */
 525:Drivers/STM32F0xx_HAL_Driver/Src/stm32f0xx_hal_rcc_ex.c ****           frequency = (HSE_VALUE/predivfactor) * pllmull;
 526:Drivers/STM32F0xx_HAL_Driver/Src/stm32f0xx_hal_rcc_ex.c ****         }
 527:Drivers/STM32F0xx_HAL_Driver/Src/stm32f0xx_hal_rcc_ex.c **** #if defined(RCC_CR2_HSI48ON)
 528:Drivers/STM32F0xx_HAL_Driver/Src/stm32f0xx_hal_rcc_ex.c ****         else if (pllsource == RCC_CFGR_PLLSRC_HSI48_PREDIV)
 529:Drivers/STM32F0xx_HAL_Driver/Src/stm32f0xx_hal_rcc_ex.c ****         {
 530:Drivers/STM32F0xx_HAL_Driver/Src/stm32f0xx_hal_rcc_ex.c ****           /* HSI48 used as PLL clock source : frequency = HSI48/PREDIV * PLLMUL */
 531:Drivers/STM32F0xx_HAL_Driver/Src/stm32f0xx_hal_rcc_ex.c ****           frequency = (HSI48_VALUE / predivfactor) * pllmull;
 532:Drivers/STM32F0xx_HAL_Driver/Src/stm32f0xx_hal_rcc_ex.c ****         }
 533:Drivers/STM32F0xx_HAL_Driver/Src/stm32f0xx_hal_rcc_ex.c **** #endif /* RCC_CR2_HSI48ON */
 534:Drivers/STM32F0xx_HAL_Driver/Src/stm32f0xx_hal_rcc_ex.c ****         else
 535:Drivers/STM32F0xx_HAL_Driver/Src/stm32f0xx_hal_rcc_ex.c ****         {
 536:Drivers/STM32F0xx_HAL_Driver/Src/stm32f0xx_hal_rcc_ex.c **** #if defined(STM32F042x6) || defined(STM32F048xx) || defined(STM32F078xx) || defined(STM32F072xB) ||
 537:Drivers/STM32F0xx_HAL_Driver/Src/stm32f0xx_hal_rcc_ex.c ****           /* HSI used as PLL clock source : frequency = HSI/PREDIV * PLLMUL */
 538:Drivers/STM32F0xx_HAL_Driver/Src/stm32f0xx_hal_rcc_ex.c ****           frequency = (HSI_VALUE / predivfactor) * pllmull;
 539:Drivers/STM32F0xx_HAL_Driver/Src/stm32f0xx_hal_rcc_ex.c **** #else
 540:Drivers/STM32F0xx_HAL_Driver/Src/stm32f0xx_hal_rcc_ex.c ****           /* HSI used as PLL clock source : frequency = HSI/2U * PLLMUL */
 541:Drivers/STM32F0xx_HAL_Driver/Src/stm32f0xx_hal_rcc_ex.c ****           frequency = (HSI_VALUE >> 1U) * pllmull;
 542:Drivers/STM32F0xx_HAL_Driver/Src/stm32f0xx_hal_rcc_ex.c **** #endif /* STM32F042x6 || STM32F048xx || STM32F072xB || STM32F078xx || STM32F070xB */
 543:Drivers/STM32F0xx_HAL_Driver/Src/stm32f0xx_hal_rcc_ex.c ****         }
 544:Drivers/STM32F0xx_HAL_Driver/Src/stm32f0xx_hal_rcc_ex.c ****       }
 545:Drivers/STM32F0xx_HAL_Driver/Src/stm32f0xx_hal_rcc_ex.c **** #if defined(RCC_CR2_HSI48ON)
 546:Drivers/STM32F0xx_HAL_Driver/Src/stm32f0xx_hal_rcc_ex.c ****       /* Check if HSI48 is ready and if USB clock selection is HSI48 */
 547:Drivers/STM32F0xx_HAL_Driver/Src/stm32f0xx_hal_rcc_ex.c ****       else if ((srcclk == RCC_USBCLKSOURCE_HSI48) && (HAL_IS_BIT_SET(RCC->CR2, RCC_CR2_HSI48RDY)))
 548:Drivers/STM32F0xx_HAL_Driver/Src/stm32f0xx_hal_rcc_ex.c ****       {
 549:Drivers/STM32F0xx_HAL_Driver/Src/stm32f0xx_hal_rcc_ex.c ****         frequency = HSI48_VALUE;
 550:Drivers/STM32F0xx_HAL_Driver/Src/stm32f0xx_hal_rcc_ex.c ****       }
 551:Drivers/STM32F0xx_HAL_Driver/Src/stm32f0xx_hal_rcc_ex.c **** #endif /* RCC_CR2_HSI48ON */
 552:Drivers/STM32F0xx_HAL_Driver/Src/stm32f0xx_hal_rcc_ex.c ****       break;
 553:Drivers/STM32F0xx_HAL_Driver/Src/stm32f0xx_hal_rcc_ex.c ****     }
ARM GAS  /tmp/ccdeZ8JZ.s 			page 23


 554:Drivers/STM32F0xx_HAL_Driver/Src/stm32f0xx_hal_rcc_ex.c **** #endif /* USB */
 555:Drivers/STM32F0xx_HAL_Driver/Src/stm32f0xx_hal_rcc_ex.c **** #if defined(CEC)
 556:Drivers/STM32F0xx_HAL_Driver/Src/stm32f0xx_hal_rcc_ex.c ****   case RCC_PERIPHCLK_CEC:
 557:Drivers/STM32F0xx_HAL_Driver/Src/stm32f0xx_hal_rcc_ex.c ****     {
 558:Drivers/STM32F0xx_HAL_Driver/Src/stm32f0xx_hal_rcc_ex.c ****       /* Get the current CEC source */
 559:Drivers/STM32F0xx_HAL_Driver/Src/stm32f0xx_hal_rcc_ex.c ****       srcclk = __HAL_RCC_GET_CEC_SOURCE();
 626              		.loc 1 559 7 is_stmt 1 view .LVU178
 627              		.loc 1 559 16 is_stmt 0 view .LVU179
 628 00e0 0E4B     		ldr	r3, .L57
 629 00e2 1B6B     		ldr	r3, [r3, #48]
 630              		.loc 1 559 14 view .LVU180
 631 00e4 4022     		movs	r2, #64
 632 00e6 1000     		movs	r0, r2
 633              	.LVL53:
 634              		.loc 1 559 14 view .LVU181
 635 00e8 1840     		ands	r0, r3
 636              	.LVL54:
 560:Drivers/STM32F0xx_HAL_Driver/Src/stm32f0xx_hal_rcc_ex.c **** 
 561:Drivers/STM32F0xx_HAL_Driver/Src/stm32f0xx_hal_rcc_ex.c ****       /* Check if HSI is ready and if CEC clock selection is HSI */
 562:Drivers/STM32F0xx_HAL_Driver/Src/stm32f0xx_hal_rcc_ex.c ****       if ((srcclk == RCC_CECCLKSOURCE_HSI) && (HAL_IS_BIT_SET(RCC->CR, RCC_CR_HSIRDY)))
 637              		.loc 1 562 7 is_stmt 1 view .LVU182
 638              		.loc 1 562 10 is_stmt 0 view .LVU183
 639 00ea 1A42     		tst	r2, r3
 640 00ec 03D1     		bne	.L37
 641              		.loc 1 562 48 discriminator 1 view .LVU184
 642 00ee 0B4B     		ldr	r3, .L57
 643 00f0 1B68     		ldr	r3, [r3]
 644              		.loc 1 562 44 discriminator 1 view .LVU185
 645 00f2 9B07     		lsls	r3, r3, #30
 646 00f4 0FD4     		bmi	.L47
 647              	.L37:
 563:Drivers/STM32F0xx_HAL_Driver/Src/stm32f0xx_hal_rcc_ex.c ****       {
 564:Drivers/STM32F0xx_HAL_Driver/Src/stm32f0xx_hal_rcc_ex.c ****         frequency = HSI_VALUE;
 565:Drivers/STM32F0xx_HAL_Driver/Src/stm32f0xx_hal_rcc_ex.c ****       }
 566:Drivers/STM32F0xx_HAL_Driver/Src/stm32f0xx_hal_rcc_ex.c ****       /* Check if LSE is ready  and if CEC clock selection is LSE */
 567:Drivers/STM32F0xx_HAL_Driver/Src/stm32f0xx_hal_rcc_ex.c ****       else if ((srcclk == RCC_CECCLKSOURCE_LSE) && (HAL_IS_BIT_SET(RCC->BDCR, RCC_BDCR_LSERDY)))
 648              		.loc 1 567 12 is_stmt 1 view .LVU186
 649              		.loc 1 567 15 is_stmt 0 view .LVU187
 650 00f6 0028     		cmp	r0, #0
 651 00f8 0AD0     		beq	.L25
 652              		.loc 1 567 53 discriminator 1 view .LVU188
 653 00fa 084B     		ldr	r3, .L57
 654 00fc 1B6A     		ldr	r3, [r3, #32]
 655 00fe 0222     		movs	r2, #2
 656 0100 1000     		movs	r0, r2
 657              	.LVL55:
 658              		.loc 1 567 53 discriminator 1 view .LVU189
 659 0102 1840     		ands	r0, r3
 660              		.loc 1 567 49 discriminator 1 view .LVU190
 661 0104 1A42     		tst	r2, r3
 662 0106 03D0     		beq	.L25
 568:Drivers/STM32F0xx_HAL_Driver/Src/stm32f0xx_hal_rcc_ex.c ****       {
 569:Drivers/STM32F0xx_HAL_Driver/Src/stm32f0xx_hal_rcc_ex.c ****         frequency = LSE_VALUE;
 663              		.loc 1 569 19 view .LVU191
 664 0108 8020     		movs	r0, #128
 665 010a 0002     		lsls	r0, r0, #8
 666              	.LVL56:
ARM GAS  /tmp/ccdeZ8JZ.s 			page 24


 570:Drivers/STM32F0xx_HAL_Driver/Src/stm32f0xx_hal_rcc_ex.c ****       }
 571:Drivers/STM32F0xx_HAL_Driver/Src/stm32f0xx_hal_rcc_ex.c ****       break;
 572:Drivers/STM32F0xx_HAL_Driver/Src/stm32f0xx_hal_rcc_ex.c ****     }
 573:Drivers/STM32F0xx_HAL_Driver/Src/stm32f0xx_hal_rcc_ex.c **** #endif /* CEC */
 574:Drivers/STM32F0xx_HAL_Driver/Src/stm32f0xx_hal_rcc_ex.c ****   default: 
 575:Drivers/STM32F0xx_HAL_Driver/Src/stm32f0xx_hal_rcc_ex.c ****     {
 576:Drivers/STM32F0xx_HAL_Driver/Src/stm32f0xx_hal_rcc_ex.c ****       break;
 577:Drivers/STM32F0xx_HAL_Driver/Src/stm32f0xx_hal_rcc_ex.c ****     }
 578:Drivers/STM32F0xx_HAL_Driver/Src/stm32f0xx_hal_rcc_ex.c ****   }
 579:Drivers/STM32F0xx_HAL_Driver/Src/stm32f0xx_hal_rcc_ex.c ****   return(frequency);
 667              		.loc 1 579 3 is_stmt 1 view .LVU192
 668              		.loc 1 579 9 is_stmt 0 view .LVU193
 669 010c 00E0     		b	.L25
 670              	.LVL57:
 671              	.L38:
 381:Drivers/STM32F0xx_HAL_Driver/Src/stm32f0xx_hal_rcc_ex.c ****   {
 672              		.loc 1 381 3 view .LVU194
 673 010e 0020     		movs	r0, #0
 674              	.LVL58:
 675              	.L25:
 580:Drivers/STM32F0xx_HAL_Driver/Src/stm32f0xx_hal_rcc_ex.c **** }
 676              		.loc 1 580 1 view .LVU195
 677              		@ sp needed
 678 0110 10BD     		pop	{r4, pc}
 679              	.LVL59:
 680              	.L46:
 498:Drivers/STM32F0xx_HAL_Driver/Src/stm32f0xx_hal_rcc_ex.c ****       }
 681              		.loc 1 498 19 view .LVU196
 682 0112 0548     		ldr	r0, .L57+12
 683              	.LVL60:
 498:Drivers/STM32F0xx_HAL_Driver/Src/stm32f0xx_hal_rcc_ex.c ****       }
 684              		.loc 1 498 19 view .LVU197
 685 0114 FCE7     		b	.L25
 686              	.LVL61:
 687              	.L47:
 564:Drivers/STM32F0xx_HAL_Driver/Src/stm32f0xx_hal_rcc_ex.c ****       }
 688              		.loc 1 564 19 view .LVU198
 689 0116 0448     		ldr	r0, .L57+12
 690              	.LVL62:
 564:Drivers/STM32F0xx_HAL_Driver/Src/stm32f0xx_hal_rcc_ex.c ****       }
 691              		.loc 1 564 19 view .LVU199
 692 0118 FAE7     		b	.L25
 693              	.L58:
 694 011a C046     		.align	2
 695              	.L57:
 696 011c 00100240 		.word	1073876992
 697 0120 409C0000 		.word	40000
 698 0124 90D00300 		.word	250000
 699 0128 00127A00 		.word	8000000
 700              		.cfi_endproc
 701              	.LFE42:
 703              		.text
 704              	.Letext0:
 705              		.file 2 "/usr/lib/gcc/arm-none-eabi/10.3.1/include/stdint.h"
 706              		.file 3 "Drivers/CMSIS/Device/ST/STM32F0xx/Include/stm32f051x8.h"
 707              		.file 4 "Drivers/CMSIS/Device/ST/STM32F0xx/Include/stm32f0xx.h"
 708              		.file 5 "Drivers/STM32F0xx_HAL_Driver/Inc/stm32f0xx_hal_def.h"
ARM GAS  /tmp/ccdeZ8JZ.s 			page 25


 709              		.file 6 "Drivers/STM32F0xx_HAL_Driver/Inc/stm32f0xx_hal_rcc_ex.h"
 710              		.file 7 "Drivers/STM32F0xx_HAL_Driver/Inc/stm32f0xx_hal_rcc.h"
 711              		.file 8 "Drivers/STM32F0xx_HAL_Driver/Inc/stm32f0xx_hal.h"
ARM GAS  /tmp/ccdeZ8JZ.s 			page 26


DEFINED SYMBOLS
                            *ABS*:0000000000000000 stm32f0xx_hal_rcc_ex.c
     /tmp/ccdeZ8JZ.s:16     .text.HAL_RCCEx_PeriphCLKConfig:0000000000000000 $t
     /tmp/ccdeZ8JZ.s:24     .text.HAL_RCCEx_PeriphCLKConfig:0000000000000000 HAL_RCCEx_PeriphCLKConfig
     /tmp/ccdeZ8JZ.s:307    .text.HAL_RCCEx_PeriphCLKConfig:0000000000000118 $d
     /tmp/ccdeZ8JZ.s:317    .text.HAL_RCCEx_GetPeriphCLKConfig:0000000000000000 $t
     /tmp/ccdeZ8JZ.s:324    .text.HAL_RCCEx_GetPeriphCLKConfig:0000000000000000 HAL_RCCEx_GetPeriphCLKConfig
     /tmp/ccdeZ8JZ.s:376    .text.HAL_RCCEx_GetPeriphCLKConfig:0000000000000030 $d
     /tmp/ccdeZ8JZ.s:383    .text.HAL_RCCEx_GetPeriphCLKFreq:0000000000000000 $t
     /tmp/ccdeZ8JZ.s:390    .text.HAL_RCCEx_GetPeriphCLKFreq:0000000000000000 HAL_RCCEx_GetPeriphCLKFreq
     /tmp/ccdeZ8JZ.s:696    .text.HAL_RCCEx_GetPeriphCLKFreq:000000000000011c $d

UNDEFINED SYMBOLS
HAL_GetTick
HAL_RCC_GetSysClockFreq
HAL_RCC_GetPCLK1Freq
