ARM GAS  /tmp/ccfFywsT.s 			page 1


   1              		.cpu cortex-m0
   2              		.eabi_attribute 20, 1
   3              		.eabi_attribute 21, 1
   4              		.eabi_attribute 23, 3
   5              		.eabi_attribute 24, 1
   6              		.eabi_attribute 25, 1
   7              		.eabi_attribute 26, 1
   8              		.eabi_attribute 30, 1
   9              		.eabi_attribute 34, 0
  10              		.eabi_attribute 18, 4
  11              		.file	"stm32f0xx_hal_exti.c"
  12              		.text
  13              	.Ltext0:
  14              		.cfi_sections	.debug_frame
  15              		.section	.text.HAL_EXTI_SetConfigLine,"ax",%progbits
  16              		.align	1
  17              		.global	HAL_EXTI_SetConfigLine
  18              		.arch armv6s-m
  19              		.syntax unified
  20              		.code	16
  21              		.thumb_func
  22              		.fpu softvfp
  24              	HAL_EXTI_SetConfigLine:
  25              	.LVL0:
  26              	.LFB40:
  27              		.file 1 "Drivers/STM32F0xx_HAL_Driver/Src/stm32f0xx_hal_exti.c"
   1:Drivers/STM32F0xx_HAL_Driver/Src/stm32f0xx_hal_exti.c **** /**
   2:Drivers/STM32F0xx_HAL_Driver/Src/stm32f0xx_hal_exti.c ****   ******************************************************************************
   3:Drivers/STM32F0xx_HAL_Driver/Src/stm32f0xx_hal_exti.c ****   * @file    stm32f0xx_hal_exti.c
   4:Drivers/STM32F0xx_HAL_Driver/Src/stm32f0xx_hal_exti.c ****   * @author  MCD Application Team
   5:Drivers/STM32F0xx_HAL_Driver/Src/stm32f0xx_hal_exti.c ****   * @brief   EXTI HAL module driver.
   6:Drivers/STM32F0xx_HAL_Driver/Src/stm32f0xx_hal_exti.c ****   *          This file provides firmware functions to manage the following
   7:Drivers/STM32F0xx_HAL_Driver/Src/stm32f0xx_hal_exti.c ****   *          functionalities of the Extended Interrupts and events controller (EXTI) peripheral:
   8:Drivers/STM32F0xx_HAL_Driver/Src/stm32f0xx_hal_exti.c ****   *           + Initialization and de-initialization functions
   9:Drivers/STM32F0xx_HAL_Driver/Src/stm32f0xx_hal_exti.c ****   *           + IO operation functions
  10:Drivers/STM32F0xx_HAL_Driver/Src/stm32f0xx_hal_exti.c ****   *
  11:Drivers/STM32F0xx_HAL_Driver/Src/stm32f0xx_hal_exti.c ****   ******************************************************************************
  12:Drivers/STM32F0xx_HAL_Driver/Src/stm32f0xx_hal_exti.c ****   * @attention
  13:Drivers/STM32F0xx_HAL_Driver/Src/stm32f0xx_hal_exti.c ****   *
  14:Drivers/STM32F0xx_HAL_Driver/Src/stm32f0xx_hal_exti.c ****   * Copyright (c) 2019 STMicroelectronics.
  15:Drivers/STM32F0xx_HAL_Driver/Src/stm32f0xx_hal_exti.c ****   * All rights reserved.
  16:Drivers/STM32F0xx_HAL_Driver/Src/stm32f0xx_hal_exti.c ****   *
  17:Drivers/STM32F0xx_HAL_Driver/Src/stm32f0xx_hal_exti.c ****   * This software is licensed under terms that can be found in the LICENSE file
  18:Drivers/STM32F0xx_HAL_Driver/Src/stm32f0xx_hal_exti.c ****   * in the root directory of this software component.
  19:Drivers/STM32F0xx_HAL_Driver/Src/stm32f0xx_hal_exti.c ****   * If no LICENSE file comes with this software, it is provided AS-IS.
  20:Drivers/STM32F0xx_HAL_Driver/Src/stm32f0xx_hal_exti.c ****   *
  21:Drivers/STM32F0xx_HAL_Driver/Src/stm32f0xx_hal_exti.c ****   ******************************************************************************
  22:Drivers/STM32F0xx_HAL_Driver/Src/stm32f0xx_hal_exti.c ****   @verbatim
  23:Drivers/STM32F0xx_HAL_Driver/Src/stm32f0xx_hal_exti.c ****   ==============================================================================
  24:Drivers/STM32F0xx_HAL_Driver/Src/stm32f0xx_hal_exti.c ****                     ##### EXTI Peripheral features #####
  25:Drivers/STM32F0xx_HAL_Driver/Src/stm32f0xx_hal_exti.c ****   ==============================================================================
  26:Drivers/STM32F0xx_HAL_Driver/Src/stm32f0xx_hal_exti.c ****   [..]
  27:Drivers/STM32F0xx_HAL_Driver/Src/stm32f0xx_hal_exti.c ****     (+) Each Exti line can be configured within this driver.
  28:Drivers/STM32F0xx_HAL_Driver/Src/stm32f0xx_hal_exti.c **** 
  29:Drivers/STM32F0xx_HAL_Driver/Src/stm32f0xx_hal_exti.c ****     (+) Exti line can be configured in 3 different modes
  30:Drivers/STM32F0xx_HAL_Driver/Src/stm32f0xx_hal_exti.c ****         (++) Interrupt
  31:Drivers/STM32F0xx_HAL_Driver/Src/stm32f0xx_hal_exti.c ****         (++) Event
ARM GAS  /tmp/ccfFywsT.s 			page 2


  32:Drivers/STM32F0xx_HAL_Driver/Src/stm32f0xx_hal_exti.c ****         (++) Both of them
  33:Drivers/STM32F0xx_HAL_Driver/Src/stm32f0xx_hal_exti.c **** 
  34:Drivers/STM32F0xx_HAL_Driver/Src/stm32f0xx_hal_exti.c ****     (+) Configurable Exti lines can be configured with 3 different triggers
  35:Drivers/STM32F0xx_HAL_Driver/Src/stm32f0xx_hal_exti.c ****         (++) Rising
  36:Drivers/STM32F0xx_HAL_Driver/Src/stm32f0xx_hal_exti.c ****         (++) Falling
  37:Drivers/STM32F0xx_HAL_Driver/Src/stm32f0xx_hal_exti.c ****         (++) Both of them
  38:Drivers/STM32F0xx_HAL_Driver/Src/stm32f0xx_hal_exti.c **** 
  39:Drivers/STM32F0xx_HAL_Driver/Src/stm32f0xx_hal_exti.c ****     (+) When set in interrupt mode, configurable Exti lines have two different
  40:Drivers/STM32F0xx_HAL_Driver/Src/stm32f0xx_hal_exti.c ****         interrupts pending registers which allow to distinguish which transition
  41:Drivers/STM32F0xx_HAL_Driver/Src/stm32f0xx_hal_exti.c ****         occurs:
  42:Drivers/STM32F0xx_HAL_Driver/Src/stm32f0xx_hal_exti.c ****         (++) Rising edge pending interrupt
  43:Drivers/STM32F0xx_HAL_Driver/Src/stm32f0xx_hal_exti.c ****         (++) Falling
  44:Drivers/STM32F0xx_HAL_Driver/Src/stm32f0xx_hal_exti.c **** 
  45:Drivers/STM32F0xx_HAL_Driver/Src/stm32f0xx_hal_exti.c ****     (+) Exti lines 0 to 15 are linked to gpio pin number 0 to 15. Gpio port can
  46:Drivers/STM32F0xx_HAL_Driver/Src/stm32f0xx_hal_exti.c ****         be selected through multiplexer.
  47:Drivers/STM32F0xx_HAL_Driver/Src/stm32f0xx_hal_exti.c **** 
  48:Drivers/STM32F0xx_HAL_Driver/Src/stm32f0xx_hal_exti.c ****                      ##### How to use this driver #####
  49:Drivers/STM32F0xx_HAL_Driver/Src/stm32f0xx_hal_exti.c ****   ==============================================================================
  50:Drivers/STM32F0xx_HAL_Driver/Src/stm32f0xx_hal_exti.c ****   [..]
  51:Drivers/STM32F0xx_HAL_Driver/Src/stm32f0xx_hal_exti.c **** 
  52:Drivers/STM32F0xx_HAL_Driver/Src/stm32f0xx_hal_exti.c ****     (#) Configure the EXTI line using HAL_EXTI_SetConfigLine().
  53:Drivers/STM32F0xx_HAL_Driver/Src/stm32f0xx_hal_exti.c ****         (++) Choose the interrupt line number by setting "Line" member from
  54:Drivers/STM32F0xx_HAL_Driver/Src/stm32f0xx_hal_exti.c ****              EXTI_ConfigTypeDef structure.
  55:Drivers/STM32F0xx_HAL_Driver/Src/stm32f0xx_hal_exti.c ****         (++) Configure the interrupt and/or event mode using "Mode" member from
  56:Drivers/STM32F0xx_HAL_Driver/Src/stm32f0xx_hal_exti.c ****              EXTI_ConfigTypeDef structure.
  57:Drivers/STM32F0xx_HAL_Driver/Src/stm32f0xx_hal_exti.c ****         (++) For configurable lines, configure rising and/or falling trigger
  58:Drivers/STM32F0xx_HAL_Driver/Src/stm32f0xx_hal_exti.c ****              "Trigger" member from EXTI_ConfigTypeDef structure.
  59:Drivers/STM32F0xx_HAL_Driver/Src/stm32f0xx_hal_exti.c ****         (++) For Exti lines linked to gpio, choose gpio port using "GPIOSel"
  60:Drivers/STM32F0xx_HAL_Driver/Src/stm32f0xx_hal_exti.c ****              member from GPIO_InitTypeDef structure.
  61:Drivers/STM32F0xx_HAL_Driver/Src/stm32f0xx_hal_exti.c **** 
  62:Drivers/STM32F0xx_HAL_Driver/Src/stm32f0xx_hal_exti.c ****     (#) Get current Exti configuration of a dedicated line using
  63:Drivers/STM32F0xx_HAL_Driver/Src/stm32f0xx_hal_exti.c ****         HAL_EXTI_GetConfigLine().
  64:Drivers/STM32F0xx_HAL_Driver/Src/stm32f0xx_hal_exti.c ****         (++) Provide exiting handle as parameter.
  65:Drivers/STM32F0xx_HAL_Driver/Src/stm32f0xx_hal_exti.c ****         (++) Provide pointer on EXTI_ConfigTypeDef structure as second parameter.
  66:Drivers/STM32F0xx_HAL_Driver/Src/stm32f0xx_hal_exti.c **** 
  67:Drivers/STM32F0xx_HAL_Driver/Src/stm32f0xx_hal_exti.c ****     (#) Clear Exti configuration of a dedicated line using HAL_EXTI_GetConfigLine().
  68:Drivers/STM32F0xx_HAL_Driver/Src/stm32f0xx_hal_exti.c ****         (++) Provide exiting handle as parameter.
  69:Drivers/STM32F0xx_HAL_Driver/Src/stm32f0xx_hal_exti.c **** 
  70:Drivers/STM32F0xx_HAL_Driver/Src/stm32f0xx_hal_exti.c ****     (#) Register callback to treat Exti interrupts using HAL_EXTI_RegisterCallback().
  71:Drivers/STM32F0xx_HAL_Driver/Src/stm32f0xx_hal_exti.c ****         (++) Provide exiting handle as first parameter.
  72:Drivers/STM32F0xx_HAL_Driver/Src/stm32f0xx_hal_exti.c ****         (++) Provide which callback will be registered using one value from
  73:Drivers/STM32F0xx_HAL_Driver/Src/stm32f0xx_hal_exti.c ****              EXTI_CallbackIDTypeDef.
  74:Drivers/STM32F0xx_HAL_Driver/Src/stm32f0xx_hal_exti.c ****         (++) Provide callback function pointer.
  75:Drivers/STM32F0xx_HAL_Driver/Src/stm32f0xx_hal_exti.c **** 
  76:Drivers/STM32F0xx_HAL_Driver/Src/stm32f0xx_hal_exti.c ****     (#) Get interrupt pending bit using HAL_EXTI_GetPending().
  77:Drivers/STM32F0xx_HAL_Driver/Src/stm32f0xx_hal_exti.c **** 
  78:Drivers/STM32F0xx_HAL_Driver/Src/stm32f0xx_hal_exti.c ****     (#) Clear interrupt pending bit using HAL_EXTI_GetPending().
  79:Drivers/STM32F0xx_HAL_Driver/Src/stm32f0xx_hal_exti.c **** 
  80:Drivers/STM32F0xx_HAL_Driver/Src/stm32f0xx_hal_exti.c ****     (#) Generate software interrupt using HAL_EXTI_GenerateSWI().
  81:Drivers/STM32F0xx_HAL_Driver/Src/stm32f0xx_hal_exti.c **** 
  82:Drivers/STM32F0xx_HAL_Driver/Src/stm32f0xx_hal_exti.c ****   @endverbatim
  83:Drivers/STM32F0xx_HAL_Driver/Src/stm32f0xx_hal_exti.c ****   */
  84:Drivers/STM32F0xx_HAL_Driver/Src/stm32f0xx_hal_exti.c **** 
  85:Drivers/STM32F0xx_HAL_Driver/Src/stm32f0xx_hal_exti.c **** /* Includes ------------------------------------------------------------------*/
  86:Drivers/STM32F0xx_HAL_Driver/Src/stm32f0xx_hal_exti.c **** #include "stm32f0xx_hal.h"
  87:Drivers/STM32F0xx_HAL_Driver/Src/stm32f0xx_hal_exti.c **** 
  88:Drivers/STM32F0xx_HAL_Driver/Src/stm32f0xx_hal_exti.c **** /** @addtogroup STM32F0xx_HAL_Driver
ARM GAS  /tmp/ccfFywsT.s 			page 3


  89:Drivers/STM32F0xx_HAL_Driver/Src/stm32f0xx_hal_exti.c ****   * @{
  90:Drivers/STM32F0xx_HAL_Driver/Src/stm32f0xx_hal_exti.c ****   */
  91:Drivers/STM32F0xx_HAL_Driver/Src/stm32f0xx_hal_exti.c **** 
  92:Drivers/STM32F0xx_HAL_Driver/Src/stm32f0xx_hal_exti.c **** /** @addtogroup EXTI
  93:Drivers/STM32F0xx_HAL_Driver/Src/stm32f0xx_hal_exti.c ****   * @{
  94:Drivers/STM32F0xx_HAL_Driver/Src/stm32f0xx_hal_exti.c ****   */
  95:Drivers/STM32F0xx_HAL_Driver/Src/stm32f0xx_hal_exti.c **** /** MISRA C:2012 deviation rule has been granted for following rule:
  96:Drivers/STM32F0xx_HAL_Driver/Src/stm32f0xx_hal_exti.c ****   * Rule-18.1_b - Medium: Array `EXTICR' 1st subscript interval [0,7] may be out
  97:Drivers/STM32F0xx_HAL_Driver/Src/stm32f0xx_hal_exti.c ****   * of bounds [0,3] in following API :
  98:Drivers/STM32F0xx_HAL_Driver/Src/stm32f0xx_hal_exti.c ****   * HAL_EXTI_SetConfigLine
  99:Drivers/STM32F0xx_HAL_Driver/Src/stm32f0xx_hal_exti.c ****   * HAL_EXTI_GetConfigLine
 100:Drivers/STM32F0xx_HAL_Driver/Src/stm32f0xx_hal_exti.c ****   * HAL_EXTI_ClearConfigLine
 101:Drivers/STM32F0xx_HAL_Driver/Src/stm32f0xx_hal_exti.c ****   */
 102:Drivers/STM32F0xx_HAL_Driver/Src/stm32f0xx_hal_exti.c **** 
 103:Drivers/STM32F0xx_HAL_Driver/Src/stm32f0xx_hal_exti.c **** #ifdef HAL_EXTI_MODULE_ENABLED
 104:Drivers/STM32F0xx_HAL_Driver/Src/stm32f0xx_hal_exti.c **** 
 105:Drivers/STM32F0xx_HAL_Driver/Src/stm32f0xx_hal_exti.c **** /* Private typedef -----------------------------------------------------------*/
 106:Drivers/STM32F0xx_HAL_Driver/Src/stm32f0xx_hal_exti.c **** /* Private defines -----------------------------------------------------------*/
 107:Drivers/STM32F0xx_HAL_Driver/Src/stm32f0xx_hal_exti.c **** /** @defgroup EXTI_Private_Constants EXTI Private Constants
 108:Drivers/STM32F0xx_HAL_Driver/Src/stm32f0xx_hal_exti.c ****   * @{
 109:Drivers/STM32F0xx_HAL_Driver/Src/stm32f0xx_hal_exti.c ****   */
 110:Drivers/STM32F0xx_HAL_Driver/Src/stm32f0xx_hal_exti.c **** 
 111:Drivers/STM32F0xx_HAL_Driver/Src/stm32f0xx_hal_exti.c **** /**
 112:Drivers/STM32F0xx_HAL_Driver/Src/stm32f0xx_hal_exti.c ****   * @}
 113:Drivers/STM32F0xx_HAL_Driver/Src/stm32f0xx_hal_exti.c ****   */
 114:Drivers/STM32F0xx_HAL_Driver/Src/stm32f0xx_hal_exti.c **** 
 115:Drivers/STM32F0xx_HAL_Driver/Src/stm32f0xx_hal_exti.c **** /* Private macros ------------------------------------------------------------*/
 116:Drivers/STM32F0xx_HAL_Driver/Src/stm32f0xx_hal_exti.c **** /* Private variables ---------------------------------------------------------*/
 117:Drivers/STM32F0xx_HAL_Driver/Src/stm32f0xx_hal_exti.c **** /* Private function prototypes -----------------------------------------------*/
 118:Drivers/STM32F0xx_HAL_Driver/Src/stm32f0xx_hal_exti.c **** /* Exported functions --------------------------------------------------------*/
 119:Drivers/STM32F0xx_HAL_Driver/Src/stm32f0xx_hal_exti.c **** 
 120:Drivers/STM32F0xx_HAL_Driver/Src/stm32f0xx_hal_exti.c **** /** @addtogroup EXTI_Exported_Functions
 121:Drivers/STM32F0xx_HAL_Driver/Src/stm32f0xx_hal_exti.c ****   * @{
 122:Drivers/STM32F0xx_HAL_Driver/Src/stm32f0xx_hal_exti.c ****   */
 123:Drivers/STM32F0xx_HAL_Driver/Src/stm32f0xx_hal_exti.c **** 
 124:Drivers/STM32F0xx_HAL_Driver/Src/stm32f0xx_hal_exti.c **** /** @addtogroup EXTI_Exported_Functions_Group1
 125:Drivers/STM32F0xx_HAL_Driver/Src/stm32f0xx_hal_exti.c ****   *  @brief    Configuration functions
 126:Drivers/STM32F0xx_HAL_Driver/Src/stm32f0xx_hal_exti.c ****   *
 127:Drivers/STM32F0xx_HAL_Driver/Src/stm32f0xx_hal_exti.c **** @verbatim
 128:Drivers/STM32F0xx_HAL_Driver/Src/stm32f0xx_hal_exti.c ****  ===============================================================================
 129:Drivers/STM32F0xx_HAL_Driver/Src/stm32f0xx_hal_exti.c ****               ##### Configuration functions #####
 130:Drivers/STM32F0xx_HAL_Driver/Src/stm32f0xx_hal_exti.c ****  ===============================================================================
 131:Drivers/STM32F0xx_HAL_Driver/Src/stm32f0xx_hal_exti.c **** 
 132:Drivers/STM32F0xx_HAL_Driver/Src/stm32f0xx_hal_exti.c **** @endverbatim
 133:Drivers/STM32F0xx_HAL_Driver/Src/stm32f0xx_hal_exti.c ****   * @{
 134:Drivers/STM32F0xx_HAL_Driver/Src/stm32f0xx_hal_exti.c ****   */
 135:Drivers/STM32F0xx_HAL_Driver/Src/stm32f0xx_hal_exti.c **** 
 136:Drivers/STM32F0xx_HAL_Driver/Src/stm32f0xx_hal_exti.c **** /**
 137:Drivers/STM32F0xx_HAL_Driver/Src/stm32f0xx_hal_exti.c ****   * @brief  Set configuration of a dedicated Exti line.
 138:Drivers/STM32F0xx_HAL_Driver/Src/stm32f0xx_hal_exti.c ****   * @param  hexti Exti handle.
 139:Drivers/STM32F0xx_HAL_Driver/Src/stm32f0xx_hal_exti.c ****   * @param  pExtiConfig Pointer on EXTI configuration to be set.
 140:Drivers/STM32F0xx_HAL_Driver/Src/stm32f0xx_hal_exti.c ****   * @retval HAL Status.
 141:Drivers/STM32F0xx_HAL_Driver/Src/stm32f0xx_hal_exti.c ****   */
 142:Drivers/STM32F0xx_HAL_Driver/Src/stm32f0xx_hal_exti.c **** HAL_StatusTypeDef HAL_EXTI_SetConfigLine(EXTI_HandleTypeDef *hexti, EXTI_ConfigTypeDef *pExtiConfig
 143:Drivers/STM32F0xx_HAL_Driver/Src/stm32f0xx_hal_exti.c **** {
  28              		.loc 1 143 1 view -0
  29              		.cfi_startproc
ARM GAS  /tmp/ccfFywsT.s 			page 4


  30              		@ args = 0, pretend = 0, frame = 0
  31              		@ frame_needed = 0, uses_anonymous_args = 0
  32              		.loc 1 143 1 is_stmt 0 view .LVU1
  33 0000 70B5     		push	{r4, r5, r6, lr}
  34              	.LCFI0:
  35              		.cfi_def_cfa_offset 16
  36              		.cfi_offset 4, -16
  37              		.cfi_offset 5, -12
  38              		.cfi_offset 6, -8
  39              		.cfi_offset 14, -4
 144:Drivers/STM32F0xx_HAL_Driver/Src/stm32f0xx_hal_exti.c ****   uint32_t regval;
  40              		.loc 1 144 3 is_stmt 1 view .LVU2
 145:Drivers/STM32F0xx_HAL_Driver/Src/stm32f0xx_hal_exti.c ****   uint32_t linepos;
  41              		.loc 1 145 3 view .LVU3
 146:Drivers/STM32F0xx_HAL_Driver/Src/stm32f0xx_hal_exti.c ****   uint32_t maskline;
  42              		.loc 1 146 3 view .LVU4
 147:Drivers/STM32F0xx_HAL_Driver/Src/stm32f0xx_hal_exti.c **** 
 148:Drivers/STM32F0xx_HAL_Driver/Src/stm32f0xx_hal_exti.c ****   /* Check null pointer */
 149:Drivers/STM32F0xx_HAL_Driver/Src/stm32f0xx_hal_exti.c ****   if ((hexti == NULL) || (pExtiConfig == NULL))
  43              		.loc 1 149 3 view .LVU5
  44              		.loc 1 149 6 is_stmt 0 view .LVU6
  45 0002 0028     		cmp	r0, #0
  46 0004 52D0     		beq	.L11
  47              		.loc 1 149 23 discriminator 1 view .LVU7
  48 0006 0029     		cmp	r1, #0
  49 0008 52D0     		beq	.L12
 150:Drivers/STM32F0xx_HAL_Driver/Src/stm32f0xx_hal_exti.c ****   {
 151:Drivers/STM32F0xx_HAL_Driver/Src/stm32f0xx_hal_exti.c ****     return HAL_ERROR;
 152:Drivers/STM32F0xx_HAL_Driver/Src/stm32f0xx_hal_exti.c ****   }
 153:Drivers/STM32F0xx_HAL_Driver/Src/stm32f0xx_hal_exti.c **** 
 154:Drivers/STM32F0xx_HAL_Driver/Src/stm32f0xx_hal_exti.c ****   /* Check parameters */
 155:Drivers/STM32F0xx_HAL_Driver/Src/stm32f0xx_hal_exti.c ****   assert_param(IS_EXTI_LINE(pExtiConfig->Line));
  50              		.loc 1 155 3 is_stmt 1 view .LVU8
 156:Drivers/STM32F0xx_HAL_Driver/Src/stm32f0xx_hal_exti.c ****   assert_param(IS_EXTI_MODE(pExtiConfig->Mode));
  51              		.loc 1 156 3 view .LVU9
 157:Drivers/STM32F0xx_HAL_Driver/Src/stm32f0xx_hal_exti.c **** 
 158:Drivers/STM32F0xx_HAL_Driver/Src/stm32f0xx_hal_exti.c ****   /* Assign line number to handle */
 159:Drivers/STM32F0xx_HAL_Driver/Src/stm32f0xx_hal_exti.c ****   hexti->Line = pExtiConfig->Line;
  52              		.loc 1 159 3 view .LVU10
  53              		.loc 1 159 28 is_stmt 0 view .LVU11
  54 000a 0C68     		ldr	r4, [r1]
  55              		.loc 1 159 15 view .LVU12
  56 000c 0460     		str	r4, [r0]
 160:Drivers/STM32F0xx_HAL_Driver/Src/stm32f0xx_hal_exti.c **** 
 161:Drivers/STM32F0xx_HAL_Driver/Src/stm32f0xx_hal_exti.c ****   /* Compute line mask */
 162:Drivers/STM32F0xx_HAL_Driver/Src/stm32f0xx_hal_exti.c ****   linepos = (pExtiConfig->Line & EXTI_PIN_MASK);
  57              		.loc 1 162 3 is_stmt 1 view .LVU13
  58              		.loc 1 162 11 is_stmt 0 view .LVU14
  59 000e 1F23     		movs	r3, #31
  60 0010 2340     		ands	r3, r4
  61              	.LVL1:
 163:Drivers/STM32F0xx_HAL_Driver/Src/stm32f0xx_hal_exti.c ****   maskline = (1uL << linepos);
  62              		.loc 1 163 3 is_stmt 1 view .LVU15
  63              		.loc 1 163 12 is_stmt 0 view .LVU16
  64 0012 0122     		movs	r2, #1
  65 0014 9A40     		lsls	r2, r2, r3
  66              	.LVL2:
ARM GAS  /tmp/ccfFywsT.s 			page 5


 164:Drivers/STM32F0xx_HAL_Driver/Src/stm32f0xx_hal_exti.c **** 
 165:Drivers/STM32F0xx_HAL_Driver/Src/stm32f0xx_hal_exti.c ****   /* Configure triggers for configurable lines */
 166:Drivers/STM32F0xx_HAL_Driver/Src/stm32f0xx_hal_exti.c ****   if ((pExtiConfig->Line & EXTI_CONFIG) != 0x00u)
  67              		.loc 1 166 3 is_stmt 1 view .LVU17
  68              		.loc 1 166 6 is_stmt 0 view .LVU18
  69 0016 A001     		lsls	r0, r4, #6
  70 0018 13D5     		bpl	.L3
  71              	.LVL3:
 167:Drivers/STM32F0xx_HAL_Driver/Src/stm32f0xx_hal_exti.c ****   {
 168:Drivers/STM32F0xx_HAL_Driver/Src/stm32f0xx_hal_exti.c ****     assert_param(IS_EXTI_TRIGGER(pExtiConfig->Trigger));
  72              		.loc 1 168 5 is_stmt 1 view .LVU19
 169:Drivers/STM32F0xx_HAL_Driver/Src/stm32f0xx_hal_exti.c **** 
 170:Drivers/STM32F0xx_HAL_Driver/Src/stm32f0xx_hal_exti.c ****     /* Configure rising trigger */
 171:Drivers/STM32F0xx_HAL_Driver/Src/stm32f0xx_hal_exti.c ****     /* Mask or set line */
 172:Drivers/STM32F0xx_HAL_Driver/Src/stm32f0xx_hal_exti.c ****     if ((pExtiConfig->Trigger & EXTI_TRIGGER_RISING) != 0x00u)
  73              		.loc 1 172 5 view .LVU20
  74              		.loc 1 172 8 is_stmt 0 view .LVU21
  75 001a 8868     		ldr	r0, [r1, #8]
  76 001c C007     		lsls	r0, r0, #31
  77 001e 20D5     		bpl	.L4
 173:Drivers/STM32F0xx_HAL_Driver/Src/stm32f0xx_hal_exti.c ****     {
 174:Drivers/STM32F0xx_HAL_Driver/Src/stm32f0xx_hal_exti.c ****       EXTI->RTSR |= maskline;
  78              		.loc 1 174 7 is_stmt 1 view .LVU22
  79              		.loc 1 174 18 is_stmt 0 view .LVU23
  80 0020 244D     		ldr	r5, .L14
  81 0022 A868     		ldr	r0, [r5, #8]
  82 0024 1043     		orrs	r0, r2
  83 0026 A860     		str	r0, [r5, #8]
  84              	.L5:
 175:Drivers/STM32F0xx_HAL_Driver/Src/stm32f0xx_hal_exti.c ****     }
 176:Drivers/STM32F0xx_HAL_Driver/Src/stm32f0xx_hal_exti.c ****     else
 177:Drivers/STM32F0xx_HAL_Driver/Src/stm32f0xx_hal_exti.c ****     {
 178:Drivers/STM32F0xx_HAL_Driver/Src/stm32f0xx_hal_exti.c ****       EXTI->RTSR &= ~maskline;
 179:Drivers/STM32F0xx_HAL_Driver/Src/stm32f0xx_hal_exti.c ****     }
 180:Drivers/STM32F0xx_HAL_Driver/Src/stm32f0xx_hal_exti.c **** 
 181:Drivers/STM32F0xx_HAL_Driver/Src/stm32f0xx_hal_exti.c ****     /* Configure falling trigger */
 182:Drivers/STM32F0xx_HAL_Driver/Src/stm32f0xx_hal_exti.c ****     /* Mask or set line */
 183:Drivers/STM32F0xx_HAL_Driver/Src/stm32f0xx_hal_exti.c ****     if ((pExtiConfig->Trigger & EXTI_TRIGGER_FALLING) != 0x00u)
  85              		.loc 1 183 5 is_stmt 1 view .LVU24
  86              		.loc 1 183 8 is_stmt 0 view .LVU25
  87 0028 8868     		ldr	r0, [r1, #8]
  88 002a 8007     		lsls	r0, r0, #30
  89 002c 1ED5     		bpl	.L6
 184:Drivers/STM32F0xx_HAL_Driver/Src/stm32f0xx_hal_exti.c ****     {
 185:Drivers/STM32F0xx_HAL_Driver/Src/stm32f0xx_hal_exti.c ****       EXTI->FTSR |= maskline;
  90              		.loc 1 185 7 is_stmt 1 view .LVU26
  91              		.loc 1 185 18 is_stmt 0 view .LVU27
  92 002e 214D     		ldr	r5, .L14
  93 0030 E868     		ldr	r0, [r5, #12]
  94 0032 1043     		orrs	r0, r2
  95 0034 E860     		str	r0, [r5, #12]
  96              	.L7:
 186:Drivers/STM32F0xx_HAL_Driver/Src/stm32f0xx_hal_exti.c ****     }
 187:Drivers/STM32F0xx_HAL_Driver/Src/stm32f0xx_hal_exti.c ****     else
 188:Drivers/STM32F0xx_HAL_Driver/Src/stm32f0xx_hal_exti.c ****     {
 189:Drivers/STM32F0xx_HAL_Driver/Src/stm32f0xx_hal_exti.c ****       EXTI->FTSR &= ~maskline;
 190:Drivers/STM32F0xx_HAL_Driver/Src/stm32f0xx_hal_exti.c ****     }
ARM GAS  /tmp/ccfFywsT.s 			page 6


 191:Drivers/STM32F0xx_HAL_Driver/Src/stm32f0xx_hal_exti.c **** 
 192:Drivers/STM32F0xx_HAL_Driver/Src/stm32f0xx_hal_exti.c **** 
 193:Drivers/STM32F0xx_HAL_Driver/Src/stm32f0xx_hal_exti.c ****     /* Configure gpio port selection in case of gpio exti line */
 194:Drivers/STM32F0xx_HAL_Driver/Src/stm32f0xx_hal_exti.c ****     if ((pExtiConfig->Line & EXTI_GPIO) == EXTI_GPIO)
  97              		.loc 1 194 5 is_stmt 1 view .LVU28
  98              		.loc 1 194 28 is_stmt 0 view .LVU29
  99 0036 C025     		movs	r5, #192
 100 0038 ED04     		lsls	r5, r5, #19
 101 003a 0868     		ldr	r0, [r1]
 102 003c 2840     		ands	r0, r5
 103              		.loc 1 194 8 view .LVU30
 104 003e A842     		cmp	r0, r5
 105 0040 19D0     		beq	.L13
 106              	.LVL4:
 107              	.L3:
 195:Drivers/STM32F0xx_HAL_Driver/Src/stm32f0xx_hal_exti.c ****     {
 196:Drivers/STM32F0xx_HAL_Driver/Src/stm32f0xx_hal_exti.c ****       assert_param(IS_EXTI_GPIO_PORT(pExtiConfig->GPIOSel));
 197:Drivers/STM32F0xx_HAL_Driver/Src/stm32f0xx_hal_exti.c ****       assert_param(IS_EXTI_GPIO_PIN(linepos));
 198:Drivers/STM32F0xx_HAL_Driver/Src/stm32f0xx_hal_exti.c **** 
 199:Drivers/STM32F0xx_HAL_Driver/Src/stm32f0xx_hal_exti.c ****       regval = SYSCFG->EXTICR[linepos >> 2u];
 200:Drivers/STM32F0xx_HAL_Driver/Src/stm32f0xx_hal_exti.c ****       regval &= ~(SYSCFG_EXTICR1_EXTI0 << (SYSCFG_EXTICR1_EXTI1_Pos * (linepos & 0x03u)));
 201:Drivers/STM32F0xx_HAL_Driver/Src/stm32f0xx_hal_exti.c ****       regval |= (pExtiConfig->GPIOSel << (SYSCFG_EXTICR1_EXTI1_Pos * (linepos & 0x03u)));
 202:Drivers/STM32F0xx_HAL_Driver/Src/stm32f0xx_hal_exti.c ****       SYSCFG->EXTICR[linepos >> 2u] = regval;
 203:Drivers/STM32F0xx_HAL_Driver/Src/stm32f0xx_hal_exti.c ****     }
 204:Drivers/STM32F0xx_HAL_Driver/Src/stm32f0xx_hal_exti.c ****   }
 205:Drivers/STM32F0xx_HAL_Driver/Src/stm32f0xx_hal_exti.c **** 
 206:Drivers/STM32F0xx_HAL_Driver/Src/stm32f0xx_hal_exti.c ****   /* Configure interrupt mode : read current mode */
 207:Drivers/STM32F0xx_HAL_Driver/Src/stm32f0xx_hal_exti.c ****   /* Mask or set line */
 208:Drivers/STM32F0xx_HAL_Driver/Src/stm32f0xx_hal_exti.c ****   if ((pExtiConfig->Mode & EXTI_MODE_INTERRUPT) != 0x00u)
 108              		.loc 1 208 3 is_stmt 1 view .LVU31
 109              		.loc 1 208 6 is_stmt 0 view .LVU32
 110 0042 4B68     		ldr	r3, [r1, #4]
 111 0044 DB07     		lsls	r3, r3, #31
 112 0046 26D5     		bpl	.L8
 209:Drivers/STM32F0xx_HAL_Driver/Src/stm32f0xx_hal_exti.c ****   {
 210:Drivers/STM32F0xx_HAL_Driver/Src/stm32f0xx_hal_exti.c ****     EXTI->IMR |= maskline;
 113              		.loc 1 210 5 is_stmt 1 view .LVU33
 114              		.loc 1 210 15 is_stmt 0 view .LVU34
 115 0048 1A48     		ldr	r0, .L14
 116 004a 0368     		ldr	r3, [r0]
 117 004c 1343     		orrs	r3, r2
 118 004e 0360     		str	r3, [r0]
 119              	.L9:
 211:Drivers/STM32F0xx_HAL_Driver/Src/stm32f0xx_hal_exti.c ****   }
 212:Drivers/STM32F0xx_HAL_Driver/Src/stm32f0xx_hal_exti.c ****   else
 213:Drivers/STM32F0xx_HAL_Driver/Src/stm32f0xx_hal_exti.c ****   {
 214:Drivers/STM32F0xx_HAL_Driver/Src/stm32f0xx_hal_exti.c ****     EXTI->IMR &= ~maskline;
 215:Drivers/STM32F0xx_HAL_Driver/Src/stm32f0xx_hal_exti.c ****   }
 216:Drivers/STM32F0xx_HAL_Driver/Src/stm32f0xx_hal_exti.c **** 
 217:Drivers/STM32F0xx_HAL_Driver/Src/stm32f0xx_hal_exti.c ****   /* Configure event mode : read current mode */
 218:Drivers/STM32F0xx_HAL_Driver/Src/stm32f0xx_hal_exti.c ****   /* Mask or set line */
 219:Drivers/STM32F0xx_HAL_Driver/Src/stm32f0xx_hal_exti.c ****   if ((pExtiConfig->Mode & EXTI_MODE_EVENT) != 0x00u)
 120              		.loc 1 219 3 is_stmt 1 view .LVU35
 121              		.loc 1 219 19 is_stmt 0 view .LVU36
 122 0050 4B68     		ldr	r3, [r1, #4]
 123              		.loc 1 219 6 view .LVU37
 124 0052 9B07     		lsls	r3, r3, #30
ARM GAS  /tmp/ccfFywsT.s 			page 7


 125 0054 24D5     		bpl	.L10
 220:Drivers/STM32F0xx_HAL_Driver/Src/stm32f0xx_hal_exti.c ****   {
 221:Drivers/STM32F0xx_HAL_Driver/Src/stm32f0xx_hal_exti.c ****     EXTI->EMR |= maskline;
 126              		.loc 1 221 5 is_stmt 1 view .LVU38
 127              		.loc 1 221 15 is_stmt 0 view .LVU39
 128 0056 1749     		ldr	r1, .L14
 129              	.LVL5:
 130              		.loc 1 221 15 view .LVU40
 131 0058 4B68     		ldr	r3, [r1, #4]
 132 005a 1A43     		orrs	r2, r3
 133              	.LVL6:
 134              		.loc 1 221 15 view .LVU41
 135 005c 4A60     		str	r2, [r1, #4]
 222:Drivers/STM32F0xx_HAL_Driver/Src/stm32f0xx_hal_exti.c ****   }
 223:Drivers/STM32F0xx_HAL_Driver/Src/stm32f0xx_hal_exti.c ****   else
 224:Drivers/STM32F0xx_HAL_Driver/Src/stm32f0xx_hal_exti.c ****   {
 225:Drivers/STM32F0xx_HAL_Driver/Src/stm32f0xx_hal_exti.c ****     EXTI->EMR &= ~maskline;
 226:Drivers/STM32F0xx_HAL_Driver/Src/stm32f0xx_hal_exti.c ****   }
 227:Drivers/STM32F0xx_HAL_Driver/Src/stm32f0xx_hal_exti.c **** 
 228:Drivers/STM32F0xx_HAL_Driver/Src/stm32f0xx_hal_exti.c ****   return HAL_OK;
 136              		.loc 1 228 10 view .LVU42
 137 005e 0020     		movs	r0, #0
 138              	.L2:
 229:Drivers/STM32F0xx_HAL_Driver/Src/stm32f0xx_hal_exti.c **** }
 139              		.loc 1 229 1 view .LVU43
 140              		@ sp needed
 141 0060 70BD     		pop	{r4, r5, r6, pc}
 142              	.LVL7:
 143              	.L4:
 178:Drivers/STM32F0xx_HAL_Driver/Src/stm32f0xx_hal_exti.c ****     }
 144              		.loc 1 178 7 is_stmt 1 view .LVU44
 178:Drivers/STM32F0xx_HAL_Driver/Src/stm32f0xx_hal_exti.c ****     }
 145              		.loc 1 178 18 is_stmt 0 view .LVU45
 146 0062 144D     		ldr	r5, .L14
 147 0064 A868     		ldr	r0, [r5, #8]
 148 0066 9043     		bics	r0, r2
 149 0068 A860     		str	r0, [r5, #8]
 150 006a DDE7     		b	.L5
 151              	.L6:
 189:Drivers/STM32F0xx_HAL_Driver/Src/stm32f0xx_hal_exti.c ****     }
 152              		.loc 1 189 7 is_stmt 1 view .LVU46
 189:Drivers/STM32F0xx_HAL_Driver/Src/stm32f0xx_hal_exti.c ****     }
 153              		.loc 1 189 18 is_stmt 0 view .LVU47
 154 006c 114D     		ldr	r5, .L14
 155 006e E868     		ldr	r0, [r5, #12]
 156 0070 9043     		bics	r0, r2
 157 0072 E860     		str	r0, [r5, #12]
 158 0074 DFE7     		b	.L7
 159              	.L13:
 196:Drivers/STM32F0xx_HAL_Driver/Src/stm32f0xx_hal_exti.c ****       assert_param(IS_EXTI_GPIO_PIN(linepos));
 160              		.loc 1 196 7 is_stmt 1 view .LVU48
 197:Drivers/STM32F0xx_HAL_Driver/Src/stm32f0xx_hal_exti.c **** 
 161              		.loc 1 197 7 view .LVU49
 199:Drivers/STM32F0xx_HAL_Driver/Src/stm32f0xx_hal_exti.c ****       regval &= ~(SYSCFG_EXTICR1_EXTI0 << (SYSCFG_EXTICR1_EXTI1_Pos * (linepos & 0x03u)));
 162              		.loc 1 199 7 view .LVU50
 199:Drivers/STM32F0xx_HAL_Driver/Src/stm32f0xx_hal_exti.c ****       regval &= ~(SYSCFG_EXTICR1_EXTI0 << (SYSCFG_EXTICR1_EXTI1_Pos * (linepos & 0x03u)));
 163              		.loc 1 199 39 is_stmt 0 view .LVU51
ARM GAS  /tmp/ccfFywsT.s 			page 8


 164 0076 9B08     		lsrs	r3, r3, #2
 165              	.LVL8:
 199:Drivers/STM32F0xx_HAL_Driver/Src/stm32f0xx_hal_exti.c ****       regval &= ~(SYSCFG_EXTICR1_EXTI0 << (SYSCFG_EXTICR1_EXTI1_Pos * (linepos & 0x03u)));
 166              		.loc 1 199 14 view .LVU52
 167 0078 0F4E     		ldr	r6, .L14+4
 168 007a 0233     		adds	r3, r3, #2
 169 007c 9B00     		lsls	r3, r3, #2
 170 007e 9D59     		ldr	r5, [r3, r6]
 171              	.LVL9:
 200:Drivers/STM32F0xx_HAL_Driver/Src/stm32f0xx_hal_exti.c ****       regval |= (pExtiConfig->GPIOSel << (SYSCFG_EXTICR1_EXTI1_Pos * (linepos & 0x03u)));
 172              		.loc 1 200 7 is_stmt 1 view .LVU53
 200:Drivers/STM32F0xx_HAL_Driver/Src/stm32f0xx_hal_exti.c ****       regval |= (pExtiConfig->GPIOSel << (SYSCFG_EXTICR1_EXTI1_Pos * (linepos & 0x03u)));
 173              		.loc 1 200 80 is_stmt 0 view .LVU54
 174 0080 0320     		movs	r0, #3
 175 0082 0440     		ands	r4, r0
 176              	.LVL10:
 200:Drivers/STM32F0xx_HAL_Driver/Src/stm32f0xx_hal_exti.c ****       regval |= (pExtiConfig->GPIOSel << (SYSCFG_EXTICR1_EXTI1_Pos * (linepos & 0x03u)));
 177              		.loc 1 200 69 view .LVU55
 178 0084 A400     		lsls	r4, r4, #2
 200:Drivers/STM32F0xx_HAL_Driver/Src/stm32f0xx_hal_exti.c ****       regval |= (pExtiConfig->GPIOSel << (SYSCFG_EXTICR1_EXTI1_Pos * (linepos & 0x03u)));
 179              		.loc 1 200 40 view .LVU56
 180 0086 0C30     		adds	r0, r0, #12
 181 0088 A040     		lsls	r0, r0, r4
 200:Drivers/STM32F0xx_HAL_Driver/Src/stm32f0xx_hal_exti.c ****       regval |= (pExtiConfig->GPIOSel << (SYSCFG_EXTICR1_EXTI1_Pos * (linepos & 0x03u)));
 182              		.loc 1 200 14 view .LVU57
 183 008a 8543     		bics	r5, r0
 184              	.LVL11:
 201:Drivers/STM32F0xx_HAL_Driver/Src/stm32f0xx_hal_exti.c ****       SYSCFG->EXTICR[linepos >> 2u] = regval;
 185              		.loc 1 201 7 is_stmt 1 view .LVU58
 201:Drivers/STM32F0xx_HAL_Driver/Src/stm32f0xx_hal_exti.c ****       SYSCFG->EXTICR[linepos >> 2u] = regval;
 186              		.loc 1 201 39 is_stmt 0 view .LVU59
 187 008c C868     		ldr	r0, [r1, #12]
 188 008e A040     		lsls	r0, r0, r4
 201:Drivers/STM32F0xx_HAL_Driver/Src/stm32f0xx_hal_exti.c ****       SYSCFG->EXTICR[linepos >> 2u] = regval;
 189              		.loc 1 201 14 view .LVU60
 190 0090 2843     		orrs	r0, r5
 191              	.LVL12:
 202:Drivers/STM32F0xx_HAL_Driver/Src/stm32f0xx_hal_exti.c ****     }
 192              		.loc 1 202 7 is_stmt 1 view .LVU61
 202:Drivers/STM32F0xx_HAL_Driver/Src/stm32f0xx_hal_exti.c ****     }
 193              		.loc 1 202 37 is_stmt 0 view .LVU62
 194 0092 9851     		str	r0, [r3, r6]
 195 0094 D5E7     		b	.L3
 196              	.LVL13:
 197              	.L8:
 214:Drivers/STM32F0xx_HAL_Driver/Src/stm32f0xx_hal_exti.c ****   }
 198              		.loc 1 214 5 is_stmt 1 view .LVU63
 214:Drivers/STM32F0xx_HAL_Driver/Src/stm32f0xx_hal_exti.c ****   }
 199              		.loc 1 214 15 is_stmt 0 view .LVU64
 200 0096 0748     		ldr	r0, .L14
 201 0098 0368     		ldr	r3, [r0]
 202 009a 9343     		bics	r3, r2
 203 009c 0360     		str	r3, [r0]
 204 009e D7E7     		b	.L9
 205              	.L10:
 225:Drivers/STM32F0xx_HAL_Driver/Src/stm32f0xx_hal_exti.c ****   }
 206              		.loc 1 225 5 is_stmt 1 view .LVU65
ARM GAS  /tmp/ccfFywsT.s 			page 9


 225:Drivers/STM32F0xx_HAL_Driver/Src/stm32f0xx_hal_exti.c ****   }
 207              		.loc 1 225 15 is_stmt 0 view .LVU66
 208 00a0 0449     		ldr	r1, .L14
 209              	.LVL14:
 225:Drivers/STM32F0xx_HAL_Driver/Src/stm32f0xx_hal_exti.c ****   }
 210              		.loc 1 225 15 view .LVU67
 211 00a2 4B68     		ldr	r3, [r1, #4]
 212 00a4 9343     		bics	r3, r2
 213 00a6 4B60     		str	r3, [r1, #4]
 228:Drivers/STM32F0xx_HAL_Driver/Src/stm32f0xx_hal_exti.c **** }
 214              		.loc 1 228 10 view .LVU68
 215 00a8 0020     		movs	r0, #0
 216 00aa D9E7     		b	.L2
 217              	.LVL15:
 218              	.L11:
 151:Drivers/STM32F0xx_HAL_Driver/Src/stm32f0xx_hal_exti.c ****   }
 219              		.loc 1 151 12 view .LVU69
 220 00ac 0120     		movs	r0, #1
 221              	.LVL16:
 151:Drivers/STM32F0xx_HAL_Driver/Src/stm32f0xx_hal_exti.c ****   }
 222              		.loc 1 151 12 view .LVU70
 223 00ae D7E7     		b	.L2
 224              	.LVL17:
 225              	.L12:
 151:Drivers/STM32F0xx_HAL_Driver/Src/stm32f0xx_hal_exti.c ****   }
 226              		.loc 1 151 12 view .LVU71
 227 00b0 0120     		movs	r0, #1
 228              	.LVL18:
 151:Drivers/STM32F0xx_HAL_Driver/Src/stm32f0xx_hal_exti.c ****   }
 229              		.loc 1 151 12 view .LVU72
 230 00b2 D5E7     		b	.L2
 231              	.L15:
 232              		.align	2
 233              	.L14:
 234 00b4 00040140 		.word	1073808384
 235 00b8 00000140 		.word	1073807360
 236              		.cfi_endproc
 237              	.LFE40:
 239              		.section	.text.HAL_EXTI_GetConfigLine,"ax",%progbits
 240              		.align	1
 241              		.global	HAL_EXTI_GetConfigLine
 242              		.syntax unified
 243              		.code	16
 244              		.thumb_func
 245              		.fpu softvfp
 247              	HAL_EXTI_GetConfigLine:
 248              	.LVL19:
 249              	.LFB41:
 230:Drivers/STM32F0xx_HAL_Driver/Src/stm32f0xx_hal_exti.c **** 
 231:Drivers/STM32F0xx_HAL_Driver/Src/stm32f0xx_hal_exti.c **** /**
 232:Drivers/STM32F0xx_HAL_Driver/Src/stm32f0xx_hal_exti.c ****   * @brief  Get configuration of a dedicated Exti line.
 233:Drivers/STM32F0xx_HAL_Driver/Src/stm32f0xx_hal_exti.c ****   * @param  hexti Exti handle.
 234:Drivers/STM32F0xx_HAL_Driver/Src/stm32f0xx_hal_exti.c ****   * @param  pExtiConfig Pointer on structure to store Exti configuration.
 235:Drivers/STM32F0xx_HAL_Driver/Src/stm32f0xx_hal_exti.c ****   * @retval HAL Status.
 236:Drivers/STM32F0xx_HAL_Driver/Src/stm32f0xx_hal_exti.c ****   */
 237:Drivers/STM32F0xx_HAL_Driver/Src/stm32f0xx_hal_exti.c **** HAL_StatusTypeDef HAL_EXTI_GetConfigLine(EXTI_HandleTypeDef *hexti, EXTI_ConfigTypeDef *pExtiConfig
 238:Drivers/STM32F0xx_HAL_Driver/Src/stm32f0xx_hal_exti.c **** {
ARM GAS  /tmp/ccfFywsT.s 			page 10


 250              		.loc 1 238 1 is_stmt 1 view -0
 251              		.cfi_startproc
 252              		@ args = 0, pretend = 0, frame = 0
 253              		@ frame_needed = 0, uses_anonymous_args = 0
 254              		.loc 1 238 1 is_stmt 0 view .LVU74
 255 0000 30B5     		push	{r4, r5, lr}
 256              	.LCFI1:
 257              		.cfi_def_cfa_offset 12
 258              		.cfi_offset 4, -12
 259              		.cfi_offset 5, -8
 260              		.cfi_offset 14, -4
 239:Drivers/STM32F0xx_HAL_Driver/Src/stm32f0xx_hal_exti.c ****   uint32_t regval;
 261              		.loc 1 239 3 is_stmt 1 view .LVU75
 240:Drivers/STM32F0xx_HAL_Driver/Src/stm32f0xx_hal_exti.c ****   uint32_t linepos;
 262              		.loc 1 240 3 view .LVU76
 241:Drivers/STM32F0xx_HAL_Driver/Src/stm32f0xx_hal_exti.c ****   uint32_t maskline;
 263              		.loc 1 241 3 view .LVU77
 242:Drivers/STM32F0xx_HAL_Driver/Src/stm32f0xx_hal_exti.c **** 
 243:Drivers/STM32F0xx_HAL_Driver/Src/stm32f0xx_hal_exti.c ****   /* Check null pointer */
 244:Drivers/STM32F0xx_HAL_Driver/Src/stm32f0xx_hal_exti.c ****   if ((hexti == NULL) || (pExtiConfig == NULL))
 264              		.loc 1 244 3 view .LVU78
 265              		.loc 1 244 6 is_stmt 0 view .LVU79
 266 0002 0028     		cmp	r0, #0
 267 0004 41D0     		beq	.L23
 268              		.loc 1 244 23 discriminator 1 view .LVU80
 269 0006 0029     		cmp	r1, #0
 270 0008 41D0     		beq	.L24
 245:Drivers/STM32F0xx_HAL_Driver/Src/stm32f0xx_hal_exti.c ****   {
 246:Drivers/STM32F0xx_HAL_Driver/Src/stm32f0xx_hal_exti.c ****     return HAL_ERROR;
 247:Drivers/STM32F0xx_HAL_Driver/Src/stm32f0xx_hal_exti.c ****   }
 248:Drivers/STM32F0xx_HAL_Driver/Src/stm32f0xx_hal_exti.c **** 
 249:Drivers/STM32F0xx_HAL_Driver/Src/stm32f0xx_hal_exti.c ****   /* Check the parameter */
 250:Drivers/STM32F0xx_HAL_Driver/Src/stm32f0xx_hal_exti.c ****   assert_param(IS_EXTI_LINE(hexti->Line));
 271              		.loc 1 250 3 is_stmt 1 view .LVU81
 251:Drivers/STM32F0xx_HAL_Driver/Src/stm32f0xx_hal_exti.c **** 
 252:Drivers/STM32F0xx_HAL_Driver/Src/stm32f0xx_hal_exti.c ****   /* Store handle line number to configuration structure */
 253:Drivers/STM32F0xx_HAL_Driver/Src/stm32f0xx_hal_exti.c ****   pExtiConfig->Line = hexti->Line;
 272              		.loc 1 253 3 view .LVU82
 273              		.loc 1 253 28 is_stmt 0 view .LVU83
 274 000a 0068     		ldr	r0, [r0]
 275              	.LVL20:
 276              		.loc 1 253 21 view .LVU84
 277 000c 0860     		str	r0, [r1]
 254:Drivers/STM32F0xx_HAL_Driver/Src/stm32f0xx_hal_exti.c **** 
 255:Drivers/STM32F0xx_HAL_Driver/Src/stm32f0xx_hal_exti.c ****   /* Compute line mask */
 256:Drivers/STM32F0xx_HAL_Driver/Src/stm32f0xx_hal_exti.c ****   linepos = (pExtiConfig->Line & EXTI_PIN_MASK);
 278              		.loc 1 256 3 is_stmt 1 view .LVU85
 279              		.loc 1 256 11 is_stmt 0 view .LVU86
 280 000e 1F24     		movs	r4, #31
 281 0010 0440     		ands	r4, r0
 282              	.LVL21:
 257:Drivers/STM32F0xx_HAL_Driver/Src/stm32f0xx_hal_exti.c ****   maskline = (1uL << linepos);
 283              		.loc 1 257 3 is_stmt 1 view .LVU87
 284              		.loc 1 257 12 is_stmt 0 view .LVU88
 285 0012 0123     		movs	r3, #1
 286 0014 A340     		lsls	r3, r3, r4
 287              	.LVL22:
ARM GAS  /tmp/ccfFywsT.s 			page 11


 258:Drivers/STM32F0xx_HAL_Driver/Src/stm32f0xx_hal_exti.c **** 
 259:Drivers/STM32F0xx_HAL_Driver/Src/stm32f0xx_hal_exti.c ****   /* 1] Get core mode : interrupt */
 260:Drivers/STM32F0xx_HAL_Driver/Src/stm32f0xx_hal_exti.c **** 
 261:Drivers/STM32F0xx_HAL_Driver/Src/stm32f0xx_hal_exti.c ****   /* Check if selected line is enable */
 262:Drivers/STM32F0xx_HAL_Driver/Src/stm32f0xx_hal_exti.c ****   if ((EXTI->IMR & maskline) != 0x00u)
 288              		.loc 1 262 3 is_stmt 1 view .LVU89
 289              		.loc 1 262 12 is_stmt 0 view .LVU90
 290 0016 204A     		ldr	r2, .L28
 291 0018 1268     		ldr	r2, [r2]
 292              		.loc 1 262 6 view .LVU91
 293 001a 1342     		tst	r3, r2
 294 001c 24D0     		beq	.L18
 263:Drivers/STM32F0xx_HAL_Driver/Src/stm32f0xx_hal_exti.c ****   {
 264:Drivers/STM32F0xx_HAL_Driver/Src/stm32f0xx_hal_exti.c ****     pExtiConfig->Mode = EXTI_MODE_INTERRUPT;
 295              		.loc 1 264 5 is_stmt 1 view .LVU92
 296              		.loc 1 264 23 is_stmt 0 view .LVU93
 297 001e 0122     		movs	r2, #1
 298 0020 4A60     		str	r2, [r1, #4]
 299              	.L19:
 265:Drivers/STM32F0xx_HAL_Driver/Src/stm32f0xx_hal_exti.c ****   }
 266:Drivers/STM32F0xx_HAL_Driver/Src/stm32f0xx_hal_exti.c ****   else
 267:Drivers/STM32F0xx_HAL_Driver/Src/stm32f0xx_hal_exti.c ****   {
 268:Drivers/STM32F0xx_HAL_Driver/Src/stm32f0xx_hal_exti.c ****     pExtiConfig->Mode = EXTI_MODE_NONE;
 269:Drivers/STM32F0xx_HAL_Driver/Src/stm32f0xx_hal_exti.c ****   }
 270:Drivers/STM32F0xx_HAL_Driver/Src/stm32f0xx_hal_exti.c **** 
 271:Drivers/STM32F0xx_HAL_Driver/Src/stm32f0xx_hal_exti.c ****   /* Get event mode */
 272:Drivers/STM32F0xx_HAL_Driver/Src/stm32f0xx_hal_exti.c ****   /* Check if selected line is enable */
 273:Drivers/STM32F0xx_HAL_Driver/Src/stm32f0xx_hal_exti.c ****   if ((EXTI->EMR & maskline) != 0x00u)
 300              		.loc 1 273 3 is_stmt 1 view .LVU94
 301              		.loc 1 273 12 is_stmt 0 view .LVU95
 302 0022 1D4A     		ldr	r2, .L28
 303 0024 5268     		ldr	r2, [r2, #4]
 304              		.loc 1 273 6 view .LVU96
 305 0026 1342     		tst	r3, r2
 306 0028 03D0     		beq	.L20
 274:Drivers/STM32F0xx_HAL_Driver/Src/stm32f0xx_hal_exti.c ****   {
 275:Drivers/STM32F0xx_HAL_Driver/Src/stm32f0xx_hal_exti.c ****     pExtiConfig->Mode |= EXTI_MODE_EVENT;
 307              		.loc 1 275 5 is_stmt 1 view .LVU97
 308              		.loc 1 275 23 is_stmt 0 view .LVU98
 309 002a 0222     		movs	r2, #2
 310 002c 4D68     		ldr	r5, [r1, #4]
 311 002e 2A43     		orrs	r2, r5
 312 0030 4A60     		str	r2, [r1, #4]
 313              	.L20:
 276:Drivers/STM32F0xx_HAL_Driver/Src/stm32f0xx_hal_exti.c ****   }
 277:Drivers/STM32F0xx_HAL_Driver/Src/stm32f0xx_hal_exti.c **** 
 278:Drivers/STM32F0xx_HAL_Driver/Src/stm32f0xx_hal_exti.c ****   /* Get default Trigger and GPIOSel configuration */
 279:Drivers/STM32F0xx_HAL_Driver/Src/stm32f0xx_hal_exti.c ****   pExtiConfig->Trigger = EXTI_TRIGGER_NONE;
 314              		.loc 1 279 3 is_stmt 1 view .LVU99
 315              		.loc 1 279 24 is_stmt 0 view .LVU100
 316 0032 0022     		movs	r2, #0
 317 0034 8A60     		str	r2, [r1, #8]
 280:Drivers/STM32F0xx_HAL_Driver/Src/stm32f0xx_hal_exti.c ****   pExtiConfig->GPIOSel = 0x00u;
 318              		.loc 1 280 3 is_stmt 1 view .LVU101
 319              		.loc 1 280 24 is_stmt 0 view .LVU102
 320 0036 CA60     		str	r2, [r1, #12]
 281:Drivers/STM32F0xx_HAL_Driver/Src/stm32f0xx_hal_exti.c **** 
ARM GAS  /tmp/ccfFywsT.s 			page 12


 282:Drivers/STM32F0xx_HAL_Driver/Src/stm32f0xx_hal_exti.c ****   /* 2] Get trigger for configurable lines : rising */
 283:Drivers/STM32F0xx_HAL_Driver/Src/stm32f0xx_hal_exti.c ****   if ((pExtiConfig->Line & EXTI_CONFIG) != 0x00u)
 321              		.loc 1 283 3 is_stmt 1 view .LVU103
 322              		.loc 1 283 6 is_stmt 0 view .LVU104
 323 0038 8201     		lsls	r2, r0, #6
 324 003a 2AD5     		bpl	.L25
 284:Drivers/STM32F0xx_HAL_Driver/Src/stm32f0xx_hal_exti.c ****   {
 285:Drivers/STM32F0xx_HAL_Driver/Src/stm32f0xx_hal_exti.c ****     /* Check if configuration of selected line is enable */
 286:Drivers/STM32F0xx_HAL_Driver/Src/stm32f0xx_hal_exti.c ****     if ((EXTI->RTSR & maskline) != 0x00u)
 325              		.loc 1 286 5 is_stmt 1 view .LVU105
 326              		.loc 1 286 14 is_stmt 0 view .LVU106
 327 003c 164A     		ldr	r2, .L28
 328 003e 9268     		ldr	r2, [r2, #8]
 329              		.loc 1 286 8 view .LVU107
 330 0040 1342     		tst	r3, r2
 331 0042 01D0     		beq	.L21
 287:Drivers/STM32F0xx_HAL_Driver/Src/stm32f0xx_hal_exti.c ****     {
 288:Drivers/STM32F0xx_HAL_Driver/Src/stm32f0xx_hal_exti.c ****       pExtiConfig->Trigger = EXTI_TRIGGER_RISING;
 332              		.loc 1 288 7 is_stmt 1 view .LVU108
 333              		.loc 1 288 28 is_stmt 0 view .LVU109
 334 0044 0122     		movs	r2, #1
 335 0046 8A60     		str	r2, [r1, #8]
 336              	.L21:
 289:Drivers/STM32F0xx_HAL_Driver/Src/stm32f0xx_hal_exti.c ****     }
 290:Drivers/STM32F0xx_HAL_Driver/Src/stm32f0xx_hal_exti.c **** 
 291:Drivers/STM32F0xx_HAL_Driver/Src/stm32f0xx_hal_exti.c ****     /* Get falling configuration */
 292:Drivers/STM32F0xx_HAL_Driver/Src/stm32f0xx_hal_exti.c ****     /* Check if configuration of selected line is enable */
 293:Drivers/STM32F0xx_HAL_Driver/Src/stm32f0xx_hal_exti.c ****     if ((EXTI->FTSR & maskline) != 0x00u)
 337              		.loc 1 293 5 is_stmt 1 view .LVU110
 338              		.loc 1 293 14 is_stmt 0 view .LVU111
 339 0048 134A     		ldr	r2, .L28
 340 004a D268     		ldr	r2, [r2, #12]
 341              		.loc 1 293 8 view .LVU112
 342 004c 1342     		tst	r3, r2
 343 004e 03D0     		beq	.L22
 294:Drivers/STM32F0xx_HAL_Driver/Src/stm32f0xx_hal_exti.c ****     {
 295:Drivers/STM32F0xx_HAL_Driver/Src/stm32f0xx_hal_exti.c ****       pExtiConfig->Trigger |= EXTI_TRIGGER_FALLING;
 344              		.loc 1 295 7 is_stmt 1 view .LVU113
 345              		.loc 1 295 28 is_stmt 0 view .LVU114
 346 0050 0223     		movs	r3, #2
 347              	.LVL23:
 348              		.loc 1 295 28 view .LVU115
 349 0052 8A68     		ldr	r2, [r1, #8]
 350 0054 1343     		orrs	r3, r2
 351 0056 8B60     		str	r3, [r1, #8]
 352              	.L22:
 296:Drivers/STM32F0xx_HAL_Driver/Src/stm32f0xx_hal_exti.c ****     }
 297:Drivers/STM32F0xx_HAL_Driver/Src/stm32f0xx_hal_exti.c **** 
 298:Drivers/STM32F0xx_HAL_Driver/Src/stm32f0xx_hal_exti.c ****     /* Get Gpio port selection for gpio lines */
 299:Drivers/STM32F0xx_HAL_Driver/Src/stm32f0xx_hal_exti.c ****     if ((pExtiConfig->Line & EXTI_GPIO) == EXTI_GPIO)
 353              		.loc 1 299 5 is_stmt 1 view .LVU116
 354              		.loc 1 299 28 is_stmt 0 view .LVU117
 355 0058 C023     		movs	r3, #192
 356 005a DB04     		lsls	r3, r3, #19
 357 005c 0200     		movs	r2, r0
 358 005e 1A40     		ands	r2, r3
 359              		.loc 1 299 8 view .LVU118
ARM GAS  /tmp/ccfFywsT.s 			page 13


 360 0060 9A42     		cmp	r2, r3
 361 0062 04D0     		beq	.L27
 300:Drivers/STM32F0xx_HAL_Driver/Src/stm32f0xx_hal_exti.c ****     {
 301:Drivers/STM32F0xx_HAL_Driver/Src/stm32f0xx_hal_exti.c ****       assert_param(IS_EXTI_GPIO_PIN(linepos));
 302:Drivers/STM32F0xx_HAL_Driver/Src/stm32f0xx_hal_exti.c **** 
 303:Drivers/STM32F0xx_HAL_Driver/Src/stm32f0xx_hal_exti.c ****       regval = SYSCFG->EXTICR[linepos >> 2u];
 304:Drivers/STM32F0xx_HAL_Driver/Src/stm32f0xx_hal_exti.c ****       pExtiConfig->GPIOSel = (regval >> (SYSCFG_EXTICR1_EXTI1_Pos * (linepos & 0x03u))) & SYSCFG_EX
 305:Drivers/STM32F0xx_HAL_Driver/Src/stm32f0xx_hal_exti.c ****     }
 306:Drivers/STM32F0xx_HAL_Driver/Src/stm32f0xx_hal_exti.c ****   }
 307:Drivers/STM32F0xx_HAL_Driver/Src/stm32f0xx_hal_exti.c **** 
 308:Drivers/STM32F0xx_HAL_Driver/Src/stm32f0xx_hal_exti.c ****   return HAL_OK;
 362              		.loc 1 308 10 view .LVU119
 363 0064 0020     		movs	r0, #0
 364 0066 15E0     		b	.L17
 365              	.LVL24:
 366              	.L18:
 268:Drivers/STM32F0xx_HAL_Driver/Src/stm32f0xx_hal_exti.c ****   }
 367              		.loc 1 268 5 is_stmt 1 view .LVU120
 268:Drivers/STM32F0xx_HAL_Driver/Src/stm32f0xx_hal_exti.c ****   }
 368              		.loc 1 268 23 is_stmt 0 view .LVU121
 369 0068 0022     		movs	r2, #0
 370 006a 4A60     		str	r2, [r1, #4]
 371 006c D9E7     		b	.L19
 372              	.LVL25:
 373              	.L27:
 301:Drivers/STM32F0xx_HAL_Driver/Src/stm32f0xx_hal_exti.c **** 
 374              		.loc 1 301 7 is_stmt 1 view .LVU122
 303:Drivers/STM32F0xx_HAL_Driver/Src/stm32f0xx_hal_exti.c ****       pExtiConfig->GPIOSel = (regval >> (SYSCFG_EXTICR1_EXTI1_Pos * (linepos & 0x03u))) & SYSCFG_EX
 375              		.loc 1 303 7 view .LVU123
 303:Drivers/STM32F0xx_HAL_Driver/Src/stm32f0xx_hal_exti.c ****       pExtiConfig->GPIOSel = (regval >> (SYSCFG_EXTICR1_EXTI1_Pos * (linepos & 0x03u))) & SYSCFG_EX
 376              		.loc 1 303 39 is_stmt 0 view .LVU124
 377 006e A308     		lsrs	r3, r4, #2
 303:Drivers/STM32F0xx_HAL_Driver/Src/stm32f0xx_hal_exti.c ****       pExtiConfig->GPIOSel = (regval >> (SYSCFG_EXTICR1_EXTI1_Pos * (linepos & 0x03u))) & SYSCFG_EX
 378              		.loc 1 303 14 view .LVU125
 379 0070 0233     		adds	r3, r3, #2
 380 0072 9B00     		lsls	r3, r3, #2
 381 0074 094A     		ldr	r2, .L28+4
 382 0076 9A58     		ldr	r2, [r3, r2]
 383              	.LVL26:
 304:Drivers/STM32F0xx_HAL_Driver/Src/stm32f0xx_hal_exti.c ****     }
 384              		.loc 1 304 7 is_stmt 1 view .LVU126
 304:Drivers/STM32F0xx_HAL_Driver/Src/stm32f0xx_hal_exti.c ****     }
 385              		.loc 1 304 78 is_stmt 0 view .LVU127
 386 0078 0323     		movs	r3, #3
 387 007a 1840     		ands	r0, r3
 304:Drivers/STM32F0xx_HAL_Driver/Src/stm32f0xx_hal_exti.c ****     }
 388              		.loc 1 304 67 view .LVU128
 389 007c 8000     		lsls	r0, r0, #2
 304:Drivers/STM32F0xx_HAL_Driver/Src/stm32f0xx_hal_exti.c ****     }
 390              		.loc 1 304 38 view .LVU129
 391 007e C240     		lsrs	r2, r2, r0
 392              	.LVL27:
 304:Drivers/STM32F0xx_HAL_Driver/Src/stm32f0xx_hal_exti.c ****     }
 393              		.loc 1 304 89 view .LVU130
 394 0080 0C33     		adds	r3, r3, #12
 395 0082 1340     		ands	r3, r2
 304:Drivers/STM32F0xx_HAL_Driver/Src/stm32f0xx_hal_exti.c ****     }
ARM GAS  /tmp/ccfFywsT.s 			page 14


 396              		.loc 1 304 28 view .LVU131
 397 0084 CB60     		str	r3, [r1, #12]
 398              		.loc 1 308 10 view .LVU132
 399 0086 0020     		movs	r0, #0
 400 0088 04E0     		b	.L17
 401              	.LVL28:
 402              	.L23:
 246:Drivers/STM32F0xx_HAL_Driver/Src/stm32f0xx_hal_exti.c ****   }
 403              		.loc 1 246 12 view .LVU133
 404 008a 0120     		movs	r0, #1
 405              	.LVL29:
 246:Drivers/STM32F0xx_HAL_Driver/Src/stm32f0xx_hal_exti.c ****   }
 406              		.loc 1 246 12 view .LVU134
 407 008c 02E0     		b	.L17
 408              	.LVL30:
 409              	.L24:
 246:Drivers/STM32F0xx_HAL_Driver/Src/stm32f0xx_hal_exti.c ****   }
 410              		.loc 1 246 12 view .LVU135
 411 008e 0120     		movs	r0, #1
 412              	.LVL31:
 246:Drivers/STM32F0xx_HAL_Driver/Src/stm32f0xx_hal_exti.c ****   }
 413              		.loc 1 246 12 view .LVU136
 414 0090 00E0     		b	.L17
 415              	.LVL32:
 416              	.L25:
 417              		.loc 1 308 10 view .LVU137
 418 0092 0020     		movs	r0, #0
 419              	.LVL33:
 420              	.L17:
 309:Drivers/STM32F0xx_HAL_Driver/Src/stm32f0xx_hal_exti.c **** }
 421              		.loc 1 309 1 view .LVU138
 422              		@ sp needed
 423 0094 30BD     		pop	{r4, r5, pc}
 424              	.L29:
 425 0096 C046     		.align	2
 426              	.L28:
 427 0098 00040140 		.word	1073808384
 428 009c 00000140 		.word	1073807360
 429              		.cfi_endproc
 430              	.LFE41:
 432              		.section	.text.HAL_EXTI_ClearConfigLine,"ax",%progbits
 433              		.align	1
 434              		.global	HAL_EXTI_ClearConfigLine
 435              		.syntax unified
 436              		.code	16
 437              		.thumb_func
 438              		.fpu softvfp
 440              	HAL_EXTI_ClearConfigLine:
 441              	.LVL34:
 442              	.LFB42:
 310:Drivers/STM32F0xx_HAL_Driver/Src/stm32f0xx_hal_exti.c **** 
 311:Drivers/STM32F0xx_HAL_Driver/Src/stm32f0xx_hal_exti.c **** /**
 312:Drivers/STM32F0xx_HAL_Driver/Src/stm32f0xx_hal_exti.c ****   * @brief  Clear whole configuration of a dedicated Exti line.
 313:Drivers/STM32F0xx_HAL_Driver/Src/stm32f0xx_hal_exti.c ****   * @param  hexti Exti handle.
 314:Drivers/STM32F0xx_HAL_Driver/Src/stm32f0xx_hal_exti.c ****   * @retval HAL Status.
 315:Drivers/STM32F0xx_HAL_Driver/Src/stm32f0xx_hal_exti.c ****   */
 316:Drivers/STM32F0xx_HAL_Driver/Src/stm32f0xx_hal_exti.c **** HAL_StatusTypeDef HAL_EXTI_ClearConfigLine(EXTI_HandleTypeDef *hexti)
ARM GAS  /tmp/ccfFywsT.s 			page 15


 317:Drivers/STM32F0xx_HAL_Driver/Src/stm32f0xx_hal_exti.c **** {
 443              		.loc 1 317 1 is_stmt 1 view -0
 444              		.cfi_startproc
 445              		@ args = 0, pretend = 0, frame = 0
 446              		@ frame_needed = 0, uses_anonymous_args = 0
 447              		.loc 1 317 1 is_stmt 0 view .LVU140
 448 0000 70B5     		push	{r4, r5, r6, lr}
 449              	.LCFI2:
 450              		.cfi_def_cfa_offset 16
 451              		.cfi_offset 4, -16
 452              		.cfi_offset 5, -12
 453              		.cfi_offset 6, -8
 454              		.cfi_offset 14, -4
 318:Drivers/STM32F0xx_HAL_Driver/Src/stm32f0xx_hal_exti.c ****   uint32_t regval;
 455              		.loc 1 318 3 is_stmt 1 view .LVU141
 319:Drivers/STM32F0xx_HAL_Driver/Src/stm32f0xx_hal_exti.c ****   uint32_t linepos;
 456              		.loc 1 319 3 view .LVU142
 320:Drivers/STM32F0xx_HAL_Driver/Src/stm32f0xx_hal_exti.c ****   uint32_t maskline;
 457              		.loc 1 320 3 view .LVU143
 321:Drivers/STM32F0xx_HAL_Driver/Src/stm32f0xx_hal_exti.c **** 
 322:Drivers/STM32F0xx_HAL_Driver/Src/stm32f0xx_hal_exti.c ****   /* Check null pointer */
 323:Drivers/STM32F0xx_HAL_Driver/Src/stm32f0xx_hal_exti.c ****   if (hexti == NULL)
 458              		.loc 1 323 3 view .LVU144
 459              		.loc 1 323 6 is_stmt 0 view .LVU145
 460 0002 0028     		cmp	r0, #0
 461 0004 2BD0     		beq	.L32
 324:Drivers/STM32F0xx_HAL_Driver/Src/stm32f0xx_hal_exti.c ****   {
 325:Drivers/STM32F0xx_HAL_Driver/Src/stm32f0xx_hal_exti.c ****     return HAL_ERROR;
 326:Drivers/STM32F0xx_HAL_Driver/Src/stm32f0xx_hal_exti.c ****   }
 327:Drivers/STM32F0xx_HAL_Driver/Src/stm32f0xx_hal_exti.c **** 
 328:Drivers/STM32F0xx_HAL_Driver/Src/stm32f0xx_hal_exti.c ****   /* Check the parameter */
 329:Drivers/STM32F0xx_HAL_Driver/Src/stm32f0xx_hal_exti.c ****   assert_param(IS_EXTI_LINE(hexti->Line));
 462              		.loc 1 329 3 is_stmt 1 view .LVU146
 330:Drivers/STM32F0xx_HAL_Driver/Src/stm32f0xx_hal_exti.c **** 
 331:Drivers/STM32F0xx_HAL_Driver/Src/stm32f0xx_hal_exti.c ****   /* compute line mask */
 332:Drivers/STM32F0xx_HAL_Driver/Src/stm32f0xx_hal_exti.c ****   linepos = (hexti->Line & EXTI_PIN_MASK);
 463              		.loc 1 332 3 view .LVU147
 464              		.loc 1 332 19 is_stmt 0 view .LVU148
 465 0006 0468     		ldr	r4, [r0]
 466              		.loc 1 332 11 view .LVU149
 467 0008 1F25     		movs	r5, #31
 468 000a 2540     		ands	r5, r4
 469              	.LVL35:
 333:Drivers/STM32F0xx_HAL_Driver/Src/stm32f0xx_hal_exti.c ****   maskline = (1uL << linepos);
 470              		.loc 1 333 3 is_stmt 1 view .LVU150
 471              		.loc 1 333 12 is_stmt 0 view .LVU151
 472 000c 0123     		movs	r3, #1
 473 000e AB40     		lsls	r3, r3, r5
 474              	.LVL36:
 334:Drivers/STM32F0xx_HAL_Driver/Src/stm32f0xx_hal_exti.c **** 
 335:Drivers/STM32F0xx_HAL_Driver/Src/stm32f0xx_hal_exti.c ****   /* 1] Clear interrupt mode */
 336:Drivers/STM32F0xx_HAL_Driver/Src/stm32f0xx_hal_exti.c ****   EXTI->IMR = (EXTI->IMR & ~maskline);
 475              		.loc 1 336 3 is_stmt 1 view .LVU152
 476              		.loc 1 336 20 is_stmt 0 view .LVU153
 477 0010 154A     		ldr	r2, .L36
 478 0012 1168     		ldr	r1, [r2]
 479              		.loc 1 336 28 view .LVU154
ARM GAS  /tmp/ccfFywsT.s 			page 16


 480 0014 DE43     		mvns	r6, r3
 481              		.loc 1 336 26 view .LVU155
 482 0016 9943     		bics	r1, r3
 483              		.loc 1 336 13 view .LVU156
 484 0018 1160     		str	r1, [r2]
 337:Drivers/STM32F0xx_HAL_Driver/Src/stm32f0xx_hal_exti.c **** 
 338:Drivers/STM32F0xx_HAL_Driver/Src/stm32f0xx_hal_exti.c ****   /* 2] Clear event mode */
 339:Drivers/STM32F0xx_HAL_Driver/Src/stm32f0xx_hal_exti.c ****   EXTI->EMR = (EXTI->EMR & ~maskline);
 485              		.loc 1 339 3 is_stmt 1 view .LVU157
 486              		.loc 1 339 20 is_stmt 0 view .LVU158
 487 001a 5168     		ldr	r1, [r2, #4]
 488              		.loc 1 339 26 view .LVU159
 489 001c 9943     		bics	r1, r3
 490              		.loc 1 339 13 view .LVU160
 491 001e 5160     		str	r1, [r2, #4]
 340:Drivers/STM32F0xx_HAL_Driver/Src/stm32f0xx_hal_exti.c **** 
 341:Drivers/STM32F0xx_HAL_Driver/Src/stm32f0xx_hal_exti.c ****   /* 3] Clear triggers in case of configurable lines */
 342:Drivers/STM32F0xx_HAL_Driver/Src/stm32f0xx_hal_exti.c ****   if ((hexti->Line & EXTI_CONFIG) != 0x00u)
 492              		.loc 1 342 3 is_stmt 1 view .LVU161
 493              		.loc 1 342 6 is_stmt 0 view .LVU162
 494 0020 0368     		ldr	r3, [r0]
 495              	.LVL37:
 496              		.loc 1 342 6 view .LVU163
 497 0022 9B01     		lsls	r3, r3, #6
 498 0024 1DD5     		bpl	.L33
 343:Drivers/STM32F0xx_HAL_Driver/Src/stm32f0xx_hal_exti.c ****   {
 344:Drivers/STM32F0xx_HAL_Driver/Src/stm32f0xx_hal_exti.c ****     EXTI->RTSR = (EXTI->RTSR & ~maskline);
 499              		.loc 1 344 5 is_stmt 1 view .LVU164
 500              		.loc 1 344 23 is_stmt 0 view .LVU165
 501 0026 9368     		ldr	r3, [r2, #8]
 502              		.loc 1 344 30 view .LVU166
 503 0028 3340     		ands	r3, r6
 504              		.loc 1 344 16 view .LVU167
 505 002a 9360     		str	r3, [r2, #8]
 345:Drivers/STM32F0xx_HAL_Driver/Src/stm32f0xx_hal_exti.c ****     EXTI->FTSR = (EXTI->FTSR & ~maskline);
 506              		.loc 1 345 5 is_stmt 1 view .LVU168
 507              		.loc 1 345 23 is_stmt 0 view .LVU169
 508 002c D368     		ldr	r3, [r2, #12]
 509              		.loc 1 345 30 view .LVU170
 510 002e 1E40     		ands	r6, r3
 511              	.LVL38:
 512              		.loc 1 345 16 view .LVU171
 513 0030 D660     		str	r6, [r2, #12]
 346:Drivers/STM32F0xx_HAL_Driver/Src/stm32f0xx_hal_exti.c **** 
 347:Drivers/STM32F0xx_HAL_Driver/Src/stm32f0xx_hal_exti.c ****     /* Get Gpio port selection for gpio lines */
 348:Drivers/STM32F0xx_HAL_Driver/Src/stm32f0xx_hal_exti.c ****     if ((hexti->Line & EXTI_GPIO) == EXTI_GPIO)
 514              		.loc 1 348 5 is_stmt 1 view .LVU172
 515              		.loc 1 348 15 is_stmt 0 view .LVU173
 516 0032 0368     		ldr	r3, [r0]
 517              		.loc 1 348 22 view .LVU174
 518 0034 C022     		movs	r2, #192
 519 0036 D204     		lsls	r2, r2, #19
 520 0038 1340     		ands	r3, r2
 521              		.loc 1 348 8 view .LVU175
 522 003a 9342     		cmp	r3, r2
 523 003c 01D0     		beq	.L35
 349:Drivers/STM32F0xx_HAL_Driver/Src/stm32f0xx_hal_exti.c ****     {
ARM GAS  /tmp/ccfFywsT.s 			page 17


 350:Drivers/STM32F0xx_HAL_Driver/Src/stm32f0xx_hal_exti.c ****       assert_param(IS_EXTI_GPIO_PIN(linepos));
 351:Drivers/STM32F0xx_HAL_Driver/Src/stm32f0xx_hal_exti.c **** 
 352:Drivers/STM32F0xx_HAL_Driver/Src/stm32f0xx_hal_exti.c ****       regval = SYSCFG->EXTICR[linepos >> 2u];
 353:Drivers/STM32F0xx_HAL_Driver/Src/stm32f0xx_hal_exti.c ****       regval &= ~(SYSCFG_EXTICR1_EXTI0 << (SYSCFG_EXTICR1_EXTI1_Pos * (linepos & 0x03u)));
 354:Drivers/STM32F0xx_HAL_Driver/Src/stm32f0xx_hal_exti.c ****       SYSCFG->EXTICR[linepos >> 2u] = regval;
 355:Drivers/STM32F0xx_HAL_Driver/Src/stm32f0xx_hal_exti.c ****     }
 356:Drivers/STM32F0xx_HAL_Driver/Src/stm32f0xx_hal_exti.c ****   }
 357:Drivers/STM32F0xx_HAL_Driver/Src/stm32f0xx_hal_exti.c **** 
 358:Drivers/STM32F0xx_HAL_Driver/Src/stm32f0xx_hal_exti.c ****   return HAL_OK;
 524              		.loc 1 358 10 view .LVU176
 525 003e 0020     		movs	r0, #0
 526              	.LVL39:
 527              		.loc 1 358 10 view .LVU177
 528 0040 10E0     		b	.L31
 529              	.LVL40:
 530              	.L35:
 350:Drivers/STM32F0xx_HAL_Driver/Src/stm32f0xx_hal_exti.c **** 
 531              		.loc 1 350 7 is_stmt 1 view .LVU178
 352:Drivers/STM32F0xx_HAL_Driver/Src/stm32f0xx_hal_exti.c ****       regval &= ~(SYSCFG_EXTICR1_EXTI0 << (SYSCFG_EXTICR1_EXTI1_Pos * (linepos & 0x03u)));
 532              		.loc 1 352 7 view .LVU179
 352:Drivers/STM32F0xx_HAL_Driver/Src/stm32f0xx_hal_exti.c ****       regval &= ~(SYSCFG_EXTICR1_EXTI0 << (SYSCFG_EXTICR1_EXTI1_Pos * (linepos & 0x03u)));
 533              		.loc 1 352 39 is_stmt 0 view .LVU180
 534 0042 AB08     		lsrs	r3, r5, #2
 352:Drivers/STM32F0xx_HAL_Driver/Src/stm32f0xx_hal_exti.c ****       regval &= ~(SYSCFG_EXTICR1_EXTI0 << (SYSCFG_EXTICR1_EXTI1_Pos * (linepos & 0x03u)));
 535              		.loc 1 352 14 view .LVU181
 536 0044 0948     		ldr	r0, .L36+4
 537              	.LVL41:
 352:Drivers/STM32F0xx_HAL_Driver/Src/stm32f0xx_hal_exti.c ****       regval &= ~(SYSCFG_EXTICR1_EXTI0 << (SYSCFG_EXTICR1_EXTI1_Pos * (linepos & 0x03u)));
 538              		.loc 1 352 14 view .LVU182
 539 0046 0233     		adds	r3, r3, #2
 540 0048 9B00     		lsls	r3, r3, #2
 541 004a 1958     		ldr	r1, [r3, r0]
 542              	.LVL42:
 353:Drivers/STM32F0xx_HAL_Driver/Src/stm32f0xx_hal_exti.c ****       SYSCFG->EXTICR[linepos >> 2u] = regval;
 543              		.loc 1 353 7 is_stmt 1 view .LVU183
 353:Drivers/STM32F0xx_HAL_Driver/Src/stm32f0xx_hal_exti.c ****       SYSCFG->EXTICR[linepos >> 2u] = regval;
 544              		.loc 1 353 80 is_stmt 0 view .LVU184
 545 004c 0322     		movs	r2, #3
 546 004e 1440     		ands	r4, r2
 353:Drivers/STM32F0xx_HAL_Driver/Src/stm32f0xx_hal_exti.c ****       SYSCFG->EXTICR[linepos >> 2u] = regval;
 547              		.loc 1 353 69 view .LVU185
 548 0050 A400     		lsls	r4, r4, #2
 353:Drivers/STM32F0xx_HAL_Driver/Src/stm32f0xx_hal_exti.c ****       SYSCFG->EXTICR[linepos >> 2u] = regval;
 549              		.loc 1 353 40 view .LVU186
 550 0052 0C32     		adds	r2, r2, #12
 551 0054 A240     		lsls	r2, r2, r4
 353:Drivers/STM32F0xx_HAL_Driver/Src/stm32f0xx_hal_exti.c ****       SYSCFG->EXTICR[linepos >> 2u] = regval;
 552              		.loc 1 353 14 view .LVU187
 553 0056 9143     		bics	r1, r2
 554              	.LVL43:
 354:Drivers/STM32F0xx_HAL_Driver/Src/stm32f0xx_hal_exti.c ****     }
 555              		.loc 1 354 7 is_stmt 1 view .LVU188
 354:Drivers/STM32F0xx_HAL_Driver/Src/stm32f0xx_hal_exti.c ****     }
 556              		.loc 1 354 37 is_stmt 0 view .LVU189
 557 0058 1950     		str	r1, [r3, r0]
 558              		.loc 1 358 10 view .LVU190
 559 005a 0020     		movs	r0, #0
ARM GAS  /tmp/ccfFywsT.s 			page 18


 560 005c 02E0     		b	.L31
 561              	.LVL44:
 562              	.L32:
 325:Drivers/STM32F0xx_HAL_Driver/Src/stm32f0xx_hal_exti.c ****   }
 563              		.loc 1 325 12 view .LVU191
 564 005e 0120     		movs	r0, #1
 565              	.LVL45:
 325:Drivers/STM32F0xx_HAL_Driver/Src/stm32f0xx_hal_exti.c ****   }
 566              		.loc 1 325 12 view .LVU192
 567 0060 00E0     		b	.L31
 568              	.LVL46:
 569              	.L33:
 570              		.loc 1 358 10 view .LVU193
 571 0062 0020     		movs	r0, #0
 572              	.LVL47:
 573              	.L31:
 359:Drivers/STM32F0xx_HAL_Driver/Src/stm32f0xx_hal_exti.c **** }
 574              		.loc 1 359 1 view .LVU194
 575              		@ sp needed
 576 0064 70BD     		pop	{r4, r5, r6, pc}
 577              	.L37:
 578 0066 C046     		.align	2
 579              	.L36:
 580 0068 00040140 		.word	1073808384
 581 006c 00000140 		.word	1073807360
 582              		.cfi_endproc
 583              	.LFE42:
 585              		.section	.text.HAL_EXTI_RegisterCallback,"ax",%progbits
 586              		.align	1
 587              		.global	HAL_EXTI_RegisterCallback
 588              		.syntax unified
 589              		.code	16
 590              		.thumb_func
 591              		.fpu softvfp
 593              	HAL_EXTI_RegisterCallback:
 594              	.LVL48:
 595              	.LFB43:
 360:Drivers/STM32F0xx_HAL_Driver/Src/stm32f0xx_hal_exti.c **** 
 361:Drivers/STM32F0xx_HAL_Driver/Src/stm32f0xx_hal_exti.c **** /**
 362:Drivers/STM32F0xx_HAL_Driver/Src/stm32f0xx_hal_exti.c ****   * @brief  Register callback for a dedicated Exti line.
 363:Drivers/STM32F0xx_HAL_Driver/Src/stm32f0xx_hal_exti.c ****   * @param  hexti Exti handle.
 364:Drivers/STM32F0xx_HAL_Driver/Src/stm32f0xx_hal_exti.c ****   * @param  CallbackID User callback identifier.
 365:Drivers/STM32F0xx_HAL_Driver/Src/stm32f0xx_hal_exti.c ****   *         This parameter can be one of @arg @ref EXTI_CallbackIDTypeDef values.
 366:Drivers/STM32F0xx_HAL_Driver/Src/stm32f0xx_hal_exti.c ****   * @param  pPendingCbfn function pointer to be stored as callback.
 367:Drivers/STM32F0xx_HAL_Driver/Src/stm32f0xx_hal_exti.c ****   * @retval HAL Status.
 368:Drivers/STM32F0xx_HAL_Driver/Src/stm32f0xx_hal_exti.c ****   */
 369:Drivers/STM32F0xx_HAL_Driver/Src/stm32f0xx_hal_exti.c **** HAL_StatusTypeDef HAL_EXTI_RegisterCallback(EXTI_HandleTypeDef *hexti, EXTI_CallbackIDTypeDef Callb
 370:Drivers/STM32F0xx_HAL_Driver/Src/stm32f0xx_hal_exti.c **** {
 596              		.loc 1 370 1 is_stmt 1 view -0
 597              		.cfi_startproc
 598              		@ args = 0, pretend = 0, frame = 0
 599              		@ frame_needed = 0, uses_anonymous_args = 0
 600              		@ link register save eliminated.
 371:Drivers/STM32F0xx_HAL_Driver/Src/stm32f0xx_hal_exti.c ****   HAL_StatusTypeDef status = HAL_OK;
 601              		.loc 1 371 3 view .LVU196
 372:Drivers/STM32F0xx_HAL_Driver/Src/stm32f0xx_hal_exti.c **** 
 373:Drivers/STM32F0xx_HAL_Driver/Src/stm32f0xx_hal_exti.c ****   switch (CallbackID)
ARM GAS  /tmp/ccfFywsT.s 			page 19


 602              		.loc 1 373 3 view .LVU197
 603 0000 0029     		cmp	r1, #0
 604 0002 02D1     		bne	.L40
 374:Drivers/STM32F0xx_HAL_Driver/Src/stm32f0xx_hal_exti.c ****   {
 375:Drivers/STM32F0xx_HAL_Driver/Src/stm32f0xx_hal_exti.c ****     case  HAL_EXTI_COMMON_CB_ID:
 376:Drivers/STM32F0xx_HAL_Driver/Src/stm32f0xx_hal_exti.c ****       hexti->PendingCallback = pPendingCbfn;
 605              		.loc 1 376 7 view .LVU198
 606              		.loc 1 376 30 is_stmt 0 view .LVU199
 607 0004 4260     		str	r2, [r0, #4]
 377:Drivers/STM32F0xx_HAL_Driver/Src/stm32f0xx_hal_exti.c ****       break;
 608              		.loc 1 377 7 is_stmt 1 view .LVU200
 371:Drivers/STM32F0xx_HAL_Driver/Src/stm32f0xx_hal_exti.c **** 
 609              		.loc 1 371 21 is_stmt 0 view .LVU201
 610 0006 0800     		movs	r0, r1
 611              	.LVL49:
 612              	.L39:
 378:Drivers/STM32F0xx_HAL_Driver/Src/stm32f0xx_hal_exti.c **** 
 379:Drivers/STM32F0xx_HAL_Driver/Src/stm32f0xx_hal_exti.c ****     default:
 380:Drivers/STM32F0xx_HAL_Driver/Src/stm32f0xx_hal_exti.c ****       status = HAL_ERROR;
 381:Drivers/STM32F0xx_HAL_Driver/Src/stm32f0xx_hal_exti.c ****       break;
 382:Drivers/STM32F0xx_HAL_Driver/Src/stm32f0xx_hal_exti.c ****   }
 383:Drivers/STM32F0xx_HAL_Driver/Src/stm32f0xx_hal_exti.c **** 
 384:Drivers/STM32F0xx_HAL_Driver/Src/stm32f0xx_hal_exti.c ****   return status;
 613              		.loc 1 384 3 is_stmt 1 view .LVU202
 385:Drivers/STM32F0xx_HAL_Driver/Src/stm32f0xx_hal_exti.c **** }
 614              		.loc 1 385 1 is_stmt 0 view .LVU203
 615              		@ sp needed
 616 0008 7047     		bx	lr
 617              	.LVL50:
 618              	.L40:
 380:Drivers/STM32F0xx_HAL_Driver/Src/stm32f0xx_hal_exti.c ****       break;
 619              		.loc 1 380 14 view .LVU204
 620 000a 0120     		movs	r0, #1
 621              	.LVL51:
 380:Drivers/STM32F0xx_HAL_Driver/Src/stm32f0xx_hal_exti.c ****       break;
 622              		.loc 1 380 14 view .LVU205
 623 000c FCE7     		b	.L39
 624              		.cfi_endproc
 625              	.LFE43:
 627              		.section	.text.HAL_EXTI_GetHandle,"ax",%progbits
 628              		.align	1
 629              		.global	HAL_EXTI_GetHandle
 630              		.syntax unified
 631              		.code	16
 632              		.thumb_func
 633              		.fpu softvfp
 635              	HAL_EXTI_GetHandle:
 636              	.LVL52:
 637              	.LFB44:
 386:Drivers/STM32F0xx_HAL_Driver/Src/stm32f0xx_hal_exti.c **** 
 387:Drivers/STM32F0xx_HAL_Driver/Src/stm32f0xx_hal_exti.c **** /**
 388:Drivers/STM32F0xx_HAL_Driver/Src/stm32f0xx_hal_exti.c ****   * @brief  Store line number as handle private field.
 389:Drivers/STM32F0xx_HAL_Driver/Src/stm32f0xx_hal_exti.c ****   * @param  hexti Exti handle.
 390:Drivers/STM32F0xx_HAL_Driver/Src/stm32f0xx_hal_exti.c ****   * @param  ExtiLine Exti line number.
 391:Drivers/STM32F0xx_HAL_Driver/Src/stm32f0xx_hal_exti.c ****   *         This parameter can be from 0 to @ref EXTI_LINE_NB.
 392:Drivers/STM32F0xx_HAL_Driver/Src/stm32f0xx_hal_exti.c ****   * @retval HAL Status.
 393:Drivers/STM32F0xx_HAL_Driver/Src/stm32f0xx_hal_exti.c ****   */
ARM GAS  /tmp/ccfFywsT.s 			page 20


 394:Drivers/STM32F0xx_HAL_Driver/Src/stm32f0xx_hal_exti.c **** HAL_StatusTypeDef HAL_EXTI_GetHandle(EXTI_HandleTypeDef *hexti, uint32_t ExtiLine)
 395:Drivers/STM32F0xx_HAL_Driver/Src/stm32f0xx_hal_exti.c **** {
 638              		.loc 1 395 1 is_stmt 1 view -0
 639              		.cfi_startproc
 640              		@ args = 0, pretend = 0, frame = 0
 641              		@ frame_needed = 0, uses_anonymous_args = 0
 642              		@ link register save eliminated.
 396:Drivers/STM32F0xx_HAL_Driver/Src/stm32f0xx_hal_exti.c ****   /* Check the parameters */
 397:Drivers/STM32F0xx_HAL_Driver/Src/stm32f0xx_hal_exti.c ****   assert_param(IS_EXTI_LINE(ExtiLine));
 643              		.loc 1 397 3 view .LVU207
 398:Drivers/STM32F0xx_HAL_Driver/Src/stm32f0xx_hal_exti.c **** 
 399:Drivers/STM32F0xx_HAL_Driver/Src/stm32f0xx_hal_exti.c ****   /* Check null pointer */
 400:Drivers/STM32F0xx_HAL_Driver/Src/stm32f0xx_hal_exti.c ****   if (hexti == NULL)
 644              		.loc 1 400 3 view .LVU208
 645              		.loc 1 400 6 is_stmt 0 view .LVU209
 646 0000 0028     		cmp	r0, #0
 647 0002 02D0     		beq	.L43
 401:Drivers/STM32F0xx_HAL_Driver/Src/stm32f0xx_hal_exti.c ****   {
 402:Drivers/STM32F0xx_HAL_Driver/Src/stm32f0xx_hal_exti.c ****     return HAL_ERROR;
 403:Drivers/STM32F0xx_HAL_Driver/Src/stm32f0xx_hal_exti.c ****   }
 404:Drivers/STM32F0xx_HAL_Driver/Src/stm32f0xx_hal_exti.c ****   else
 405:Drivers/STM32F0xx_HAL_Driver/Src/stm32f0xx_hal_exti.c ****   {
 406:Drivers/STM32F0xx_HAL_Driver/Src/stm32f0xx_hal_exti.c ****     /* Store line number as handle private field */
 407:Drivers/STM32F0xx_HAL_Driver/Src/stm32f0xx_hal_exti.c ****     hexti->Line = ExtiLine;
 648              		.loc 1 407 5 is_stmt 1 view .LVU210
 649              		.loc 1 407 17 is_stmt 0 view .LVU211
 650 0004 0160     		str	r1, [r0]
 408:Drivers/STM32F0xx_HAL_Driver/Src/stm32f0xx_hal_exti.c **** 
 409:Drivers/STM32F0xx_HAL_Driver/Src/stm32f0xx_hal_exti.c ****     return HAL_OK;
 651              		.loc 1 409 5 is_stmt 1 view .LVU212
 652              		.loc 1 409 12 is_stmt 0 view .LVU213
 653 0006 0020     		movs	r0, #0
 654              	.LVL53:
 655              	.L42:
 410:Drivers/STM32F0xx_HAL_Driver/Src/stm32f0xx_hal_exti.c ****   }
 411:Drivers/STM32F0xx_HAL_Driver/Src/stm32f0xx_hal_exti.c **** }
 656              		.loc 1 411 1 view .LVU214
 657              		@ sp needed
 658 0008 7047     		bx	lr
 659              	.LVL54:
 660              	.L43:
 402:Drivers/STM32F0xx_HAL_Driver/Src/stm32f0xx_hal_exti.c ****   }
 661              		.loc 1 402 12 view .LVU215
 662 000a 0120     		movs	r0, #1
 663              	.LVL55:
 402:Drivers/STM32F0xx_HAL_Driver/Src/stm32f0xx_hal_exti.c ****   }
 664              		.loc 1 402 12 view .LVU216
 665 000c FCE7     		b	.L42
 666              		.cfi_endproc
 667              	.LFE44:
 669              		.section	.text.HAL_EXTI_IRQHandler,"ax",%progbits
 670              		.align	1
 671              		.global	HAL_EXTI_IRQHandler
 672              		.syntax unified
 673              		.code	16
 674              		.thumb_func
 675              		.fpu softvfp
ARM GAS  /tmp/ccfFywsT.s 			page 21


 677              	HAL_EXTI_IRQHandler:
 678              	.LVL56:
 679              	.LFB45:
 412:Drivers/STM32F0xx_HAL_Driver/Src/stm32f0xx_hal_exti.c **** 
 413:Drivers/STM32F0xx_HAL_Driver/Src/stm32f0xx_hal_exti.c **** /**
 414:Drivers/STM32F0xx_HAL_Driver/Src/stm32f0xx_hal_exti.c ****   * @}
 415:Drivers/STM32F0xx_HAL_Driver/Src/stm32f0xx_hal_exti.c ****   */
 416:Drivers/STM32F0xx_HAL_Driver/Src/stm32f0xx_hal_exti.c **** 
 417:Drivers/STM32F0xx_HAL_Driver/Src/stm32f0xx_hal_exti.c **** /** @addtogroup EXTI_Exported_Functions_Group2
 418:Drivers/STM32F0xx_HAL_Driver/Src/stm32f0xx_hal_exti.c ****   *  @brief EXTI IO functions.
 419:Drivers/STM32F0xx_HAL_Driver/Src/stm32f0xx_hal_exti.c ****   *
 420:Drivers/STM32F0xx_HAL_Driver/Src/stm32f0xx_hal_exti.c **** @verbatim
 421:Drivers/STM32F0xx_HAL_Driver/Src/stm32f0xx_hal_exti.c ****  ===============================================================================
 422:Drivers/STM32F0xx_HAL_Driver/Src/stm32f0xx_hal_exti.c ****                        ##### IO operation functions #####
 423:Drivers/STM32F0xx_HAL_Driver/Src/stm32f0xx_hal_exti.c ****  ===============================================================================
 424:Drivers/STM32F0xx_HAL_Driver/Src/stm32f0xx_hal_exti.c **** 
 425:Drivers/STM32F0xx_HAL_Driver/Src/stm32f0xx_hal_exti.c **** @endverbatim
 426:Drivers/STM32F0xx_HAL_Driver/Src/stm32f0xx_hal_exti.c ****   * @{
 427:Drivers/STM32F0xx_HAL_Driver/Src/stm32f0xx_hal_exti.c ****   */
 428:Drivers/STM32F0xx_HAL_Driver/Src/stm32f0xx_hal_exti.c **** 
 429:Drivers/STM32F0xx_HAL_Driver/Src/stm32f0xx_hal_exti.c **** /**
 430:Drivers/STM32F0xx_HAL_Driver/Src/stm32f0xx_hal_exti.c ****   * @brief  Handle EXTI interrupt request.
 431:Drivers/STM32F0xx_HAL_Driver/Src/stm32f0xx_hal_exti.c ****   * @param  hexti Exti handle.
 432:Drivers/STM32F0xx_HAL_Driver/Src/stm32f0xx_hal_exti.c ****   * @retval none.
 433:Drivers/STM32F0xx_HAL_Driver/Src/stm32f0xx_hal_exti.c ****   */
 434:Drivers/STM32F0xx_HAL_Driver/Src/stm32f0xx_hal_exti.c **** void HAL_EXTI_IRQHandler(EXTI_HandleTypeDef *hexti)
 435:Drivers/STM32F0xx_HAL_Driver/Src/stm32f0xx_hal_exti.c **** {
 680              		.loc 1 435 1 is_stmt 1 view -0
 681              		.cfi_startproc
 682              		@ args = 0, pretend = 0, frame = 0
 683              		@ frame_needed = 0, uses_anonymous_args = 0
 684              		.loc 1 435 1 is_stmt 0 view .LVU218
 685 0000 10B5     		push	{r4, lr}
 686              	.LCFI3:
 687              		.cfi_def_cfa_offset 8
 688              		.cfi_offset 4, -8
 689              		.cfi_offset 14, -4
 436:Drivers/STM32F0xx_HAL_Driver/Src/stm32f0xx_hal_exti.c ****   uint32_t regval;
 690              		.loc 1 436 3 is_stmt 1 view .LVU219
 437:Drivers/STM32F0xx_HAL_Driver/Src/stm32f0xx_hal_exti.c ****   uint32_t maskline;
 691              		.loc 1 437 3 view .LVU220
 438:Drivers/STM32F0xx_HAL_Driver/Src/stm32f0xx_hal_exti.c **** 
 439:Drivers/STM32F0xx_HAL_Driver/Src/stm32f0xx_hal_exti.c ****   /* Compute line mask */
 440:Drivers/STM32F0xx_HAL_Driver/Src/stm32f0xx_hal_exti.c ****   maskline = (1uL << (hexti->Line & EXTI_PIN_MASK));
 692              		.loc 1 440 3 view .LVU221
 693              		.loc 1 440 35 is_stmt 0 view .LVU222
 694 0002 1F22     		movs	r2, #31
 695 0004 0368     		ldr	r3, [r0]
 696 0006 1A40     		ands	r2, r3
 697              		.loc 1 440 12 view .LVU223
 698 0008 0123     		movs	r3, #1
 699 000a 9340     		lsls	r3, r3, r2
 700              	.LVL57:
 441:Drivers/STM32F0xx_HAL_Driver/Src/stm32f0xx_hal_exti.c **** 
 442:Drivers/STM32F0xx_HAL_Driver/Src/stm32f0xx_hal_exti.c ****   /* Get pending bit  */
 443:Drivers/STM32F0xx_HAL_Driver/Src/stm32f0xx_hal_exti.c ****   regval = (EXTI->PR & maskline);
 701              		.loc 1 443 3 is_stmt 1 view .LVU224
ARM GAS  /tmp/ccfFywsT.s 			page 22


 702              		.loc 1 443 17 is_stmt 0 view .LVU225
 703 000c 054A     		ldr	r2, .L46
 704 000e 5269     		ldr	r2, [r2, #20]
 705              	.LVL58:
 444:Drivers/STM32F0xx_HAL_Driver/Src/stm32f0xx_hal_exti.c ****   if (regval != 0x00u)
 706              		.loc 1 444 3 is_stmt 1 view .LVU226
 707              		.loc 1 444 6 is_stmt 0 view .LVU227
 708 0010 1342     		tst	r3, r2
 709 0012 05D0     		beq	.L44
 445:Drivers/STM32F0xx_HAL_Driver/Src/stm32f0xx_hal_exti.c ****   {
 446:Drivers/STM32F0xx_HAL_Driver/Src/stm32f0xx_hal_exti.c ****     /* Clear pending bit */
 447:Drivers/STM32F0xx_HAL_Driver/Src/stm32f0xx_hal_exti.c ****     EXTI->PR = maskline;
 710              		.loc 1 447 5 is_stmt 1 view .LVU228
 711              		.loc 1 447 14 is_stmt 0 view .LVU229
 712 0014 034A     		ldr	r2, .L46
 713              	.LVL59:
 714              		.loc 1 447 14 view .LVU230
 715 0016 5361     		str	r3, [r2, #20]
 448:Drivers/STM32F0xx_HAL_Driver/Src/stm32f0xx_hal_exti.c **** 
 449:Drivers/STM32F0xx_HAL_Driver/Src/stm32f0xx_hal_exti.c ****     /* Call callback */
 450:Drivers/STM32F0xx_HAL_Driver/Src/stm32f0xx_hal_exti.c ****     if (hexti->PendingCallback != NULL)
 716              		.loc 1 450 5 is_stmt 1 view .LVU231
 717              		.loc 1 450 14 is_stmt 0 view .LVU232
 718 0018 4368     		ldr	r3, [r0, #4]
 719              	.LVL60:
 720              		.loc 1 450 8 view .LVU233
 721 001a 002B     		cmp	r3, #0
 722 001c 00D0     		beq	.L44
 451:Drivers/STM32F0xx_HAL_Driver/Src/stm32f0xx_hal_exti.c ****     {
 452:Drivers/STM32F0xx_HAL_Driver/Src/stm32f0xx_hal_exti.c ****       hexti->PendingCallback();
 723              		.loc 1 452 7 is_stmt 1 view .LVU234
 724 001e 9847     		blx	r3
 725              	.LVL61:
 726              	.L44:
 453:Drivers/STM32F0xx_HAL_Driver/Src/stm32f0xx_hal_exti.c ****     }
 454:Drivers/STM32F0xx_HAL_Driver/Src/stm32f0xx_hal_exti.c ****   }
 455:Drivers/STM32F0xx_HAL_Driver/Src/stm32f0xx_hal_exti.c **** }
 727              		.loc 1 455 1 is_stmt 0 view .LVU235
 728              		@ sp needed
 729 0020 10BD     		pop	{r4, pc}
 730              	.L47:
 731 0022 C046     		.align	2
 732              	.L46:
 733 0024 00040140 		.word	1073808384
 734              		.cfi_endproc
 735              	.LFE45:
 737              		.section	.text.HAL_EXTI_GetPending,"ax",%progbits
 738              		.align	1
 739              		.global	HAL_EXTI_GetPending
 740              		.syntax unified
 741              		.code	16
 742              		.thumb_func
 743              		.fpu softvfp
 745              	HAL_EXTI_GetPending:
 746              	.LVL62:
 747              	.LFB46:
 456:Drivers/STM32F0xx_HAL_Driver/Src/stm32f0xx_hal_exti.c **** 
ARM GAS  /tmp/ccfFywsT.s 			page 23


 457:Drivers/STM32F0xx_HAL_Driver/Src/stm32f0xx_hal_exti.c **** /**
 458:Drivers/STM32F0xx_HAL_Driver/Src/stm32f0xx_hal_exti.c ****   * @brief  Get interrupt pending bit of a dedicated line.
 459:Drivers/STM32F0xx_HAL_Driver/Src/stm32f0xx_hal_exti.c ****   * @param  hexti Exti handle.
 460:Drivers/STM32F0xx_HAL_Driver/Src/stm32f0xx_hal_exti.c ****   * @param  Edge Specify which pending edge as to be checked.
 461:Drivers/STM32F0xx_HAL_Driver/Src/stm32f0xx_hal_exti.c ****   *         This parameter can be one of the following values:
 462:Drivers/STM32F0xx_HAL_Driver/Src/stm32f0xx_hal_exti.c ****   *           @arg @ref EXTI_TRIGGER_RISING_FALLING
 463:Drivers/STM32F0xx_HAL_Driver/Src/stm32f0xx_hal_exti.c ****   *         This parameter is kept for compatibility with other series.
 464:Drivers/STM32F0xx_HAL_Driver/Src/stm32f0xx_hal_exti.c ****   * @retval 1 if interrupt is pending else 0.
 465:Drivers/STM32F0xx_HAL_Driver/Src/stm32f0xx_hal_exti.c ****   */
 466:Drivers/STM32F0xx_HAL_Driver/Src/stm32f0xx_hal_exti.c **** uint32_t HAL_EXTI_GetPending(EXTI_HandleTypeDef *hexti, uint32_t Edge)
 467:Drivers/STM32F0xx_HAL_Driver/Src/stm32f0xx_hal_exti.c **** {
 748              		.loc 1 467 1 is_stmt 1 view -0
 749              		.cfi_startproc
 750              		@ args = 0, pretend = 0, frame = 0
 751              		@ frame_needed = 0, uses_anonymous_args = 0
 752              		@ link register save eliminated.
 468:Drivers/STM32F0xx_HAL_Driver/Src/stm32f0xx_hal_exti.c ****   uint32_t regval;
 753              		.loc 1 468 3 view .LVU237
 469:Drivers/STM32F0xx_HAL_Driver/Src/stm32f0xx_hal_exti.c ****   uint32_t linepos;
 754              		.loc 1 469 3 view .LVU238
 470:Drivers/STM32F0xx_HAL_Driver/Src/stm32f0xx_hal_exti.c ****   uint32_t maskline;
 755              		.loc 1 470 3 view .LVU239
 471:Drivers/STM32F0xx_HAL_Driver/Src/stm32f0xx_hal_exti.c **** 
 472:Drivers/STM32F0xx_HAL_Driver/Src/stm32f0xx_hal_exti.c ****   /* Check parameters */
 473:Drivers/STM32F0xx_HAL_Driver/Src/stm32f0xx_hal_exti.c ****   assert_param(IS_EXTI_LINE(hexti->Line));
 756              		.loc 1 473 3 view .LVU240
 474:Drivers/STM32F0xx_HAL_Driver/Src/stm32f0xx_hal_exti.c ****   assert_param(IS_EXTI_CONFIG_LINE(hexti->Line));
 757              		.loc 1 474 3 view .LVU241
 475:Drivers/STM32F0xx_HAL_Driver/Src/stm32f0xx_hal_exti.c ****   assert_param(IS_EXTI_PENDING_EDGE(Edge));
 758              		.loc 1 475 3 view .LVU242
 476:Drivers/STM32F0xx_HAL_Driver/Src/stm32f0xx_hal_exti.c **** 
 477:Drivers/STM32F0xx_HAL_Driver/Src/stm32f0xx_hal_exti.c ****   /* Compute line mask */
 478:Drivers/STM32F0xx_HAL_Driver/Src/stm32f0xx_hal_exti.c ****   linepos = (hexti->Line & EXTI_PIN_MASK);
 759              		.loc 1 478 3 view .LVU243
 760              		.loc 1 478 19 is_stmt 0 view .LVU244
 761 0000 0268     		ldr	r2, [r0]
 762              		.loc 1 478 11 view .LVU245
 763 0002 1F23     		movs	r3, #31
 764 0004 1340     		ands	r3, r2
 765              	.LVL63:
 479:Drivers/STM32F0xx_HAL_Driver/Src/stm32f0xx_hal_exti.c ****   maskline = (1uL << linepos);
 766              		.loc 1 479 3 is_stmt 1 view .LVU246
 767              		.loc 1 479 12 is_stmt 0 view .LVU247
 768 0006 0120     		movs	r0, #1
 769              	.LVL64:
 770              		.loc 1 479 12 view .LVU248
 771 0008 9840     		lsls	r0, r0, r3
 772              	.LVL65:
 480:Drivers/STM32F0xx_HAL_Driver/Src/stm32f0xx_hal_exti.c **** 
 481:Drivers/STM32F0xx_HAL_Driver/Src/stm32f0xx_hal_exti.c ****   /* return 1 if bit is set else 0 */
 482:Drivers/STM32F0xx_HAL_Driver/Src/stm32f0xx_hal_exti.c ****   regval = ((EXTI->PR & maskline) >> linepos);
 773              		.loc 1 482 3 is_stmt 1 view .LVU249
 774              		.loc 1 482 18 is_stmt 0 view .LVU250
 775 000a 024A     		ldr	r2, .L49
 776 000c 5269     		ldr	r2, [r2, #20]
 777              		.loc 1 482 23 view .LVU251
 778 000e 1040     		ands	r0, r2
ARM GAS  /tmp/ccfFywsT.s 			page 24


 779              	.LVL66:
 780              		.loc 1 482 10 view .LVU252
 781 0010 D840     		lsrs	r0, r0, r3
 782              	.LVL67:
 483:Drivers/STM32F0xx_HAL_Driver/Src/stm32f0xx_hal_exti.c ****   return regval;
 783              		.loc 1 483 3 is_stmt 1 view .LVU253
 484:Drivers/STM32F0xx_HAL_Driver/Src/stm32f0xx_hal_exti.c **** }
 784              		.loc 1 484 1 is_stmt 0 view .LVU254
 785              		@ sp needed
 786 0012 7047     		bx	lr
 787              	.L50:
 788              		.align	2
 789              	.L49:
 790 0014 00040140 		.word	1073808384
 791              		.cfi_endproc
 792              	.LFE46:
 794              		.section	.text.HAL_EXTI_ClearPending,"ax",%progbits
 795              		.align	1
 796              		.global	HAL_EXTI_ClearPending
 797              		.syntax unified
 798              		.code	16
 799              		.thumb_func
 800              		.fpu softvfp
 802              	HAL_EXTI_ClearPending:
 803              	.LVL68:
 804              	.LFB47:
 485:Drivers/STM32F0xx_HAL_Driver/Src/stm32f0xx_hal_exti.c **** 
 486:Drivers/STM32F0xx_HAL_Driver/Src/stm32f0xx_hal_exti.c **** /**
 487:Drivers/STM32F0xx_HAL_Driver/Src/stm32f0xx_hal_exti.c ****   * @brief  Clear interrupt pending bit of a dedicated line.
 488:Drivers/STM32F0xx_HAL_Driver/Src/stm32f0xx_hal_exti.c ****   * @param  hexti Exti handle.
 489:Drivers/STM32F0xx_HAL_Driver/Src/stm32f0xx_hal_exti.c ****   * @param  Edge Specify which pending edge as to be clear.
 490:Drivers/STM32F0xx_HAL_Driver/Src/stm32f0xx_hal_exti.c ****   *         This parameter can be one of the following values:
 491:Drivers/STM32F0xx_HAL_Driver/Src/stm32f0xx_hal_exti.c ****   *           @arg @ref EXTI_TRIGGER_RISING_FALLING
 492:Drivers/STM32F0xx_HAL_Driver/Src/stm32f0xx_hal_exti.c ****   *         This parameter is kept for compatibility with other series.
 493:Drivers/STM32F0xx_HAL_Driver/Src/stm32f0xx_hal_exti.c ****   * @retval None.
 494:Drivers/STM32F0xx_HAL_Driver/Src/stm32f0xx_hal_exti.c ****   */
 495:Drivers/STM32F0xx_HAL_Driver/Src/stm32f0xx_hal_exti.c **** void HAL_EXTI_ClearPending(EXTI_HandleTypeDef *hexti, uint32_t Edge)
 496:Drivers/STM32F0xx_HAL_Driver/Src/stm32f0xx_hal_exti.c **** {
 805              		.loc 1 496 1 is_stmt 1 view -0
 806              		.cfi_startproc
 807              		@ args = 0, pretend = 0, frame = 0
 808              		@ frame_needed = 0, uses_anonymous_args = 0
 809              		@ link register save eliminated.
 497:Drivers/STM32F0xx_HAL_Driver/Src/stm32f0xx_hal_exti.c ****   uint32_t maskline;
 810              		.loc 1 497 3 view .LVU256
 498:Drivers/STM32F0xx_HAL_Driver/Src/stm32f0xx_hal_exti.c **** 
 499:Drivers/STM32F0xx_HAL_Driver/Src/stm32f0xx_hal_exti.c ****   /* Check parameters */
 500:Drivers/STM32F0xx_HAL_Driver/Src/stm32f0xx_hal_exti.c ****   assert_param(IS_EXTI_LINE(hexti->Line));
 811              		.loc 1 500 3 view .LVU257
 501:Drivers/STM32F0xx_HAL_Driver/Src/stm32f0xx_hal_exti.c ****   assert_param(IS_EXTI_CONFIG_LINE(hexti->Line));
 812              		.loc 1 501 3 view .LVU258
 502:Drivers/STM32F0xx_HAL_Driver/Src/stm32f0xx_hal_exti.c ****   assert_param(IS_EXTI_PENDING_EDGE(Edge));
 813              		.loc 1 502 3 view .LVU259
 503:Drivers/STM32F0xx_HAL_Driver/Src/stm32f0xx_hal_exti.c **** 
 504:Drivers/STM32F0xx_HAL_Driver/Src/stm32f0xx_hal_exti.c ****   /* Compute line mask */
 505:Drivers/STM32F0xx_HAL_Driver/Src/stm32f0xx_hal_exti.c ****   maskline = (1uL << (hexti->Line & EXTI_PIN_MASK));
 814              		.loc 1 505 3 view .LVU260
ARM GAS  /tmp/ccfFywsT.s 			page 25


 815              		.loc 1 505 28 is_stmt 0 view .LVU261
 816 0000 0368     		ldr	r3, [r0]
 817              		.loc 1 505 35 view .LVU262
 818 0002 1F22     		movs	r2, #31
 819 0004 1A40     		ands	r2, r3
 820              		.loc 1 505 12 view .LVU263
 821 0006 0123     		movs	r3, #1
 822 0008 9340     		lsls	r3, r3, r2
 823              	.LVL69:
 506:Drivers/STM32F0xx_HAL_Driver/Src/stm32f0xx_hal_exti.c **** 
 507:Drivers/STM32F0xx_HAL_Driver/Src/stm32f0xx_hal_exti.c ****   /* Clear Pending bit */
 508:Drivers/STM32F0xx_HAL_Driver/Src/stm32f0xx_hal_exti.c ****   EXTI->PR =  maskline;
 824              		.loc 1 508 3 is_stmt 1 view .LVU264
 825              		.loc 1 508 12 is_stmt 0 view .LVU265
 826 000a 014A     		ldr	r2, .L52
 827 000c 5361     		str	r3, [r2, #20]
 509:Drivers/STM32F0xx_HAL_Driver/Src/stm32f0xx_hal_exti.c **** }
 828              		.loc 1 509 1 view .LVU266
 829              		@ sp needed
 830 000e 7047     		bx	lr
 831              	.L53:
 832              		.align	2
 833              	.L52:
 834 0010 00040140 		.word	1073808384
 835              		.cfi_endproc
 836              	.LFE47:
 838              		.section	.text.HAL_EXTI_GenerateSWI,"ax",%progbits
 839              		.align	1
 840              		.global	HAL_EXTI_GenerateSWI
 841              		.syntax unified
 842              		.code	16
 843              		.thumb_func
 844              		.fpu softvfp
 846              	HAL_EXTI_GenerateSWI:
 847              	.LVL70:
 848              	.LFB48:
 510:Drivers/STM32F0xx_HAL_Driver/Src/stm32f0xx_hal_exti.c **** 
 511:Drivers/STM32F0xx_HAL_Driver/Src/stm32f0xx_hal_exti.c **** /**
 512:Drivers/STM32F0xx_HAL_Driver/Src/stm32f0xx_hal_exti.c ****   * @brief  Generate a software interrupt for a dedicated line.
 513:Drivers/STM32F0xx_HAL_Driver/Src/stm32f0xx_hal_exti.c ****   * @param  hexti Exti handle.
 514:Drivers/STM32F0xx_HAL_Driver/Src/stm32f0xx_hal_exti.c ****   * @retval None.
 515:Drivers/STM32F0xx_HAL_Driver/Src/stm32f0xx_hal_exti.c ****   */
 516:Drivers/STM32F0xx_HAL_Driver/Src/stm32f0xx_hal_exti.c **** void HAL_EXTI_GenerateSWI(EXTI_HandleTypeDef *hexti)
 517:Drivers/STM32F0xx_HAL_Driver/Src/stm32f0xx_hal_exti.c **** {
 849              		.loc 1 517 1 is_stmt 1 view -0
 850              		.cfi_startproc
 851              		@ args = 0, pretend = 0, frame = 0
 852              		@ frame_needed = 0, uses_anonymous_args = 0
 853              		@ link register save eliminated.
 518:Drivers/STM32F0xx_HAL_Driver/Src/stm32f0xx_hal_exti.c ****   uint32_t maskline;
 854              		.loc 1 518 3 view .LVU268
 519:Drivers/STM32F0xx_HAL_Driver/Src/stm32f0xx_hal_exti.c **** 
 520:Drivers/STM32F0xx_HAL_Driver/Src/stm32f0xx_hal_exti.c ****   /* Check parameters */
 521:Drivers/STM32F0xx_HAL_Driver/Src/stm32f0xx_hal_exti.c ****   assert_param(IS_EXTI_LINE(hexti->Line));
 855              		.loc 1 521 3 view .LVU269
 522:Drivers/STM32F0xx_HAL_Driver/Src/stm32f0xx_hal_exti.c ****   assert_param(IS_EXTI_CONFIG_LINE(hexti->Line));
 856              		.loc 1 522 3 view .LVU270
ARM GAS  /tmp/ccfFywsT.s 			page 26


 523:Drivers/STM32F0xx_HAL_Driver/Src/stm32f0xx_hal_exti.c **** 
 524:Drivers/STM32F0xx_HAL_Driver/Src/stm32f0xx_hal_exti.c ****   /* Compute line mask */
 525:Drivers/STM32F0xx_HAL_Driver/Src/stm32f0xx_hal_exti.c ****   maskline = (1uL << (hexti->Line & EXTI_PIN_MASK));
 857              		.loc 1 525 3 view .LVU271
 858              		.loc 1 525 28 is_stmt 0 view .LVU272
 859 0000 0368     		ldr	r3, [r0]
 860              		.loc 1 525 35 view .LVU273
 861 0002 1F22     		movs	r2, #31
 862 0004 1A40     		ands	r2, r3
 863              		.loc 1 525 12 view .LVU274
 864 0006 0123     		movs	r3, #1
 865 0008 9340     		lsls	r3, r3, r2
 866              	.LVL71:
 526:Drivers/STM32F0xx_HAL_Driver/Src/stm32f0xx_hal_exti.c **** 
 527:Drivers/STM32F0xx_HAL_Driver/Src/stm32f0xx_hal_exti.c ****   /* Generate Software interrupt */
 528:Drivers/STM32F0xx_HAL_Driver/Src/stm32f0xx_hal_exti.c ****   EXTI->SWIER = maskline;
 867              		.loc 1 528 3 is_stmt 1 view .LVU275
 868              		.loc 1 528 15 is_stmt 0 view .LVU276
 869 000a 014A     		ldr	r2, .L55
 870 000c 1361     		str	r3, [r2, #16]
 529:Drivers/STM32F0xx_HAL_Driver/Src/stm32f0xx_hal_exti.c **** }
 871              		.loc 1 529 1 view .LVU277
 872              		@ sp needed
 873 000e 7047     		bx	lr
 874              	.L56:
 875              		.align	2
 876              	.L55:
 877 0010 00040140 		.word	1073808384
 878              		.cfi_endproc
 879              	.LFE48:
 881              		.text
 882              	.Letext0:
 883              		.file 2 "Drivers/CMSIS/Device/ST/STM32F0xx/Include/stm32f051x8.h"
 884              		.file 3 "/usr/lib/gcc/arm-none-eabi/10.3.1/include/stdint.h"
 885              		.file 4 "Drivers/STM32F0xx_HAL_Driver/Inc/stm32f0xx_hal_def.h"
 886              		.file 5 "Drivers/STM32F0xx_HAL_Driver/Inc/stm32f0xx_hal_exti.h"
ARM GAS  /tmp/ccfFywsT.s 			page 27


DEFINED SYMBOLS
                            *ABS*:0000000000000000 stm32f0xx_hal_exti.c
     /tmp/ccfFywsT.s:16     .text.HAL_EXTI_SetConfigLine:0000000000000000 $t
     /tmp/ccfFywsT.s:24     .text.HAL_EXTI_SetConfigLine:0000000000000000 HAL_EXTI_SetConfigLine
     /tmp/ccfFywsT.s:234    .text.HAL_EXTI_SetConfigLine:00000000000000b4 $d
     /tmp/ccfFywsT.s:240    .text.HAL_EXTI_GetConfigLine:0000000000000000 $t
     /tmp/ccfFywsT.s:247    .text.HAL_EXTI_GetConfigLine:0000000000000000 HAL_EXTI_GetConfigLine
     /tmp/ccfFywsT.s:427    .text.HAL_EXTI_GetConfigLine:0000000000000098 $d
     /tmp/ccfFywsT.s:433    .text.HAL_EXTI_ClearConfigLine:0000000000000000 $t
     /tmp/ccfFywsT.s:440    .text.HAL_EXTI_ClearConfigLine:0000000000000000 HAL_EXTI_ClearConfigLine
     /tmp/ccfFywsT.s:580    .text.HAL_EXTI_ClearConfigLine:0000000000000068 $d
     /tmp/ccfFywsT.s:586    .text.HAL_EXTI_RegisterCallback:0000000000000000 $t
     /tmp/ccfFywsT.s:593    .text.HAL_EXTI_RegisterCallback:0000000000000000 HAL_EXTI_RegisterCallback
     /tmp/ccfFywsT.s:628    .text.HAL_EXTI_GetHandle:0000000000000000 $t
     /tmp/ccfFywsT.s:635    .text.HAL_EXTI_GetHandle:0000000000000000 HAL_EXTI_GetHandle
     /tmp/ccfFywsT.s:670    .text.HAL_EXTI_IRQHandler:0000000000000000 $t
     /tmp/ccfFywsT.s:677    .text.HAL_EXTI_IRQHandler:0000000000000000 HAL_EXTI_IRQHandler
     /tmp/ccfFywsT.s:733    .text.HAL_EXTI_IRQHandler:0000000000000024 $d
     /tmp/ccfFywsT.s:738    .text.HAL_EXTI_GetPending:0000000000000000 $t
     /tmp/ccfFywsT.s:745    .text.HAL_EXTI_GetPending:0000000000000000 HAL_EXTI_GetPending
     /tmp/ccfFywsT.s:790    .text.HAL_EXTI_GetPending:0000000000000014 $d
     /tmp/ccfFywsT.s:795    .text.HAL_EXTI_ClearPending:0000000000000000 $t
     /tmp/ccfFywsT.s:802    .text.HAL_EXTI_ClearPending:0000000000000000 HAL_EXTI_ClearPending
     /tmp/ccfFywsT.s:834    .text.HAL_EXTI_ClearPending:0000000000000010 $d
     /tmp/ccfFywsT.s:839    .text.HAL_EXTI_GenerateSWI:0000000000000000 $t
     /tmp/ccfFywsT.s:846    .text.HAL_EXTI_GenerateSWI:0000000000000000 HAL_EXTI_GenerateSWI
     /tmp/ccfFywsT.s:877    .text.HAL_EXTI_GenerateSWI:0000000000000010 $d

NO UNDEFINED SYMBOLS
