ARM GAS  /tmp/ccQ9Flzl.s 			page 1


   1              		.cpu cortex-m0
   2              		.eabi_attribute 20, 1
   3              		.eabi_attribute 21, 1
   4              		.eabi_attribute 23, 3
   5              		.eabi_attribute 24, 1
   6              		.eabi_attribute 25, 1
   7              		.eabi_attribute 26, 1
   8              		.eabi_attribute 30, 1
   9              		.eabi_attribute 34, 0
  10              		.eabi_attribute 18, 4
  11              		.file	"usart.c"
  12              		.text
  13              	.Ltext0:
  14              		.cfi_sections	.debug_frame
  15              		.section	.text.MX_USART2_UART_Init,"ax",%progbits
  16              		.align	1
  17              		.global	MX_USART2_UART_Init
  18              		.arch armv6s-m
  19              		.syntax unified
  20              		.code	16
  21              		.thumb_func
  22              		.fpu softvfp
  24              	MX_USART2_UART_Init:
  25              	.LFB40:
  26              		.file 1 "Core/Src/usart.c"
   1:Core/Src/usart.c **** /* USER CODE BEGIN Header */
   2:Core/Src/usart.c **** /**
   3:Core/Src/usart.c ****   ******************************************************************************
   4:Core/Src/usart.c ****   * @file    usart.c
   5:Core/Src/usart.c ****   * @brief   This file provides code for the configuration
   6:Core/Src/usart.c ****   *          of the USART instances.
   7:Core/Src/usart.c ****   ******************************************************************************
   8:Core/Src/usart.c ****   * @attention
   9:Core/Src/usart.c ****   *
  10:Core/Src/usart.c ****   * Copyright (c) 2024 STMicroelectronics.
  11:Core/Src/usart.c ****   * All rights reserved.
  12:Core/Src/usart.c ****   *
  13:Core/Src/usart.c ****   * This software is licensed under terms that can be found in the LICENSE file
  14:Core/Src/usart.c ****   * in the root directory of this software component.
  15:Core/Src/usart.c ****   * If no LICENSE file comes with this software, it is provided AS-IS.
  16:Core/Src/usart.c ****   *
  17:Core/Src/usart.c ****   ******************************************************************************
  18:Core/Src/usart.c ****   */
  19:Core/Src/usart.c **** /* USER CODE END Header */
  20:Core/Src/usart.c **** /* Includes ------------------------------------------------------------------*/
  21:Core/Src/usart.c **** #include "usart.h"
  22:Core/Src/usart.c **** 
  23:Core/Src/usart.c **** /* USER CODE BEGIN 0 */
  24:Core/Src/usart.c **** 
  25:Core/Src/usart.c **** /* USER CODE END 0 */
  26:Core/Src/usart.c **** 
  27:Core/Src/usart.c **** UART_HandleTypeDef huart2;
  28:Core/Src/usart.c **** 
  29:Core/Src/usart.c **** /* USART2 init function */
  30:Core/Src/usart.c **** 
  31:Core/Src/usart.c **** void MX_USART2_UART_Init(void)
  32:Core/Src/usart.c **** {
ARM GAS  /tmp/ccQ9Flzl.s 			page 2


  27              		.loc 1 32 1 view -0
  28              		.cfi_startproc
  29              		@ args = 0, pretend = 0, frame = 0
  30              		@ frame_needed = 0, uses_anonymous_args = 0
  31 0000 10B5     		push	{r4, lr}
  32              	.LCFI0:
  33              		.cfi_def_cfa_offset 8
  34              		.cfi_offset 4, -8
  35              		.cfi_offset 14, -4
  33:Core/Src/usart.c **** 
  34:Core/Src/usart.c ****   /* USER CODE BEGIN USART2_Init 0 */
  35:Core/Src/usart.c **** 
  36:Core/Src/usart.c ****   /* USER CODE END USART2_Init 0 */
  37:Core/Src/usart.c **** 
  38:Core/Src/usart.c ****   /* USER CODE BEGIN USART2_Init 1 */
  39:Core/Src/usart.c **** 
  40:Core/Src/usart.c ****   /* USER CODE END USART2_Init 1 */
  41:Core/Src/usart.c ****   huart2.Instance = USART2;
  36              		.loc 1 41 3 view .LVU1
  37              		.loc 1 41 19 is_stmt 0 view .LVU2
  38 0002 0C48     		ldr	r0, .L4
  39 0004 0C4B     		ldr	r3, .L4+4
  40 0006 0360     		str	r3, [r0]
  42:Core/Src/usart.c ****   huart2.Init.BaudRate = 115200;
  41              		.loc 1 42 3 is_stmt 1 view .LVU3
  42              		.loc 1 42 24 is_stmt 0 view .LVU4
  43 0008 E123     		movs	r3, #225
  44 000a 5B02     		lsls	r3, r3, #9
  45 000c 4360     		str	r3, [r0, #4]
  43:Core/Src/usart.c ****   huart2.Init.WordLength = UART_WORDLENGTH_8B;
  46              		.loc 1 43 3 is_stmt 1 view .LVU5
  47              		.loc 1 43 26 is_stmt 0 view .LVU6
  48 000e 0023     		movs	r3, #0
  49 0010 8360     		str	r3, [r0, #8]
  44:Core/Src/usart.c ****   huart2.Init.StopBits = UART_STOPBITS_1;
  50              		.loc 1 44 3 is_stmt 1 view .LVU7
  51              		.loc 1 44 24 is_stmt 0 view .LVU8
  52 0012 C360     		str	r3, [r0, #12]
  45:Core/Src/usart.c ****   huart2.Init.Parity = UART_PARITY_NONE;
  53              		.loc 1 45 3 is_stmt 1 view .LVU9
  54              		.loc 1 45 22 is_stmt 0 view .LVU10
  55 0014 0361     		str	r3, [r0, #16]
  46:Core/Src/usart.c ****   huart2.Init.Mode = UART_MODE_TX_RX;
  56              		.loc 1 46 3 is_stmt 1 view .LVU11
  57              		.loc 1 46 20 is_stmt 0 view .LVU12
  58 0016 0C22     		movs	r2, #12
  59 0018 4261     		str	r2, [r0, #20]
  47:Core/Src/usart.c ****   huart2.Init.HwFlowCtl = UART_HWCONTROL_NONE;
  60              		.loc 1 47 3 is_stmt 1 view .LVU13
  61              		.loc 1 47 25 is_stmt 0 view .LVU14
  62 001a 8361     		str	r3, [r0, #24]
  48:Core/Src/usart.c ****   huart2.Init.OverSampling = UART_OVERSAMPLING_16;
  63              		.loc 1 48 3 is_stmt 1 view .LVU15
  64              		.loc 1 48 28 is_stmt 0 view .LVU16
  65 001c C361     		str	r3, [r0, #28]
  49:Core/Src/usart.c ****   huart2.Init.OneBitSampling = UART_ONE_BIT_SAMPLE_DISABLE;
  66              		.loc 1 49 3 is_stmt 1 view .LVU17
ARM GAS  /tmp/ccQ9Flzl.s 			page 3


  67              		.loc 1 49 30 is_stmt 0 view .LVU18
  68 001e 0362     		str	r3, [r0, #32]
  50:Core/Src/usart.c ****   huart2.AdvancedInit.AdvFeatureInit = UART_ADVFEATURE_NO_INIT;
  69              		.loc 1 50 3 is_stmt 1 view .LVU19
  70              		.loc 1 50 38 is_stmt 0 view .LVU20
  71 0020 4362     		str	r3, [r0, #36]
  51:Core/Src/usart.c ****   if (HAL_UART_Init(&huart2) != HAL_OK)
  72              		.loc 1 51 3 is_stmt 1 view .LVU21
  73              		.loc 1 51 7 is_stmt 0 view .LVU22
  74 0022 FFF7FEFF 		bl	HAL_UART_Init
  75              	.LVL0:
  76              		.loc 1 51 6 view .LVU23
  77 0026 0028     		cmp	r0, #0
  78 0028 00D1     		bne	.L3
  79              	.L1:
  52:Core/Src/usart.c ****   {
  53:Core/Src/usart.c ****     Error_Handler();
  54:Core/Src/usart.c ****   }
  55:Core/Src/usart.c ****   /* USER CODE BEGIN USART2_Init 2 */
  56:Core/Src/usart.c **** 
  57:Core/Src/usart.c ****   /* USER CODE END USART2_Init 2 */
  58:Core/Src/usart.c **** 
  59:Core/Src/usart.c **** }
  80              		.loc 1 59 1 view .LVU24
  81              		@ sp needed
  82 002a 10BD     		pop	{r4, pc}
  83              	.L3:
  53:Core/Src/usart.c ****   }
  84              		.loc 1 53 5 is_stmt 1 view .LVU25
  85 002c FFF7FEFF 		bl	Error_Handler
  86              	.LVL1:
  87              		.loc 1 59 1 is_stmt 0 view .LVU26
  88 0030 FBE7     		b	.L1
  89              	.L5:
  90 0032 C046     		.align	2
  91              	.L4:
  92 0034 00000000 		.word	huart2
  93 0038 00440040 		.word	1073759232
  94              		.cfi_endproc
  95              	.LFE40:
  97              		.section	.text.HAL_UART_MspInit,"ax",%progbits
  98              		.align	1
  99              		.global	HAL_UART_MspInit
 100              		.syntax unified
 101              		.code	16
 102              		.thumb_func
 103              		.fpu softvfp
 105              	HAL_UART_MspInit:
 106              	.LVL2:
 107              	.LFB41:
  60:Core/Src/usart.c **** 
  61:Core/Src/usart.c **** void HAL_UART_MspInit(UART_HandleTypeDef* uartHandle)
  62:Core/Src/usart.c **** {
 108              		.loc 1 62 1 is_stmt 1 view -0
 109              		.cfi_startproc
 110              		@ args = 0, pretend = 0, frame = 32
 111              		@ frame_needed = 0, uses_anonymous_args = 0
ARM GAS  /tmp/ccQ9Flzl.s 			page 4


 112              		.loc 1 62 1 is_stmt 0 view .LVU28
 113 0000 10B5     		push	{r4, lr}
 114              	.LCFI1:
 115              		.cfi_def_cfa_offset 8
 116              		.cfi_offset 4, -8
 117              		.cfi_offset 14, -4
 118 0002 88B0     		sub	sp, sp, #32
 119              	.LCFI2:
 120              		.cfi_def_cfa_offset 40
 121 0004 0400     		movs	r4, r0
  63:Core/Src/usart.c **** 
  64:Core/Src/usart.c ****   GPIO_InitTypeDef GPIO_InitStruct = {0};
 122              		.loc 1 64 3 is_stmt 1 view .LVU29
 123              		.loc 1 64 20 is_stmt 0 view .LVU30
 124 0006 1422     		movs	r2, #20
 125 0008 0021     		movs	r1, #0
 126 000a 03A8     		add	r0, sp, #12
 127              	.LVL3:
 128              		.loc 1 64 20 view .LVU31
 129 000c FFF7FEFF 		bl	memset
 130              	.LVL4:
  65:Core/Src/usart.c ****   if(uartHandle->Instance==USART2)
 131              		.loc 1 65 3 is_stmt 1 view .LVU32
 132              		.loc 1 65 16 is_stmt 0 view .LVU33
 133 0010 2268     		ldr	r2, [r4]
 134              		.loc 1 65 5 view .LVU34
 135 0012 164B     		ldr	r3, .L9
 136 0014 9A42     		cmp	r2, r3
 137 0016 01D0     		beq	.L8
 138              	.L6:
  66:Core/Src/usart.c ****   {
  67:Core/Src/usart.c ****   /* USER CODE BEGIN USART2_MspInit 0 */
  68:Core/Src/usart.c **** 
  69:Core/Src/usart.c ****   /* USER CODE END USART2_MspInit 0 */
  70:Core/Src/usart.c ****     /* USART2 clock enable */
  71:Core/Src/usart.c ****     __HAL_RCC_USART2_CLK_ENABLE();
  72:Core/Src/usart.c **** 
  73:Core/Src/usart.c ****     __HAL_RCC_GPIOA_CLK_ENABLE();
  74:Core/Src/usart.c ****     /**USART2 GPIO Configuration
  75:Core/Src/usart.c ****     PA2     ------> USART2_TX
  76:Core/Src/usart.c ****     PA3     ------> USART2_RX
  77:Core/Src/usart.c ****     */
  78:Core/Src/usart.c ****     GPIO_InitStruct.Pin = GPIO_PIN_2|GPIO_PIN_3;
  79:Core/Src/usart.c ****     GPIO_InitStruct.Mode = GPIO_MODE_AF_PP;
  80:Core/Src/usart.c ****     GPIO_InitStruct.Pull = GPIO_NOPULL;
  81:Core/Src/usart.c ****     GPIO_InitStruct.Speed = GPIO_SPEED_FREQ_HIGH;
  82:Core/Src/usart.c ****     GPIO_InitStruct.Alternate = GPIO_AF1_USART2;
  83:Core/Src/usart.c ****     HAL_GPIO_Init(GPIOA, &GPIO_InitStruct);
  84:Core/Src/usart.c **** 
  85:Core/Src/usart.c ****     /* USART2 interrupt Init */
  86:Core/Src/usart.c ****     HAL_NVIC_SetPriority(USART2_IRQn, 0, 0);
  87:Core/Src/usart.c ****     HAL_NVIC_EnableIRQ(USART2_IRQn);
  88:Core/Src/usart.c ****   /* USER CODE BEGIN USART2_MspInit 1 */
  89:Core/Src/usart.c **** 
  90:Core/Src/usart.c ****   /* USER CODE END USART2_MspInit 1 */
  91:Core/Src/usart.c ****   }
  92:Core/Src/usart.c **** }
ARM GAS  /tmp/ccQ9Flzl.s 			page 5


 139              		.loc 1 92 1 view .LVU35
 140 0018 08B0     		add	sp, sp, #32
 141              		@ sp needed
 142              	.LVL5:
 143              		.loc 1 92 1 view .LVU36
 144 001a 10BD     		pop	{r4, pc}
 145              	.LVL6:
 146              	.L8:
  71:Core/Src/usart.c **** 
 147              		.loc 1 71 5 is_stmt 1 view .LVU37
 148              	.LBB2:
  71:Core/Src/usart.c **** 
 149              		.loc 1 71 5 view .LVU38
  71:Core/Src/usart.c **** 
 150              		.loc 1 71 5 view .LVU39
 151 001c 144B     		ldr	r3, .L9+4
 152 001e D969     		ldr	r1, [r3, #28]
 153 0020 8022     		movs	r2, #128
 154 0022 9202     		lsls	r2, r2, #10
 155 0024 1143     		orrs	r1, r2
 156 0026 D961     		str	r1, [r3, #28]
  71:Core/Src/usart.c **** 
 157              		.loc 1 71 5 view .LVU40
 158 0028 D969     		ldr	r1, [r3, #28]
 159 002a 1140     		ands	r1, r2
 160 002c 0191     		str	r1, [sp, #4]
  71:Core/Src/usart.c **** 
 161              		.loc 1 71 5 view .LVU41
 162 002e 0199     		ldr	r1, [sp, #4]
 163              	.LBE2:
  71:Core/Src/usart.c **** 
 164              		.loc 1 71 5 view .LVU42
  73:Core/Src/usart.c ****     /**USART2 GPIO Configuration
 165              		.loc 1 73 5 view .LVU43
 166              	.LBB3:
  73:Core/Src/usart.c ****     /**USART2 GPIO Configuration
 167              		.loc 1 73 5 view .LVU44
  73:Core/Src/usart.c ****     /**USART2 GPIO Configuration
 168              		.loc 1 73 5 view .LVU45
 169 0030 5969     		ldr	r1, [r3, #20]
 170 0032 1143     		orrs	r1, r2
 171 0034 5961     		str	r1, [r3, #20]
  73:Core/Src/usart.c ****     /**USART2 GPIO Configuration
 172              		.loc 1 73 5 view .LVU46
 173 0036 5B69     		ldr	r3, [r3, #20]
 174 0038 1A40     		ands	r2, r3
 175 003a 0292     		str	r2, [sp, #8]
  73:Core/Src/usart.c ****     /**USART2 GPIO Configuration
 176              		.loc 1 73 5 view .LVU47
 177 003c 029B     		ldr	r3, [sp, #8]
 178              	.LBE3:
  73:Core/Src/usart.c ****     /**USART2 GPIO Configuration
 179              		.loc 1 73 5 view .LVU48
  78:Core/Src/usart.c ****     GPIO_InitStruct.Mode = GPIO_MODE_AF_PP;
 180              		.loc 1 78 5 view .LVU49
  78:Core/Src/usart.c ****     GPIO_InitStruct.Mode = GPIO_MODE_AF_PP;
 181              		.loc 1 78 25 is_stmt 0 view .LVU50
ARM GAS  /tmp/ccQ9Flzl.s 			page 6


 182 003e 0C23     		movs	r3, #12
 183 0040 0393     		str	r3, [sp, #12]
  79:Core/Src/usart.c ****     GPIO_InitStruct.Pull = GPIO_NOPULL;
 184              		.loc 1 79 5 is_stmt 1 view .LVU51
  79:Core/Src/usart.c ****     GPIO_InitStruct.Pull = GPIO_NOPULL;
 185              		.loc 1 79 26 is_stmt 0 view .LVU52
 186 0042 0A3B     		subs	r3, r3, #10
 187 0044 0493     		str	r3, [sp, #16]
  80:Core/Src/usart.c ****     GPIO_InitStruct.Speed = GPIO_SPEED_FREQ_HIGH;
 188              		.loc 1 80 5 is_stmt 1 view .LVU53
  81:Core/Src/usart.c ****     GPIO_InitStruct.Alternate = GPIO_AF1_USART2;
 189              		.loc 1 81 5 view .LVU54
  81:Core/Src/usart.c ****     GPIO_InitStruct.Alternate = GPIO_AF1_USART2;
 190              		.loc 1 81 27 is_stmt 0 view .LVU55
 191 0046 0133     		adds	r3, r3, #1
 192 0048 0693     		str	r3, [sp, #24]
  82:Core/Src/usart.c ****     HAL_GPIO_Init(GPIOA, &GPIO_InitStruct);
 193              		.loc 1 82 5 is_stmt 1 view .LVU56
  82:Core/Src/usart.c ****     HAL_GPIO_Init(GPIOA, &GPIO_InitStruct);
 194              		.loc 1 82 31 is_stmt 0 view .LVU57
 195 004a 023B     		subs	r3, r3, #2
 196 004c 0793     		str	r3, [sp, #28]
  83:Core/Src/usart.c **** 
 197              		.loc 1 83 5 is_stmt 1 view .LVU58
 198 004e 9020     		movs	r0, #144
 199 0050 03A9     		add	r1, sp, #12
 200 0052 C005     		lsls	r0, r0, #23
 201 0054 FFF7FEFF 		bl	HAL_GPIO_Init
 202              	.LVL7:
  86:Core/Src/usart.c ****     HAL_NVIC_EnableIRQ(USART2_IRQn);
 203              		.loc 1 86 5 view .LVU59
 204 0058 0022     		movs	r2, #0
 205 005a 0021     		movs	r1, #0
 206 005c 1C20     		movs	r0, #28
 207 005e FFF7FEFF 		bl	HAL_NVIC_SetPriority
 208              	.LVL8:
  87:Core/Src/usart.c ****   /* USER CODE BEGIN USART2_MspInit 1 */
 209              		.loc 1 87 5 view .LVU60
 210 0062 1C20     		movs	r0, #28
 211 0064 FFF7FEFF 		bl	HAL_NVIC_EnableIRQ
 212              	.LVL9:
 213              		.loc 1 92 1 is_stmt 0 view .LVU61
 214 0068 D6E7     		b	.L6
 215              	.L10:
 216 006a C046     		.align	2
 217              	.L9:
 218 006c 00440040 		.word	1073759232
 219 0070 00100240 		.word	1073876992
 220              		.cfi_endproc
 221              	.LFE41:
 223              		.section	.text.HAL_UART_MspDeInit,"ax",%progbits
 224              		.align	1
 225              		.global	HAL_UART_MspDeInit
 226              		.syntax unified
 227              		.code	16
 228              		.thumb_func
 229              		.fpu softvfp
ARM GAS  /tmp/ccQ9Flzl.s 			page 7


 231              	HAL_UART_MspDeInit:
 232              	.LVL10:
 233              	.LFB42:
  93:Core/Src/usart.c **** 
  94:Core/Src/usart.c **** void HAL_UART_MspDeInit(UART_HandleTypeDef* uartHandle)
  95:Core/Src/usart.c **** {
 234              		.loc 1 95 1 is_stmt 1 view -0
 235              		.cfi_startproc
 236              		@ args = 0, pretend = 0, frame = 0
 237              		@ frame_needed = 0, uses_anonymous_args = 0
 238              		.loc 1 95 1 is_stmt 0 view .LVU63
 239 0000 10B5     		push	{r4, lr}
 240              	.LCFI3:
 241              		.cfi_def_cfa_offset 8
 242              		.cfi_offset 4, -8
 243              		.cfi_offset 14, -4
  96:Core/Src/usart.c **** 
  97:Core/Src/usart.c ****   if(uartHandle->Instance==USART2)
 244              		.loc 1 97 3 is_stmt 1 view .LVU64
 245              		.loc 1 97 16 is_stmt 0 view .LVU65
 246 0002 0268     		ldr	r2, [r0]
 247              		.loc 1 97 5 view .LVU66
 248 0004 084B     		ldr	r3, .L14
 249 0006 9A42     		cmp	r2, r3
 250 0008 00D0     		beq	.L13
 251              	.LVL11:
 252              	.L11:
  98:Core/Src/usart.c ****   {
  99:Core/Src/usart.c ****   /* USER CODE BEGIN USART2_MspDeInit 0 */
 100:Core/Src/usart.c **** 
 101:Core/Src/usart.c ****   /* USER CODE END USART2_MspDeInit 0 */
 102:Core/Src/usart.c ****     /* Peripheral clock disable */
 103:Core/Src/usart.c ****     __HAL_RCC_USART2_CLK_DISABLE();
 104:Core/Src/usart.c **** 
 105:Core/Src/usart.c ****     /**USART2 GPIO Configuration
 106:Core/Src/usart.c ****     PA2     ------> USART2_TX
 107:Core/Src/usart.c ****     PA3     ------> USART2_RX
 108:Core/Src/usart.c ****     */
 109:Core/Src/usart.c ****     HAL_GPIO_DeInit(GPIOA, GPIO_PIN_2|GPIO_PIN_3);
 110:Core/Src/usart.c **** 
 111:Core/Src/usart.c ****     /* USART2 interrupt Deinit */
 112:Core/Src/usart.c ****     HAL_NVIC_DisableIRQ(USART2_IRQn);
 113:Core/Src/usart.c ****   /* USER CODE BEGIN USART2_MspDeInit 1 */
 114:Core/Src/usart.c **** 
 115:Core/Src/usart.c ****   /* USER CODE END USART2_MspDeInit 1 */
 116:Core/Src/usart.c ****   }
 117:Core/Src/usart.c **** }
 253              		.loc 1 117 1 view .LVU67
 254              		@ sp needed
 255 000a 10BD     		pop	{r4, pc}
 256              	.LVL12:
 257              	.L13:
 103:Core/Src/usart.c **** 
 258              		.loc 1 103 5 is_stmt 1 view .LVU68
 259 000c 074A     		ldr	r2, .L14+4
 260 000e D369     		ldr	r3, [r2, #28]
 261 0010 0749     		ldr	r1, .L14+8
ARM GAS  /tmp/ccQ9Flzl.s 			page 8


 262 0012 0B40     		ands	r3, r1
 263 0014 D361     		str	r3, [r2, #28]
 109:Core/Src/usart.c **** 
 264              		.loc 1 109 5 view .LVU69
 265 0016 9020     		movs	r0, #144
 266              	.LVL13:
 109:Core/Src/usart.c **** 
 267              		.loc 1 109 5 is_stmt 0 view .LVU70
 268 0018 0C21     		movs	r1, #12
 269 001a C005     		lsls	r0, r0, #23
 270 001c FFF7FEFF 		bl	HAL_GPIO_DeInit
 271              	.LVL14:
 112:Core/Src/usart.c ****   /* USER CODE BEGIN USART2_MspDeInit 1 */
 272              		.loc 1 112 5 is_stmt 1 view .LVU71
 273 0020 1C20     		movs	r0, #28
 274 0022 FFF7FEFF 		bl	HAL_NVIC_DisableIRQ
 275              	.LVL15:
 276              		.loc 1 117 1 is_stmt 0 view .LVU72
 277 0026 F0E7     		b	.L11
 278              	.L15:
 279              		.align	2
 280              	.L14:
 281 0028 00440040 		.word	1073759232
 282 002c 00100240 		.word	1073876992
 283 0030 FFFFFDFF 		.word	-131073
 284              		.cfi_endproc
 285              	.LFE42:
 287              		.global	huart2
 288              		.section	.bss.huart2,"aw",%nobits
 289              		.align	2
 292              	huart2:
 293 0000 00000000 		.space	136
 293      00000000 
 293      00000000 
 293      00000000 
 293      00000000 
 294              		.text
 295              	.Letext0:
 296              		.file 2 "/usr/lib/gcc/arm-none-eabi/10.3.1/include/stdint.h"
 297              		.file 3 "Drivers/CMSIS/Device/ST/STM32F0xx/Include/stm32f051x8.h"
 298              		.file 4 "Drivers/STM32F0xx_HAL_Driver/Inc/stm32f0xx_hal_def.h"
 299              		.file 5 "Drivers/STM32F0xx_HAL_Driver/Inc/stm32f0xx_hal_gpio.h"
 300              		.file 6 "Drivers/STM32F0xx_HAL_Driver/Inc/stm32f0xx_hal_dma.h"
 301              		.file 7 "Drivers/STM32F0xx_HAL_Driver/Inc/stm32f0xx_hal_uart.h"
 302              		.file 8 "Drivers/STM32F0xx_HAL_Driver/Inc/stm32f0xx_hal_cortex.h"
 303              		.file 9 "Core/Inc/main.h"
 304              		.file 10 "Core/Inc/usart.h"
 305              		.file 11 "<built-in>"
ARM GAS  /tmp/ccQ9Flzl.s 			page 9


DEFINED SYMBOLS
                            *ABS*:0000000000000000 usart.c
     /tmp/ccQ9Flzl.s:16     .text.MX_USART2_UART_Init:0000000000000000 $t
     /tmp/ccQ9Flzl.s:24     .text.MX_USART2_UART_Init:0000000000000000 MX_USART2_UART_Init
     /tmp/ccQ9Flzl.s:92     .text.MX_USART2_UART_Init:0000000000000034 $d
     /tmp/ccQ9Flzl.s:292    .bss.huart2:0000000000000000 huart2
     /tmp/ccQ9Flzl.s:98     .text.HAL_UART_MspInit:0000000000000000 $t
     /tmp/ccQ9Flzl.s:105    .text.HAL_UART_MspInit:0000000000000000 HAL_UART_MspInit
     /tmp/ccQ9Flzl.s:218    .text.HAL_UART_MspInit:000000000000006c $d
     /tmp/ccQ9Flzl.s:224    .text.HAL_UART_MspDeInit:0000000000000000 $t
     /tmp/ccQ9Flzl.s:231    .text.HAL_UART_MspDeInit:0000000000000000 HAL_UART_MspDeInit
     /tmp/ccQ9Flzl.s:281    .text.HAL_UART_MspDeInit:0000000000000028 $d
     /tmp/ccQ9Flzl.s:289    .bss.huart2:0000000000000000 $d

UNDEFINED SYMBOLS
HAL_UART_Init
Error_Handler
memset
HAL_GPIO_Init
HAL_NVIC_SetPriority
HAL_NVIC_EnableIRQ
HAL_GPIO_DeInit
HAL_NVIC_DisableIRQ
